[0.006s] Invoking command in '/home/aimen/auto-weed-removal/ros2_ws/build/simulation': CMAKE_PREFIX_PATH=/opt/ros/humble /usr/bin/cmake --build /home/aimen/auto-weed-removal/ros2_ws/build/simulation -- -j20 -l20
[0.025s] -- Found ament_cmake: 1.3.9 (/opt/ros/humble/share/ament_cmake/cmake)
[0.117s] -- Found ros_gz_bridge: 0.244.14 (/opt/ros/humble/share/ros_gz_bridge/cmake)
[0.139s] -- Found rosidl_generator_c: 3.1.5 (/opt/ros/humble/share/rosidl_generator_c/cmake)
[0.140s] -- Found rosidl_adapter: 3.1.5 (/opt/ros/humble/share/rosidl_adapter/cmake)
[0.144s] -- Found rosidl_generator_cpp: 3.1.5 (/opt/ros/humble/share/rosidl_generator_cpp/cmake)
[0.151s] -- Using all available rosidl_typesupport_c: rosidl_typesupport_fastrtps_c;rosidl_typesupport_introspection_c
[0.161s] -- Using all available rosidl_typesupport_cpp: rosidl_typesupport_fastrtps_cpp;rosidl_typesupport_introspection_cpp
[0.198s] -- Found rmw_implementation_cmake: 6.1.2 (/opt/ros/humble/share/rmw_implementation_cmake/cmake)
[0.199s] -- Found rmw_fastrtps_cpp: 6.2.6 (/opt/ros/humble/share/rmw_fastrtps_cpp/cmake)
[0.277s] -- Using RMW implementation 'rmw_fastrtps_cpp' as default
[0.440s] -- Found Protobuf: /usr/lib/x86_64-linux-gnu/libprotobuf.so (found suitable version "3.12.4", minimum required is "3") 
[0.486s] -- Found Protobuf: /usr/lib/x86_64-linux-gnu/libprotobuf.so (found version "3.12.4") 
[1.135s] -- Configuring done
[1.143s] -- Generating done
[1.144s] -- Build files have been written to: /home/aimen/auto-weed-removal/ros2_ws/build/simulation
[1.178s] [ 50%] [32mBuilding CXX object CMakeFiles/diff_drive_publisher.dir/src/diff_drive_publisher.cpp.o[0m
[1.229s] [100%] [32m[1mLinking CXX executable diff_drive_publisher[0m
[1.322s] /usr/bin/ld: /usr/lib/gcc/x86_64-linux-gnu/11/../../../x86_64-linux-gnu/Scrt1.o: in function `_start':
[1.322s] (.text+0x1b): undefined reference to `main'
[1.323s] collect2: error: ld returned 1 exit status
[1.324s] gmake[2]: *** [CMakeFiles/diff_drive_publisher.dir/build.make:167: diff_drive_publisher] Error 1
[1.324s] gmake[1]: *** [CMakeFiles/Makefile2:137: CMakeFiles/diff_drive_publisher.dir/all] Error 2
[1.324s] gmake: *** [Makefile:146: all] Error 2
[1.326s] Invoked command in '/home/aimen/auto-weed-removal/ros2_ws/build/simulation' returned '2': CMAKE_PREFIX_PATH=/opt/ros/humble /usr/bin/cmake --build /home/aimen/auto-weed-removal/ros2_ws/build/simulation -- -j20 -l20
