[0.006s] Invoking command in '/home/aimen/auto-weed-removal/ros2_ws/build/simulation': CMAKE_PREFIX_PATH=${CMAKE_PREFIX_PATH}:/opt/ros/humble /usr/bin/cmake --build /home/aimen/auto-weed-removal/ros2_ws/build/simulation -- -j20 -l20
[0.021s] -- Found ament_cmake: 1.3.9 (/opt/ros/humble/share/ament_cmake/cmake)
[0.107s] -- Found ros_gz_bridge: 0.244.14 (/opt/ros/humble/share/ros_gz_bridge/cmake)
[0.168s] -- Found rosidl_generator_c: 3.1.5 (/opt/ros/humble/share/rosidl_generator_c/cmake)
[0.174s] -- Found rosidl_adapter: 3.1.5 (/opt/ros/humble/share/rosidl_adapter/cmake)
[0.184s] -- Found rosidl_generator_cpp: 3.1.5 (/opt/ros/humble/share/rosidl_generator_cpp/cmake)
[0.197s] -- Using all available rosidl_typesupport_c: rosidl_typesupport_fastrtps_c;rosidl_typesupport_introspection_c
[0.212s] -- Using all available rosidl_typesupport_cpp: rosidl_typesupport_fastrtps_cpp;rosidl_typesupport_introspection_cpp
[0.267s] -- Found rmw_implementation_cmake: 6.1.2 (/opt/ros/humble/share/rmw_implementation_cmake/cmake)
[0.269s] -- Found rmw_fastrtps_cpp: 6.2.6 (/opt/ros/humble/share/rmw_fastrtps_cpp/cmake)
[0.346s] -- Found OpenSSL: /usr/lib/x86_64-linux-gnu/libcrypto.so (found version "3.0.2")  
[0.372s] -- Found FastRTPS: /opt/ros/humble/include  
[0.402s] -- Using RMW implementation 'rmw_fastrtps_cpp' as default
[0.411s] -- Looking for pthread.h
[0.469s] -- Looking for pthread.h - found
[0.470s] -- Performing Test CMAKE_HAVE_LIBC_PTHREAD
[0.554s] -- Performing Test CMAKE_HAVE_LIBC_PTHREAD - Success
[0.555s] -- Found Threads: TRUE  
[0.773s] -- Found Protobuf: /usr/lib/x86_64-linux-gnu/libprotobuf.so (found suitable version "3.12.4", minimum required is "3") 
[0.837s] -- Found Protobuf: /usr/lib/x86_64-linux-gnu/libprotobuf.so (found version "3.12.4") 
[1.539s] [31mCMake Error at /opt/ros/humble/share/ament_cmake_core/cmake/core/assert_file_exists.cmake:20 (message):
[1.539s]   ament_package() called with extra file 'ros_gz_bridge-extras.cmake.in'
[1.539s]   which does not exist
[1.539s] Call Stack (most recent call first):
[1.539s]   /opt/ros/humble/share/ament_cmake_core/cmake/core/ament_package.cmake:98 (assert_file_exists)
[1.539s]   /opt/ros/humble/share/ament_cmake_core/cmake/core/ament_package.cmake:68 (_ament_package)
[1.539s]   CMakeLists.txt:17 (ament_package)
[1.539s] 
[1.539s] [0m
[1.539s] -- Configuring incomplete, errors occurred!
[1.539s] See also "/home/aimen/auto-weed-removal/ros2_ws/build/simulation/CMakeFiles/CMakeOutput.log".
[1.546s] gmake: *** [Makefile:226: cmake_check_build_system] Error 1
[1.548s] Invoked command in '/home/aimen/auto-weed-removal/ros2_ws/build/simulation' returned '2': CMAKE_PREFIX_PATH=${CMAKE_PREFIX_PATH}:/opt/ros/humble /usr/bin/cmake --build /home/aimen/auto-weed-removal/ros2_ws/build/simulation -- -j20 -l20
