[0.007s] Invoking command in '/home/aimen/auto-weed-removal/ros2_ws/build/name_ign': CMAKE_PREFIX_PATH=${CMAKE_PREFIX_PATH}:/opt/ros/humble /usr/bin/cmake --build /home/aimen/auto-weed-removal/ros2_ws/build/name_ign -- -j20 -l20
[0.058s] Built target ament_cmake_python_copy_name_ign
[0.249s] running egg_info
[0.249s] writing name_ign.egg-info/PKG-INFO
[0.249s] writing dependency_links to name_ign.egg-info/dependency_links.txt
[0.249s] writing top-level names to name_ign.egg-info/top_level.txt
[0.250s] reading manifest file 'name_ign.egg-info/SOURCES.txt'
[0.251s] writing manifest file 'name_ign.egg-info/SOURCES.txt'
[0.266s] Built target ament_cmake_python_build_name_ign_egg
[0.274s] Invoked command in '/home/aimen/auto-weed-removal/ros2_ws/build/name_ign' returned '0': CMAKE_PREFIX_PATH=${CMAKE_PREFIX_PATH}:/opt/ros/humble /usr/bin/cmake --build /home/aimen/auto-weed-removal/ros2_ws/build/name_ign -- -j20 -l20
[0.294s] Invoking command in '/home/aimen/auto-weed-removal/ros2_ws/build/name_ign': CMAKE_PREFIX_PATH=${CMAKE_PREFIX_PATH}:/opt/ros/humble /usr/bin/cmake --install /home/aimen/auto-weed-removal/ros2_ws/build/name_ign
[0.301s] -- Install configuration: ""
[0.301s] -- Up-to-date: /home/aimen/auto-weed-removal/ros2_ws/install/name_ign/share/name_ign/environment/pythonpath.sh
[0.301s] -- Up-to-date: /home/aimen/auto-weed-removal/ros2_ws/install/name_ign/share/name_ign/environment/pythonpath.dsv
[0.301s] -- Up-to-date: /home/aimen/auto-weed-removal/ros2_ws/install/name_ign/local/lib/python3.10/dist-packages/name_ign-0.0.0-py3.10.egg-info
[0.301s] -- Installing: /home/aimen/auto-weed-removal/ros2_ws/install/name_ign/local/lib/python3.10/dist-packages/name_ign-0.0.0-py3.10.egg-info/PKG-INFO
[0.301s] -- Installing: /home/aimen/auto-weed-removal/ros2_ws/install/name_ign/local/lib/python3.10/dist-packages/name_ign-0.0.0-py3.10.egg-info/SOURCES.txt
[0.301s] -- Installing: /home/aimen/auto-weed-removal/ros2_ws/install/name_ign/local/lib/python3.10/dist-packages/name_ign-0.0.0-py3.10.egg-info/dependency_links.txt
[0.301s] -- Installing: /home/aimen/auto-weed-removal/ros2_ws/install/name_ign/local/lib/python3.10/dist-packages/name_ign-0.0.0-py3.10.egg-info/top_level.txt
[0.302s] -- Up-to-date: /home/aimen/auto-weed-removal/ros2_ws/install/name_ign/local/lib/python3.10/dist-packages/name_ign
[0.302s] -- Up-to-date: /home/aimen/auto-weed-removal/ros2_ws/install/name_ign/local/lib/python3.10/dist-packages/name_ign/__init__.py
[0.302s] -- Up-to-date: /home/aimen/auto-weed-removal/ros2_ws/install/name_ign/local/lib/python3.10/dist-packages/name_ign/dummy_module.py
[0.302s] -- Up-to-date: /home/aimen/auto-weed-removal/ros2_ws/install/name_ign/local/lib/python3.10/dist-packages/name_ign/spawner.py
[0.302s] -- Up-to-date: /home/aimen/auto-weed-removal/ros2_ws/install/name_ign/local/lib/python3.10/dist-packages/name_ign/sdf_modifier.py
[0.328s] Listing '/home/aimen/auto-weed-removal/ros2_ws/install/name_ign/local/lib/python3.10/dist-packages/name_ign'...
[0.332s] -- Up-to-date: /home/aimen/auto-weed-removal/ros2_ws/install/name_ign/lib/name_ign/dummy_script.py
[0.332s] -- Up-to-date: /home/aimen/auto-weed-removal/ros2_ws/install/name_ign/share/name_ign/config
[0.332s] -- Up-to-date: /home/aimen/auto-weed-removal/ros2_ws/install/name_ign/share/name_ign/config/fleet_info.yaml
[0.332s] -- Up-to-date: /home/aimen/auto-weed-removal/ros2_ws/install/name_ign/share/name_ign/config/ros_gz_bridge.yaml
[0.332s] -- Up-to-date: /home/aimen/auto-weed-removal/ros2_ws/install/name_ign/share/name_ign/config/node_config.yaml
[0.332s] -- Up-to-date: /home/aimen/auto-weed-removal/ros2_ws/install/name_ign/share/name_ign/config/global_bridge.yaml
[0.332s] -- Up-to-date: /home/aimen/auto-weed-removal/ros2_ws/install/name_ign/share/name_ign/config/config.rviz
[0.333s] -- Up-to-date: /home/aimen/auto-weed-removal/ros2_ws/install/name_ign/share/name_ign/config/model_info_config.yaml
[0.333s] -- Up-to-date: /home/aimen/auto-weed-removal/ros2_ws/install/name_ign/share/name_ign/config/controller_config.yaml
[0.333s] -- Up-to-date: /home/aimen/auto-weed-removal/ros2_ws/install/name_ign/share/name_ign/config/cart_controller_velocity.yaml
[0.333s] -- Up-to-date: /home/aimen/auto-weed-removal/ros2_ws/install/name_ign/share/name_ign/launch
[0.333s] -- Up-to-date: /home/aimen/auto-weed-removal/ros2_ws/install/name_ign/share/name_ign/launch/test.launch.py
[0.333s] -- Up-to-date: /home/aimen/auto-weed-removal/ros2_ws/install/name_ign/share/name_ign/launch/ideal_fleet_spawn.launch.py
[0.333s] -- Up-to-date: /home/aimen/auto-weed-removal/ros2_ws/install/name_ign/share/name_ign/launch/cart_example_velocity.launch.py
[0.333s] -- Up-to-date: /home/aimen/auto-weed-removal/ros2_ws/install/name_ign/share/name_ign/launch/crew_spawn.launch.py
[0.333s] -- Up-to-date: /home/aimen/auto-weed-removal/ros2_ws/install/name_ign/share/name_ign/launch/fleet_spawn.launch.py
[0.333s] -- Up-to-date: /home/aimen/auto-weed-removal/ros2_ws/install/name_ign/share/name_ign/launch/first_spawn.launch.py
[0.333s] -- Up-to-date: /home/aimen/auto-weed-removal/ros2_ws/install/name_ign/share/name_ign/launch/ideal_fleet_spawn_2.launch.py
[0.334s] -- Up-to-date: /home/aimen/auto-weed-removal/ros2_ws/install/name_ign/share/name_ign/launch/empty_world.launch.py
[0.334s] -- Up-to-date: /home/aimen/auto-weed-removal/ros2_ws/install/name_ign/share/name_ign/launch/single_spawn.launch.py
[0.334s] -- Up-to-date: /home/aimen/auto-weed-removal/ros2_ws/install/name_ign/share/name_ign/robot
[0.334s] -- Up-to-date: /home/aimen/auto-weed-removal/ros2_ws/install/name_ign/share/name_ign/robot/name.gazebo.xacro
[0.334s] -- Up-to-date: /home/aimen/auto-weed-removal/ros2_ws/install/name_ign/share/name_ign/robot/namespace
[0.334s] -- Up-to-date: /home/aimen/auto-weed-removal/ros2_ws/install/name_ign/share/name_ign/robot/namespace/name.gazebo.xacro
[0.334s] -- Up-to-date: /home/aimen/auto-weed-removal/ros2_ws/install/name_ign/share/name_ign/robot/namespace/controller.gazebo.xacro
[0.334s] -- Up-to-date: /home/aimen/auto-weed-removal/ros2_ws/install/name_ign/share/name_ign/robot/namespace/sensor.gazebo.xacro
[0.334s] -- Up-to-date: /home/aimen/auto-weed-removal/ros2_ws/install/name_ign/share/name_ign/robot/namespace/graphics.gazebo.xacro
[0.334s] -- Up-to-date: /home/aimen/auto-weed-removal/ros2_ws/install/name_ign/share/name_ign/robot/controller.gazebo.xacro
[0.335s] -- Up-to-date: /home/aimen/auto-weed-removal/ros2_ws/install/name_ign/share/name_ign/robot/sensor.gazebo.xacro
[0.335s] -- Up-to-date: /home/aimen/auto-weed-removal/ros2_ws/install/name_ign/share/name_ign/robot/graphics.gazebo.xacro
[0.335s] -- Up-to-date: /home/aimen/auto-weed-removal/ros2_ws/install/name_ign/share/name_ign/robot/test_cart_velocity.xacro.urdf
[0.335s] -- Up-to-date: /home/aimen/auto-weed-removal/ros2_ws/install/name_ign/share/name_ign/robot/cart.gazebo.xacro
[0.335s] -- Up-to-date: /home/aimen/auto-weed-removal/ros2_ws/install/name_ign/share/name_ign/world
[0.335s] -- Up-to-date: /home/aimen/auto-weed-removal/ros2_ws/install/name_ign/share/name_ign/world/cozy_cottage
[0.335s] -- Up-to-date: /home/aimen/auto-weed-removal/ros2_ws/install/name_ign/share/name_ign/world/cozy_cottage/source
[0.335s] -- Up-to-date: /home/aimen/auto-weed-removal/ros2_ws/install/name_ign/share/name_ign/world/cozy_cottage/source/Garage_Door_Frames_Base_Color.jpg
[0.335s] -- Up-to-date: /home/aimen/auto-weed-removal/ros2_ws/install/name_ign/share/name_ign/world/cozy_cottage/source/Bathroom_Window_Interior_Casing_Base_Color.jpg
[0.335s] -- Up-to-date: /home/aimen/auto-weed-removal/ros2_ws/install/name_ign/share/name_ign/world/cozy_cottage/source/Basement_Windows_Base_Color.jpg
[0.335s] -- Up-to-date: /home/aimen/auto-weed-removal/ros2_ws/install/name_ign/share/name_ign/world/cozy_cottage/source/Kitchen_Sink_Base_Color.jpg
[0.335s] -- Up-to-date: /home/aimen/auto-weed-removal/ros2_ws/install/name_ign/share/name_ign/world/cozy_cottage/source/Kitchen_Counter_Backsplash_Base_Color.jpg
[0.335s] -- Up-to-date: /home/aimen/auto-weed-removal/ros2_ws/install/name_ign/share/name_ign/world/cozy_cottage/source/Bathroom_Shower_Tile_Base_Color.jpg
[0.335s] -- Up-to-date: /home/aimen/auto-weed-removal/ros2_ws/install/name_ign/share/name_ign/world/cozy_cottage/source/Garage_Entry_Door_Base_Color.jpg
[0.336s] -- Up-to-date: /home/aimen/auto-weed-removal/ros2_ws/install/name_ign/share/name_ign/world/cozy_cottage/source/Interior_Casings_Base_Color.jpg
[0.336s] -- Up-to-date: /home/aimen/auto-weed-removal/ros2_ws/install/name_ign/share/name_ign/world/cozy_cottage/source/Siding_Base_Color.jpg
[0.336s] -- Up-to-date: /home/aimen/auto-weed-removal/ros2_ws/install/name_ign/share/name_ign/world/cozy_cottage/source/Porch_Light_01_Base_Color.jpg
[0.336s] -- Up-to-date: /home/aimen/auto-weed-removal/ros2_ws/install/name_ign/share/name_ign/world/cozy_cottage/source/Front_Porch_Brick_Base_Color.jpg
[0.336s] -- Up-to-date: /home/aimen/auto-weed-removal/ros2_ws/install/name_ign/share/name_ign/world/cozy_cottage/source/Front_Porch_Trim_Base_Color.jpg
[0.336s] -- Up-to-date: /home/aimen/auto-weed-removal/ros2_ws/install/name_ign/share/name_ign/world/cozy_cottage/source/Heat Register Texture.jpg
[0.336s] -- Up-to-date: /home/aimen/auto-weed-removal/ros2_ws/install/name_ign/share/name_ign/world/cozy_cottage/source/Window_Base_Color.jpg
[0.336s] -- Up-to-date: /home/aimen/auto-weed-removal/ros2_ws/install/name_ign/share/name_ign/world/cozy_cottage/source/Showerhead_Base_Color.jpg
[0.336s] -- Up-to-date: /home/aimen/auto-weed-removal/ros2_ws/install/name_ign/share/name_ign/world/cozy_cottage/source/cozy-cottage-dae.dae
[0.336s] -- Up-to-date: /home/aimen/auto-weed-removal/ros2_ws/install/name_ign/share/name_ign/world/cozy_cottage/source/Back_Porch_Stairs_Base_Color.jpg
[0.336s] -- Up-to-date: /home/aimen/auto-weed-removal/ros2_ws/install/name_ign/share/name_ign/world/cozy_cottage/source/Toilet_Hardware_Base_Color.jpg
[0.336s] -- Up-to-date: /home/aimen/auto-weed-removal/ros2_ws/install/name_ign/share/name_ign/world/cozy_cottage/source/Garage_Door_Base_Color.jpg
[0.336s] -- Up-to-date: /home/aimen/auto-weed-removal/ros2_ws/install/name_ign/share/name_ign/world/cozy_cottage/source/Electric Meter.jpg
[0.336s] -- Up-to-date: /home/aimen/auto-weed-removal/ros2_ws/install/name_ign/share/name_ign/world/cozy_cottage/source/Basement_Stairs_Base_Color.jpg
[0.336s] -- Up-to-date: /home/aimen/auto-weed-removal/ros2_ws/install/name_ign/share/name_ign/world/cozy_cottage/source/Bathroom_Medicine_Cabinet_Knob_Base_Color.jpg
[0.336s] -- Up-to-date: /home/aimen/auto-weed-removal/ros2_ws/install/name_ign/share/name_ign/world/cozy_cottage/source/Brass_Base_Color.jpg
[0.336s] -- Up-to-date: /home/aimen/auto-weed-removal/ros2_ws/install/name_ign/share/name_ign/world/cozy_cottage/source/Floor_Boards_Base_Color.jpg
[0.336s] -- Up-to-date: /home/aimen/auto-weed-removal/ros2_ws/install/name_ign/share/name_ign/world/cozy_cottage/source/Kitchen_Cabinet_Drawer_Pull_Base_Color.jpg
[0.336s] -- Up-to-date: /home/aimen/auto-weed-removal/ros2_ws/install/name_ign/share/name_ign/world/cozy_cottage/source/Hardwood_Base_Color.jpg
[0.336s] -- Up-to-date: /home/aimen/auto-weed-removal/ros2_ws/install/name_ign/share/name_ign/world/cozy_cottage/source/Basement_Paneling_Base_Color.jpg
[0.337s] -- Up-to-date: /home/aimen/auto-weed-removal/ros2_ws/install/name_ign/share/name_ign/world/cozy_cottage/source/Bathroom_Sink_Base_Color.jpg
[0.337s] -- Up-to-date: /home/aimen/auto-weed-removal/ros2_ws/install/name_ign/share/name_ign/world/cozy_cottage/source/Speed_Limit_Sign_Base_Color.jpg
[0.337s] -- Up-to-date: /home/aimen/auto-weed-removal/ros2_ws/install/name_ign/share/name_ign/world/cozy_cottage/source/Front_Door_Base_Color.jpg
[0.337s] -- Up-to-date: /home/aimen/auto-weed-removal/ros2_ws/install/name_ign/share/name_ign/world/cozy_cottage/source/Garage_Door_Track_Base_Color.jpg
[0.337s] -- Up-to-date: /home/aimen/auto-weed-removal/ros2_ws/install/name_ign/share/name_ign/world/cozy_cottage/source/Shingles_Base_Color.jpg
[0.337s] -- Up-to-date: /home/aimen/auto-weed-removal/ros2_ws/install/name_ign/share/name_ign/world/cozy_cottage/source/Kitchen_Cabinet_Doors_Base_Color.jpg
[0.337s] -- Up-to-date: /home/aimen/auto-weed-removal/ros2_ws/install/name_ign/share/name_ign/world/cozy_cottage/source/Vent_Pipe_Base_Color.jpg
[0.337s] -- Up-to-date: /home/aimen/auto-weed-removal/ros2_ws/install/name_ign/share/name_ign/world/cozy_cottage/source/Electric_Meter_Box_Base_Color.jpg
[0.337s] -- Up-to-date: /home/aimen/auto-weed-removal/ros2_ws/install/name_ign/share/name_ign/world/cozy_cottage/source/Lally_Columns_Base_Color.jpg
[0.337s] -- Up-to-date: /home/aimen/auto-weed-removal/ros2_ws/install/name_ign/share/name_ign/world/cozy_cottage/source/Garage_Door_Hardware_Base_Color.jpg
[0.337s] -- Up-to-date: /home/aimen/auto-weed-removal/ros2_ws/install/name_ign/share/name_ign/world/cozy_cottage/source/Bathroom_Faucet_Base_Color.jpg
[0.337s] -- Up-to-date: /home/aimen/auto-weed-removal/ros2_ws/install/name_ign/share/name_ign/world/cozy_cottage/source/Kitchen_Cabinets_Base_Color.jpg
[0.337s] -- Up-to-date: /home/aimen/auto-weed-removal/ros2_ws/install/name_ign/share/name_ign/world/cozy_cottage/source/Garage_Roof_Sheating_Base_Color.jpg
[0.337s] -- Up-to-date: /home/aimen/auto-weed-removal/ros2_ws/install/name_ign/share/name_ign/world/cozy_cottage/source/Passage_Door_Hardware_Base_Color.jpg
[0.337s] -- Up-to-date: /home/aimen/auto-weed-removal/ros2_ws/install/name_ign/share/name_ign/world/cozy_cottage/source/Fence_Panel_Base_Color.jpg
[0.337s] -- Up-to-date: /home/aimen/auto-weed-removal/ros2_ws/install/name_ign/share/name_ign/world/cozy_cottage/source/Basement_Floor_Base_Color.jpg
[0.337s] -- Up-to-date: /home/aimen/auto-weed-removal/ros2_ws/install/name_ign/share/name_ign/world/cozy_cottage/source/Basement_Beam_Base_Color.jpg
[0.337s] -- Up-to-date: /home/aimen/auto-weed-removal/ros2_ws/install/name_ign/share/name_ign/world/cozy_cottage/source/Kitchen_Faucet_Base_Color.jpg
[0.337s] -- Up-to-date: /home/aimen/auto-weed-removal/ros2_ws/install/name_ign/share/name_ign/world/cozy_cottage/source/Toilet_Seat_Base_Color.jpg
[0.337s] -- Up-to-date: /home/aimen/auto-weed-removal/ros2_ws/install/name_ign/share/name_ign/world/cozy_cottage/source/Bathroom_Paneling_Base_Color.jpg
[0.337s] -- Up-to-date: /home/aimen/auto-weed-removal/ros2_ws/install/name_ign/share/name_ign/world/cozy_cottage/source/Stair_Rail_Base_Color.jpg
[0.337s] -- Up-to-date: /home/aimen/auto-weed-removal/ros2_ws/install/name_ign/share/name_ign/world/cozy_cottage/source/Garage_Exterior_Trim_Base_Color.jpg
[0.338s] -- Up-to-date: /home/aimen/auto-weed-removal/ros2_ws/install/name_ign/share/name_ign/world/cozy_cottage/source/Road_Base_Color.jpg
[0.338s] -- Up-to-date: /home/aimen/auto-weed-removal/ros2_ws/install/name_ign/share/name_ign/world/cozy_cottage/source/Garage_Shingles_Base_Color.jpg
[0.338s] -- Up-to-date: /home/aimen/auto-weed-removal/ros2_ws/install/name_ign/share/name_ign/world/cozy_cottage/source/Toilet_Porcelain_Base_Color.jpg
[0.338s] -- Up-to-date: /home/aimen/auto-weed-removal/ros2_ws/install/name_ign/share/name_ign/world/cozy_cottage/source/Sidewalk_Base_Color.jpg
[0.338s] -- Up-to-date: /home/aimen/auto-weed-removal/ros2_ws/install/name_ign/share/name_ign/world/cozy_cottage/source/Stairwell_Wall_Framing_Base_Color.jpg
[0.338s] -- Up-to-date: /home/aimen/auto-weed-removal/ros2_ws/install/name_ign/share/name_ign/world/cozy_cottage/source/Street_Light_Base_Color.jpg
[0.338s] -- Up-to-date: /home/aimen/auto-weed-removal/ros2_ws/install/name_ign/share/name_ign/world/cozy_cottage/source/Bathroom_Cabinet_Base_Color.jpg
[0.338s] -- Up-to-date: /home/aimen/auto-weed-removal/ros2_ws/install/name_ign/share/name_ign/world/cozy_cottage/source/Garage_Framing_Base_Color.jpg
[0.338s] -- Up-to-date: /home/aimen/auto-weed-removal/ros2_ws/install/name_ign/share/name_ign/world/cozy_cottage/source/Garage_Slab_Base_Color.jpg
[0.338s] -- Up-to-date: /home/aimen/auto-weed-removal/ros2_ws/install/name_ign/share/name_ign/world/cozy_cottage/source/Bathroom_Light_Fixture_Base_Color.jpg
[0.338s] -- Up-to-date: /home/aimen/auto-weed-removal/ros2_ws/install/name_ign/share/name_ign/world/cozy_cottage/source/Lawn Texture.jpg
[0.338s] -- Up-to-date: /home/aimen/auto-weed-removal/ros2_ws/install/name_ign/share/name_ign/world/cozy_cottage/source/Kitchen_Countertop_Base_Color.jpg
[0.338s] -- Up-to-date: /home/aimen/auto-weed-removal/ros2_ws/install/name_ign/share/name_ign/world/cozy_cottage/source/Back_Porch_Trim_Base_Color.jpg
[0.338s] -- Up-to-date: /home/aimen/auto-weed-removal/ros2_ws/install/name_ign/share/name_ign/world/cozy_cottage/source/Splash Guard.jpg
[0.338s] -- Up-to-date: /home/aimen/auto-weed-removal/ros2_ws/install/name_ign/share/name_ign/world/cozy_cottage/source/Garage_Siding_Base_Color.jpg
[0.338s] -- Up-to-date: /home/aimen/auto-weed-removal/ros2_ws/install/name_ign/share/name_ign/world/cozy_cottage/source/Chimney_Base_Color.jpg
[0.338s] -- Up-to-date: /home/aimen/auto-weed-removal/ros2_ws/install/name_ign/share/name_ign/world/cozy_cottage/source/Stair_Nosing_Base_Color.jpg
[0.338s] -- Up-to-date: /home/aimen/auto-weed-removal/ros2_ws/install/name_ign/share/name_ign/world/cozy_cottage/source/Passage_Door_Base_Color.jpg
[0.338s] -- Up-to-date: /home/aimen/auto-weed-removal/ros2_ws/install/name_ign/share/name_ign/world/cozy_cottage/source/Baseboards_Base_Color.jpg
[0.338s] -- Up-to-date: /home/aimen/auto-weed-removal/ros2_ws/install/name_ign/share/name_ign/world/cozy_cottage/source/Garage_Foundation_Base_Color.jpg
[0.338s] -- Up-to-date: /home/aimen/auto-weed-removal/ros2_ws/install/name_ign/share/name_ign/world/cozy_cottage/source/Kitchen Wallpaper.jpg
[0.339s] -- Up-to-date: /home/aimen/auto-weed-removal/ros2_ws/install/name_ign/share/name_ign/world/cozy_cottage/source/Curb_Base_Color.jpg
[0.339s] -- Up-to-date: /home/aimen/auto-weed-removal/ros2_ws/install/name_ign/share/name_ign/world/cozy_cottage/source/Interior_Door_Casing_Base_Color.jpg
[0.339s] -- Up-to-date: /home/aimen/auto-weed-removal/ros2_ws/install/name_ign/share/name_ign/world/cozy_cottage/source/Mailbox_Base_Color.jpg
[0.339s] -- Up-to-date: /home/aimen/auto-weed-removal/ros2_ws/install/name_ign/share/name_ign/world/cozy_cottage/source/Shutters_Base_Color.jpg
[0.339s] -- Up-to-date: /home/aimen/auto-weed-removal/ros2_ws/install/name_ign/share/name_ign/world/cozy_cottage/source/Shower_Door_Base_Color.jpg
[0.339s] -- Up-to-date: /home/aimen/auto-weed-removal/ros2_ws/install/name_ign/share/name_ign/world/cozy_cottage/source/Exterior_Trim_Base_Color.jpg
[0.339s] -- Up-to-date: /home/aimen/auto-weed-removal/ros2_ws/install/name_ign/share/name_ign/world/cozy_cottage/source/Garage_Windows_Base_Color.jpg
[0.339s] -- Up-to-date: /home/aimen/auto-weed-removal/ros2_ws/install/name_ign/share/name_ign/world/cozy_cottage/source/Bath_Tub_Base_Color.jpg
[0.339s] -- Up-to-date: /home/aimen/auto-weed-removal/ros2_ws/install/name_ign/share/name_ign/world/cozy_cottage/source/Front_Door_Banding_Base_Color.jpg
[0.339s] -- Up-to-date: /home/aimen/auto-weed-removal/ros2_ws/install/name_ign/share/name_ign/world/cozy_cottage/source/Bathroom_Medicine_Cabinet_Base_Color.jpg
[0.339s] -- Up-to-date: /home/aimen/auto-weed-removal/ros2_ws/install/name_ign/share/name_ign/world/cozy_cottage/source/Threshold_Base_Color.jpg
[0.339s] -- Up-to-date: /home/aimen/auto-weed-removal/ros2_ws/install/name_ign/share/name_ign/world/cozy_cottage/source/Front_Porch_Concrete_Base_Color.jpg
[0.339s] -- Up-to-date: /home/aimen/auto-weed-removal/ros2_ws/install/name_ign/share/name_ign/world/cozy_cottage/source/Switches_and_Receptacles_Base_Color.jpg
[0.339s] -- Up-to-date: /home/aimen/auto-weed-removal/ros2_ws/install/name_ign/share/name_ign/world/cozy_cottage/source/Address_Base_Color.jpg
[0.339s] -- Up-to-date: /home/aimen/auto-weed-removal/ros2_ws/install/name_ign/share/name_ign/world/cozy_cottage/source/Foundation_Base_Color.jpg
[0.339s] -- Up-to-date: /home/aimen/auto-weed-removal/ros2_ws/install/name_ign/share/name_ign/world/cozy_cottage/source/Stair_Rail_Bracket_Base_Color.jpg
[0.339s] -- Up-to-date: /home/aimen/auto-weed-removal/ros2_ws/install/name_ign/share/name_ign/world/cozy_cottage/source/Road_Lines_Base_Color.jpg
[0.339s] -- Up-to-date: /home/aimen/auto-weed-removal/ros2_ws/install/name_ign/share/name_ign/world/cozy_cottage/source/Back_Door_Base_Color.jpg
[0.339s] -- Up-to-date: /home/aimen/auto-weed-removal/ros2_ws/install/name_ign/share/name_ign/world/cozy_cottage/source/Bathroom_Tile_Base_Color.jpg
[0.340s] -- Up-to-date: /home/aimen/auto-weed-removal/ros2_ws/install/name_ign/share/name_ign/world/cozy_cottage/source/Garage_Wall_Sheathing_Base_Color.jpg
[0.340s] -- Up-to-date: /home/aimen/auto-weed-removal/ros2_ws/install/name_ign/share/name_ign/world/cozy_cottage/source/Bathroom Wallpaper.jpg
[0.340s] -- Up-to-date: /home/aimen/auto-weed-removal/ros2_ws/install/name_ign/share/name_ign/world/cozy_cottage/source/Kitchen_Shelf_Base_Color.jpg
[0.340s] -- Up-to-date: /home/aimen/auto-weed-removal/ros2_ws/install/name_ign/share/name_ign/world/cozy_cottage/source/Conduit_Base_Color.jpg
[0.340s] -- Up-to-date: /home/aimen/auto-weed-removal/ros2_ws/install/name_ign/share/name_ign/world/cozy_cottage/source/Door_Hardware_Base_Color.jpg
[0.340s] -- Up-to-date: /home/aimen/auto-weed-removal/ros2_ws/install/name_ign/share/name_ign/world/cozy_cottage/source/Utility_Pole_Base_Color.jpg
[0.340s] -- Up-to-date: /home/aimen/auto-weed-removal/ros2_ws/install/name_ign/share/name_ign/world/cozy_cottage/source/Exterior_Window_Casing_Base_Color.jpg
[0.340s] -- Up-to-date: /home/aimen/auto-weed-removal/ros2_ws/install/name_ign/share/name_ign/world/cozy_cottage/source/Basement_Joists_Base_Color.jpg
[0.340s] -- Up-to-date: /home/aimen/auto-weed-removal/ros2_ws/install/name_ign/share/name_ign/world/cozy_cottage/source/Landscaping_Base_Color.jpg
[0.340s] -- Up-to-date: /home/aimen/auto-weed-removal/ros2_ws/install/name_ign/share/name_ign/world/cozy_cottage/source/Attic_Vent_Base_Color.jpg
[0.340s] -- Up-to-date: /home/aimen/auto-weed-removal/ros2_ws/install/name_ign/share/name_ign/world/cozy_cottage/source/Shower_Faucet_Base_Color.jpg
[0.340s] -- Up-to-date: /home/aimen/auto-weed-removal/ros2_ws/install/name_ign/share/name_ign/world/cozy_cottage/cozy_cottage_model.sdf
[0.340s] -- Installing: /home/aimen/auto-weed-removal/ros2_ws/install/name_ign/share/name_ign/world/empty.sdf
[0.340s] -- Up-to-date: /home/aimen/auto-weed-removal/ros2_ws/install/name_ign/share/ament_index/resource_index/package_run_dependencies/name_ign
[0.340s] -- Up-to-date: /home/aimen/auto-weed-removal/ros2_ws/install/name_ign/share/ament_index/resource_index/parent_prefix_path/name_ign
[0.340s] -- Up-to-date: /home/aimen/auto-weed-removal/ros2_ws/install/name_ign/share/name_ign/environment/ament_prefix_path.sh
[0.340s] -- Up-to-date: /home/aimen/auto-weed-removal/ros2_ws/install/name_ign/share/name_ign/environment/ament_prefix_path.dsv
[0.340s] -- Up-to-date: /home/aimen/auto-weed-removal/ros2_ws/install/name_ign/share/name_ign/environment/path.sh
[0.341s] -- Up-to-date: /home/aimen/auto-weed-removal/ros2_ws/install/name_ign/share/name_ign/environment/path.dsv
[0.341s] -- Up-to-date: /home/aimen/auto-weed-removal/ros2_ws/install/name_ign/share/name_ign/local_setup.bash
[0.341s] -- Up-to-date: /home/aimen/auto-weed-removal/ros2_ws/install/name_ign/share/name_ign/local_setup.sh
[0.341s] -- Up-to-date: /home/aimen/auto-weed-removal/ros2_ws/install/name_ign/share/name_ign/local_setup.zsh
[0.341s] -- Up-to-date: /home/aimen/auto-weed-removal/ros2_ws/install/name_ign/share/name_ign/local_setup.dsv
[0.341s] -- Installing: /home/aimen/auto-weed-removal/ros2_ws/install/name_ign/share/name_ign/package.dsv
[0.341s] -- Up-to-date: /home/aimen/auto-weed-removal/ros2_ws/install/name_ign/share/ament_index/resource_index/packages/name_ign
[0.341s] -- Up-to-date: /home/aimen/auto-weed-removal/ros2_ws/install/name_ign/share/name_ign/cmake/name_ignConfig.cmake
[0.341s] -- Up-to-date: /home/aimen/auto-weed-removal/ros2_ws/install/name_ign/share/name_ign/cmake/name_ignConfig-version.cmake
[0.341s] -- Up-to-date: /home/aimen/auto-weed-removal/ros2_ws/install/name_ign/share/name_ign/package.xml
[0.341s] Invoked command in '/home/aimen/auto-weed-removal/ros2_ws/build/name_ign' returned '0': CMAKE_PREFIX_PATH=${CMAKE_PREFIX_PATH}:/opt/ros/humble /usr/bin/cmake --install /home/aimen/auto-weed-removal/ros2_ws/build/name_ign
