-- Found ament_cmake: 1.3.9 (/opt/ros/humble/share/ament_cmake/cmake)
-- Found rclcpp: 16.0.9 (/opt/ros/humble/share/rclcpp/cmake)
-- Found rosidl_generator_c: 3.1.5 (/opt/ros/humble/share/rosidl_generator_c/cmake)
-- Found rosidl_adapter: 3.1.5 (/opt/ros/humble/share/rosidl_adapter/cmake)
-- Found rosidl_generator_cpp: 3.1.5 (/opt/ros/humble/share/rosidl_generator_cpp/cmake)
-- Using all available rosidl_typesupport_c: rosidl_typesupport_fastrtps_c;rosidl_typesupport_introspection_c
-- Using all available rosidl_typesupport_cpp: rosidl_typesupport_fastrtps_cpp;rosidl_typesupport_introspection_cpp
-- Found rmw_implementation_cmake: 6.1.2 (/opt/ros/humble/share/rmw_implementation_cmake/cmake)
-- Found rmw_fastrtps_cpp: 6.2.6 (/opt/ros/humble/share/rmw_fastrtps_cpp/cmake)
-- Using RMW implementation 'rmw_fastrtps_cpp' as default
-- Found rclpy: 3.3.13 (/opt/ros/humble/share/rclpy/cmake)
-- Configuring done
-- Generating done
-- Build files have been written to: /home/aimen/auto-weed-removal/ros2_ws/build/name_description
Built target ament_cmake_python_copy_name_description
running egg_info
writing name_description.egg-info/PKG-INFO
writing dependency_links to name_description.egg-info/dependency_links.txt
writing top-level names to name_description.egg-info/top_level.txt
reading manifest file 'name_description.egg-info/SOURCES.txt'
writing manifest file 'name_description.egg-info/SOURCES.txt'
Built target ament_cmake_python_build_name_description_egg
-- Install configuration: ""
-- Up-to-date: /home/aimen/auto-weed-removal/ros2_ws/install/name_description/share/name_description/environment/pythonpath.sh
-- Installing: /home/aimen/auto-weed-removal/ros2_ws/install/name_description/share/name_description/environment/pythonpath.dsv
-- Up-to-date: /home/aimen/auto-weed-removal/ros2_ws/install/name_description/local/lib/python3.10/dist-packages/name_description-0.0.0-py3.10.egg-info
-- Installing: /home/aimen/auto-weed-removal/ros2_ws/install/name_description/local/lib/python3.10/dist-packages/name_description-0.0.0-py3.10.egg-info/PKG-INFO
-- Installing: /home/aimen/auto-weed-removal/ros2_ws/install/name_description/local/lib/python3.10/dist-packages/name_description-0.0.0-py3.10.egg-info/SOURCES.txt
-- Installing: /home/aimen/auto-weed-removal/ros2_ws/install/name_description/local/lib/python3.10/dist-packages/name_description-0.0.0-py3.10.egg-info/dependency_links.txt
-- Installing: /home/aimen/auto-weed-removal/ros2_ws/install/name_description/local/lib/python3.10/dist-packages/name_description-0.0.0-py3.10.egg-info/top_level.txt
-- Up-to-date: /home/aimen/auto-weed-removal/ros2_ws/install/name_description/local/lib/python3.10/dist-packages/name_description
-- Up-to-date: /home/aimen/auto-weed-removal/ros2_ws/install/name_description/local/lib/python3.10/dist-packages/name_description/__init__.py
-- Up-to-date: /home/aimen/auto-weed-removal/ros2_ws/install/name_description/local/lib/python3.10/dist-packages/name_description/dummy_module.py
-- Up-to-date: /home/aimen/auto-weed-removal/ros2_ws/install/name_description/local/lib/python3.10/dist-packages/name_description/config_modifier.py
Listing '/home/aimen/auto-weed-removal/ros2_ws/install/name_description/local/lib/python3.10/dist-packages/name_description'...
-- Up-to-date: /home/aimen/auto-weed-removal/ros2_ws/install/name_description/lib/name_description/inverse_kinematics.py
-- Up-to-date: /home/aimen/auto-weed-removal/ros2_ws/install/name_description/lib/name_description/inverse_kinematics_controller.py
-- Installing: /home/aimen/auto-weed-removal/ros2_ws/install/name_description/lib/name_description/goal_publisher.py
-- Up-to-date: /home/aimen/auto-weed-removal/ros2_ws/install/name_description/share/name_description/launch
-- Up-to-date: /home/aimen/auto-weed-removal/ros2_ws/install/name_description/share/name_description/launch/display.launch.py
-- Up-to-date: /home/aimen/auto-weed-removal/ros2_ws/install/name_description/share/name_description/robot
-- Up-to-date: /home/aimen/auto-weed-removal/ros2_ws/install/name_description/share/name_description/robot/namespace
-- Up-to-date: /home/aimen/auto-weed-removal/ros2_ws/install/name_description/share/name_description/robot/namespace/dynamics
-- Up-to-date: /home/aimen/auto-weed-removal/ros2_ws/install/name_description/share/name_description/robot/namespace/dynamics/wheel.xacro
-- Up-to-date: /home/aimen/auto-weed-removal/ros2_ws/install/name_description/share/name_description/robot/namespace/dynamics/castor.xacro
-- Up-to-date: /home/aimen/auto-weed-removal/ros2_ws/install/name_description/share/name_description/robot/namespace/dynamics/name.xacro
-- Up-to-date: /home/aimen/auto-weed-removal/ros2_ws/install/name_description/share/name_description/robot/namespace/dynamics/chassis.xacro
-- Up-to-date: /home/aimen/auto-weed-removal/ros2_ws/install/name_description/share/name_description/robot/namespace/dynamics/pole.xacro
-- Up-to-date: /home/aimen/auto-weed-removal/ros2_ws/install/name_description/share/name_description/robot/namespace/dynamics/properties.xacro
-- Up-to-date: /home/aimen/auto-weed-removal/ros2_ws/install/name_description/share/name_description/robot/namespace/visual
-- Up-to-date: /home/aimen/auto-weed-removal/ros2_ws/install/name_description/share/name_description/robot/namespace/visual/wheel.xacro
-- Up-to-date: /home/aimen/auto-weed-removal/ros2_ws/install/name_description/share/name_description/robot/namespace/visual/castor.xacro
-- Up-to-date: /home/aimen/auto-weed-removal/ros2_ws/install/name_description/share/name_description/robot/namespace/visual/name.xacro
-- Up-to-date: /home/aimen/auto-weed-removal/ros2_ws/install/name_description/share/name_description/robot/namespace/visual/chassis.xacro
-- Up-to-date: /home/aimen/auto-weed-removal/ros2_ws/install/name_description/share/name_description/robot/namespace/visual/sensor.xacro
-- Up-to-date: /home/aimen/auto-weed-removal/ros2_ws/install/name_description/share/name_description/robot/namespace/visual/properties.xacro
-- Up-to-date: /home/aimen/auto-weed-removal/ros2_ws/install/name_description/share/name_description/robot/dynamics
-- Up-to-date: /home/aimen/auto-weed-removal/ros2_ws/install/name_description/share/name_description/robot/dynamics/wheel.xacro
-- Up-to-date: /home/aimen/auto-weed-removal/ros2_ws/install/name_description/share/name_description/robot/dynamics/castor.xacro
-- Up-to-date: /home/aimen/auto-weed-removal/ros2_ws/install/name_description/share/name_description/robot/dynamics/name.xacro
-- Up-to-date: /home/aimen/auto-weed-removal/ros2_ws/install/name_description/share/name_description/robot/dynamics/chassis.xacro
-- Up-to-date: /home/aimen/auto-weed-removal/ros2_ws/install/name_description/share/name_description/robot/dynamics/pole.xacro
-- Up-to-date: /home/aimen/auto-weed-removal/ros2_ws/install/name_description/share/name_description/robot/dynamics/properties.xacro
-- Up-to-date: /home/aimen/auto-weed-removal/ros2_ws/install/name_description/share/name_description/robot/visual
-- Up-to-date: /home/aimen/auto-weed-removal/ros2_ws/install/name_description/share/name_description/robot/visual/wheel.xacro
-- Up-to-date: /home/aimen/auto-weed-removal/ros2_ws/install/name_description/share/name_description/robot/visual/castor.xacro
-- Up-to-date: /home/aimen/auto-weed-removal/ros2_ws/install/name_description/share/name_description/robot/visual/name.xacro
-- Up-to-date: /home/aimen/auto-weed-removal/ros2_ws/install/name_description/share/name_description/robot/visual/chassis.xacro
-- Up-to-date: /home/aimen/auto-weed-removal/ros2_ws/install/name_description/share/name_description/robot/visual/sensor.xacro
-- Up-to-date: /home/aimen/auto-weed-removal/ros2_ws/install/name_description/share/name_description/robot/visual/properties.xacro
-- Up-to-date: /home/aimen/auto-weed-removal/ros2_ws/install/name_description/share/name_description/meshes
-- Up-to-date: /home/aimen/auto-weed-removal/ros2_ws/install/name_description/share/name_description/meshes/coconut.stl
-- Up-to-date: /home/aimen/auto-weed-removal/ros2_ws/install/name_description/share/name_description/config
-- Up-to-date: /home/aimen/auto-weed-removal/ros2_ws/install/name_description/share/name_description/config/config.rviz
-- Up-to-date: /home/aimen/auto-weed-removal/ros2_ws/install/name_description/share/name_description/config/properties.yaml
-- Up-to-date: /home/aimen/auto-weed-removal/ros2_ws/install/name_description/share/ament_index/resource_index/package_run_dependencies/name_description
-- Up-to-date: /home/aimen/auto-weed-removal/ros2_ws/install/name_description/share/ament_index/resource_index/parent_prefix_path/name_description
-- Up-to-date: /home/aimen/auto-weed-removal/ros2_ws/install/name_description/share/name_description/environment/ament_prefix_path.sh
-- Installing: /home/aimen/auto-weed-removal/ros2_ws/install/name_description/share/name_description/environment/ament_prefix_path.dsv
-- Up-to-date: /home/aimen/auto-weed-removal/ros2_ws/install/name_description/share/name_description/environment/path.sh
-- Installing: /home/aimen/auto-weed-removal/ros2_ws/install/name_description/share/name_description/environment/path.dsv
-- Up-to-date: /home/aimen/auto-weed-removal/ros2_ws/install/name_description/share/name_description/local_setup.bash
-- Up-to-date: /home/aimen/auto-weed-removal/ros2_ws/install/name_description/share/name_description/local_setup.sh
-- Up-to-date: /home/aimen/auto-weed-removal/ros2_ws/install/name_description/share/name_description/local_setup.zsh
-- Installing: /home/aimen/auto-weed-removal/ros2_ws/install/name_description/share/name_description/local_setup.dsv
-- Installing: /home/aimen/auto-weed-removal/ros2_ws/install/name_description/share/name_description/package.dsv
-- Up-to-date: /home/aimen/auto-weed-removal/ros2_ws/install/name_description/share/ament_index/resource_index/packages/name_description
-- Up-to-date: /home/aimen/auto-weed-removal/ros2_ws/install/name_description/share/name_description/cmake/name_descriptionConfig.cmake
-- Up-to-date: /home/aimen/auto-weed-removal/ros2_ws/install/name_description/share/name_description/cmake/name_descriptionConfig-version.cmake
-- Up-to-date: /home/aimen/auto-weed-removal/ros2_ws/install/name_description/share/name_description/package.xml
