[35m[1mConsolidate compiler generated dependencies of target diff_drive_publisher[0m
[ 50%] [32mBuilding CXX object CMakeFiles/diff_drive_publisher.dir/src/diff_drive_publisher.cpp.o[0m
[100%] [32m[1mLinking CXX executable diff_drive_publisher[0m
[100%] Built target diff_drive_publisher
-- Install configuration: ""
-- Up-to-date: /home/aimen/auto-weed-removal/ros2_ws/install/simulation/share/simulation/launch
-- Installing: /home/aimen/auto-weed-removal/ros2_ws/install/simulation/share/simulation/launch/building_robot.launch.py
-- Installing: /home/aimen/auto-weed-removal/ros2_ws/install/simulation/share/simulation/worlds
-- Installing: /home/aimen/auto-weed-removal/ros2_ws/install/simulation/share/simulation/worlds/launchtemp.py
-- Installing: /home/aimen/auto-weed-removal/ros2_ws/install/simulation/share/simulation/worlds/cozy_cottage
-- Installing: /home/aimen/auto-weed-removal/ros2_ws/install/simulation/share/simulation/worlds/cozy_cottage/source
-- Installing: /home/aimen/auto-weed-removal/ros2_ws/install/simulation/share/simulation/worlds/cozy_cottage/source/Garage_Door_Frames_Base_Color.jpg
-- Installing: /home/aimen/auto-weed-removal/ros2_ws/install/simulation/share/simulation/worlds/cozy_cottage/source/Bathroom_Window_Interior_Casing_Base_Color.jpg
-- Installing: /home/aimen/auto-weed-removal/ros2_ws/install/simulation/share/simulation/worlds/cozy_cottage/source/Basement_Windows_Base_Color.jpg
-- Installing: /home/aimen/auto-weed-removal/ros2_ws/install/simulation/share/simulation/worlds/cozy_cottage/source/Kitchen_Sink_Base_Color.jpg
-- Installing: /home/aimen/auto-weed-removal/ros2_ws/install/simulation/share/simulation/worlds/cozy_cottage/source/Kitchen_Counter_Backsplash_Base_Color.jpg
-- Installing: /home/aimen/auto-weed-removal/ros2_ws/install/simulation/share/simulation/worlds/cozy_cottage/source/Bathroom_Shower_Tile_Base_Color.jpg
-- Installing: /home/aimen/auto-weed-removal/ros2_ws/install/simulation/share/simulation/worlds/cozy_cottage/source/Garage_Entry_Door_Base_Color.jpg
-- Installing: /home/aimen/auto-weed-removal/ros2_ws/install/simulation/share/simulation/worlds/cozy_cottage/source/Interior_Casings_Base_Color.jpg
-- Installing: /home/aimen/auto-weed-removal/ros2_ws/install/simulation/share/simulation/worlds/cozy_cottage/source/Siding_Base_Color.jpg
-- Installing: /home/aimen/auto-weed-removal/ros2_ws/install/simulation/share/simulation/worlds/cozy_cottage/source/Porch_Light_01_Base_Color.jpg
-- Installing: /home/aimen/auto-weed-removal/ros2_ws/install/simulation/share/simulation/worlds/cozy_cottage/source/Front_Porch_Brick_Base_Color.jpg
-- Installing: /home/aimen/auto-weed-removal/ros2_ws/install/simulation/share/simulation/worlds/cozy_cottage/source/Front_Porch_Trim_Base_Color.jpg
-- Installing: /home/aimen/auto-weed-removal/ros2_ws/install/simulation/share/simulation/worlds/cozy_cottage/source/Heat Register Texture.jpg
-- Installing: /home/aimen/auto-weed-removal/ros2_ws/install/simulation/share/simulation/worlds/cozy_cottage/source/Window_Base_Color.jpg
-- Installing: /home/aimen/auto-weed-removal/ros2_ws/install/simulation/share/simulation/worlds/cozy_cottage/source/Showerhead_Base_Color.jpg
-- Installing: /home/aimen/auto-weed-removal/ros2_ws/install/simulation/share/simulation/worlds/cozy_cottage/source/cozy-cottage-dae.dae
-- Installing: /home/aimen/auto-weed-removal/ros2_ws/install/simulation/share/simulation/worlds/cozy_cottage/source/Back_Porch_Stairs_Base_Color.jpg
-- Installing: /home/aimen/auto-weed-removal/ros2_ws/install/simulation/share/simulation/worlds/cozy_cottage/source/Toilet_Hardware_Base_Color.jpg
-- Installing: /home/aimen/auto-weed-removal/ros2_ws/install/simulation/share/simulation/worlds/cozy_cottage/source/Garage_Door_Base_Color.jpg
-- Installing: /home/aimen/auto-weed-removal/ros2_ws/install/simulation/share/simulation/worlds/cozy_cottage/source/Electric Meter.jpg
-- Installing: /home/aimen/auto-weed-removal/ros2_ws/install/simulation/share/simulation/worlds/cozy_cottage/source/Basement_Stairs_Base_Color.jpg
-- Installing: /home/aimen/auto-weed-removal/ros2_ws/install/simulation/share/simulation/worlds/cozy_cottage/source/Bathroom_Medicine_Cabinet_Knob_Base_Color.jpg
-- Installing: /home/aimen/auto-weed-removal/ros2_ws/install/simulation/share/simulation/worlds/cozy_cottage/source/Brass_Base_Color.jpg
-- Installing: /home/aimen/auto-weed-removal/ros2_ws/install/simulation/share/simulation/worlds/cozy_cottage/source/Floor_Boards_Base_Color.jpg
-- Installing: /home/aimen/auto-weed-removal/ros2_ws/install/simulation/share/simulation/worlds/cozy_cottage/source/Kitchen_Cabinet_Drawer_Pull_Base_Color.jpg
-- Installing: /home/aimen/auto-weed-removal/ros2_ws/install/simulation/share/simulation/worlds/cozy_cottage/source/Hardwood_Base_Color.jpg
-- Installing: /home/aimen/auto-weed-removal/ros2_ws/install/simulation/share/simulation/worlds/cozy_cottage/source/Basement_Paneling_Base_Color.jpg
-- Installing: /home/aimen/auto-weed-removal/ros2_ws/install/simulation/share/simulation/worlds/cozy_cottage/source/Bathroom_Sink_Base_Color.jpg
-- Installing: /home/aimen/auto-weed-removal/ros2_ws/install/simulation/share/simulation/worlds/cozy_cottage/source/Speed_Limit_Sign_Base_Color.jpg
-- Installing: /home/aimen/auto-weed-removal/ros2_ws/install/simulation/share/simulation/worlds/cozy_cottage/source/Front_Door_Base_Color.jpg
-- Installing: /home/aimen/auto-weed-removal/ros2_ws/install/simulation/share/simulation/worlds/cozy_cottage/source/Garage_Door_Track_Base_Color.jpg
-- Installing: /home/aimen/auto-weed-removal/ros2_ws/install/simulation/share/simulation/worlds/cozy_cottage/source/Shingles_Base_Color.jpg
-- Installing: /home/aimen/auto-weed-removal/ros2_ws/install/simulation/share/simulation/worlds/cozy_cottage/source/Kitchen_Cabinet_Doors_Base_Color.jpg
-- Installing: /home/aimen/auto-weed-removal/ros2_ws/install/simulation/share/simulation/worlds/cozy_cottage/source/Vent_Pipe_Base_Color.jpg
-- Installing: /home/aimen/auto-weed-removal/ros2_ws/install/simulation/share/simulation/worlds/cozy_cottage/source/Electric_Meter_Box_Base_Color.jpg
-- Installing: /home/aimen/auto-weed-removal/ros2_ws/install/simulation/share/simulation/worlds/cozy_cottage/source/Lally_Columns_Base_Color.jpg
-- Installing: /home/aimen/auto-weed-removal/ros2_ws/install/simulation/share/simulation/worlds/cozy_cottage/source/Garage_Door_Hardware_Base_Color.jpg
-- Installing: /home/aimen/auto-weed-removal/ros2_ws/install/simulation/share/simulation/worlds/cozy_cottage/source/Bathroom_Faucet_Base_Color.jpg
-- Installing: /home/aimen/auto-weed-removal/ros2_ws/install/simulation/share/simulation/worlds/cozy_cottage/source/Kitchen_Cabinets_Base_Color.jpg
-- Installing: /home/aimen/auto-weed-removal/ros2_ws/install/simulation/share/simulation/worlds/cozy_cottage/source/Garage_Roof_Sheating_Base_Color.jpg
-- Installing: /home/aimen/auto-weed-removal/ros2_ws/install/simulation/share/simulation/worlds/cozy_cottage/source/Passage_Door_Hardware_Base_Color.jpg
-- Installing: /home/aimen/auto-weed-removal/ros2_ws/install/simulation/share/simulation/worlds/cozy_cottage/source/Fence_Panel_Base_Color.jpg
-- Installing: /home/aimen/auto-weed-removal/ros2_ws/install/simulation/share/simulation/worlds/cozy_cottage/source/Basement_Floor_Base_Color.jpg
-- Installing: /home/aimen/auto-weed-removal/ros2_ws/install/simulation/share/simulation/worlds/cozy_cottage/source/Basement_Beam_Base_Color.jpg
-- Installing: /home/aimen/auto-weed-removal/ros2_ws/install/simulation/share/simulation/worlds/cozy_cottage/source/Kitchen_Faucet_Base_Color.jpg
-- Installing: /home/aimen/auto-weed-removal/ros2_ws/install/simulation/share/simulation/worlds/cozy_cottage/source/Toilet_Seat_Base_Color.jpg
-- Installing: /home/aimen/auto-weed-removal/ros2_ws/install/simulation/share/simulation/worlds/cozy_cottage/source/Bathroom_Paneling_Base_Color.jpg
-- Installing: /home/aimen/auto-weed-removal/ros2_ws/install/simulation/share/simulation/worlds/cozy_cottage/source/Stair_Rail_Base_Color.jpg
-- Installing: /home/aimen/auto-weed-removal/ros2_ws/install/simulation/share/simulation/worlds/cozy_cottage/source/Garage_Exterior_Trim_Base_Color.jpg
-- Installing: /home/aimen/auto-weed-removal/ros2_ws/install/simulation/share/simulation/worlds/cozy_cottage/source/Road_Base_Color.jpg
-- Installing: /home/aimen/auto-weed-removal/ros2_ws/install/simulation/share/simulation/worlds/cozy_cottage/source/Garage_Shingles_Base_Color.jpg
-- Installing: /home/aimen/auto-weed-removal/ros2_ws/install/simulation/share/simulation/worlds/cozy_cottage/source/Toilet_Porcelain_Base_Color.jpg
-- Installing: /home/aimen/auto-weed-removal/ros2_ws/install/simulation/share/simulation/worlds/cozy_cottage/source/Sidewalk_Base_Color.jpg
-- Installing: /home/aimen/auto-weed-removal/ros2_ws/install/simulation/share/simulation/worlds/cozy_cottage/source/Stairwell_Wall_Framing_Base_Color.jpg
-- Installing: /home/aimen/auto-weed-removal/ros2_ws/install/simulation/share/simulation/worlds/cozy_cottage/source/Street_Light_Base_Color.jpg
-- Installing: /home/aimen/auto-weed-removal/ros2_ws/install/simulation/share/simulation/worlds/cozy_cottage/source/Bathroom_Cabinet_Base_Color.jpg
-- Installing: /home/aimen/auto-weed-removal/ros2_ws/install/simulation/share/simulation/worlds/cozy_cottage/source/Garage_Framing_Base_Color.jpg
-- Installing: /home/aimen/auto-weed-removal/ros2_ws/install/simulation/share/simulation/worlds/cozy_cottage/source/Garage_Slab_Base_Color.jpg
-- Installing: /home/aimen/auto-weed-removal/ros2_ws/install/simulation/share/simulation/worlds/cozy_cottage/source/Bathroom_Light_Fixture_Base_Color.jpg
-- Installing: /home/aimen/auto-weed-removal/ros2_ws/install/simulation/share/simulation/worlds/cozy_cottage/source/Lawn Texture.jpg
-- Installing: /home/aimen/auto-weed-removal/ros2_ws/install/simulation/share/simulation/worlds/cozy_cottage/source/Kitchen_Countertop_Base_Color.jpg
-- Installing: /home/aimen/auto-weed-removal/ros2_ws/install/simulation/share/simulation/worlds/cozy_cottage/source/Back_Porch_Trim_Base_Color.jpg
-- Installing: /home/aimen/auto-weed-removal/ros2_ws/install/simulation/share/simulation/worlds/cozy_cottage/source/Splash Guard.jpg
-- Installing: /home/aimen/auto-weed-removal/ros2_ws/install/simulation/share/simulation/worlds/cozy_cottage/source/Garage_Siding_Base_Color.jpg
-- Installing: /home/aimen/auto-weed-removal/ros2_ws/install/simulation/share/simulation/worlds/cozy_cottage/source/Chimney_Base_Color.jpg
-- Installing: /home/aimen/auto-weed-removal/ros2_ws/install/simulation/share/simulation/worlds/cozy_cottage/source/Stair_Nosing_Base_Color.jpg
-- Installing: /home/aimen/auto-weed-removal/ros2_ws/install/simulation/share/simulation/worlds/cozy_cottage/source/Passage_Door_Base_Color.jpg
-- Installing: /home/aimen/auto-weed-removal/ros2_ws/install/simulation/share/simulation/worlds/cozy_cottage/source/Baseboards_Base_Color.jpg
-- Installing: /home/aimen/auto-weed-removal/ros2_ws/install/simulation/share/simulation/worlds/cozy_cottage/source/Garage_Foundation_Base_Color.jpg
-- Installing: /home/aimen/auto-weed-removal/ros2_ws/install/simulation/share/simulation/worlds/cozy_cottage/source/Kitchen Wallpaper.jpg
-- Installing: /home/aimen/auto-weed-removal/ros2_ws/install/simulation/share/simulation/worlds/cozy_cottage/source/Curb_Base_Color.jpg
-- Installing: /home/aimen/auto-weed-removal/ros2_ws/install/simulation/share/simulation/worlds/cozy_cottage/source/Interior_Door_Casing_Base_Color.jpg
-- Installing: /home/aimen/auto-weed-removal/ros2_ws/install/simulation/share/simulation/worlds/cozy_cottage/source/Mailbox_Base_Color.jpg
-- Installing: /home/aimen/auto-weed-removal/ros2_ws/install/simulation/share/simulation/worlds/cozy_cottage/source/Shutters_Base_Color.jpg
-- Installing: /home/aimen/auto-weed-removal/ros2_ws/install/simulation/share/simulation/worlds/cozy_cottage/source/Shower_Door_Base_Color.jpg
-- Installing: /home/aimen/auto-weed-removal/ros2_ws/install/simulation/share/simulation/worlds/cozy_cottage/source/Exterior_Trim_Base_Color.jpg
-- Installing: /home/aimen/auto-weed-removal/ros2_ws/install/simulation/share/simulation/worlds/cozy_cottage/source/Garage_Windows_Base_Color.jpg
-- Installing: /home/aimen/auto-weed-removal/ros2_ws/install/simulation/share/simulation/worlds/cozy_cottage/source/Bath_Tub_Base_Color.jpg
-- Installing: /home/aimen/auto-weed-removal/ros2_ws/install/simulation/share/simulation/worlds/cozy_cottage/source/Front_Door_Banding_Base_Color.jpg
-- Installing: /home/aimen/auto-weed-removal/ros2_ws/install/simulation/share/simulation/worlds/cozy_cottage/source/Bathroom_Medicine_Cabinet_Base_Color.jpg
-- Installing: /home/aimen/auto-weed-removal/ros2_ws/install/simulation/share/simulation/worlds/cozy_cottage/source/Threshold_Base_Color.jpg
-- Installing: /home/aimen/auto-weed-removal/ros2_ws/install/simulation/share/simulation/worlds/cozy_cottage/source/Front_Porch_Concrete_Base_Color.jpg
-- Installing: /home/aimen/auto-weed-removal/ros2_ws/install/simulation/share/simulation/worlds/cozy_cottage/source/Switches_and_Receptacles_Base_Color.jpg
-- Installing: /home/aimen/auto-weed-removal/ros2_ws/install/simulation/share/simulation/worlds/cozy_cottage/source/Address_Base_Color.jpg
-- Installing: /home/aimen/auto-weed-removal/ros2_ws/install/simulation/share/simulation/worlds/cozy_cottage/source/Foundation_Base_Color.jpg
-- Installing: /home/aimen/auto-weed-removal/ros2_ws/install/simulation/share/simulation/worlds/cozy_cottage/source/Stair_Rail_Bracket_Base_Color.jpg
-- Installing: /home/aimen/auto-weed-removal/ros2_ws/install/simulation/share/simulation/worlds/cozy_cottage/source/Road_Lines_Base_Color.jpg
-- Installing: /home/aimen/auto-weed-removal/ros2_ws/install/simulation/share/simulation/worlds/cozy_cottage/source/Back_Door_Base_Color.jpg
-- Installing: /home/aimen/auto-weed-removal/ros2_ws/install/simulation/share/simulation/worlds/cozy_cottage/source/Bathroom_Tile_Base_Color.jpg
-- Installing: /home/aimen/auto-weed-removal/ros2_ws/install/simulation/share/simulation/worlds/cozy_cottage/source/Garage_Wall_Sheathing_Base_Color.jpg
-- Installing: /home/aimen/auto-weed-removal/ros2_ws/install/simulation/share/simulation/worlds/cozy_cottage/source/Bathroom Wallpaper.jpg
-- Installing: /home/aimen/auto-weed-removal/ros2_ws/install/simulation/share/simulation/worlds/cozy_cottage/source/Kitchen_Shelf_Base_Color.jpg
-- Installing: /home/aimen/auto-weed-removal/ros2_ws/install/simulation/share/simulation/worlds/cozy_cottage/source/Conduit_Base_Color.jpg
-- Installing: /home/aimen/auto-weed-removal/ros2_ws/install/simulation/share/simulation/worlds/cozy_cottage/source/Door_Hardware_Base_Color.jpg
-- Installing: /home/aimen/auto-weed-removal/ros2_ws/install/simulation/share/simulation/worlds/cozy_cottage/source/Utility_Pole_Base_Color.jpg
-- Installing: /home/aimen/auto-weed-removal/ros2_ws/install/simulation/share/simulation/worlds/cozy_cottage/source/Exterior_Window_Casing_Base_Color.jpg
-- Installing: /home/aimen/auto-weed-removal/ros2_ws/install/simulation/share/simulation/worlds/cozy_cottage/source/Basement_Joists_Base_Color.jpg
-- Installing: /home/aimen/auto-weed-removal/ros2_ws/install/simulation/share/simulation/worlds/cozy_cottage/source/Landscaping_Base_Color.jpg
-- Installing: /home/aimen/auto-weed-removal/ros2_ws/install/simulation/share/simulation/worlds/cozy_cottage/source/Attic_Vent_Base_Color.jpg
-- Installing: /home/aimen/auto-weed-removal/ros2_ws/install/simulation/share/simulation/worlds/cozy_cottage/source/Shower_Faucet_Base_Color.jpg
-- Installing: /home/aimen/auto-weed-removal/ros2_ws/install/simulation/share/simulation/worlds/cozy_cottage/cozy_cottage_model.sdf
-- Installing: /home/aimen/auto-weed-removal/ros2_ws/install/simulation/share/simulation/worlds/building_robot.sdf
-- Installing: /home/aimen/auto-weed-removal/ros2_ws/install/simulation/share/simulation/config
-- Installing: /home/aimen/auto-weed-removal/ros2_ws/install/simulation/share/simulation/config/diff_drive_controller.yaml
-- Installing: /home/aimen/auto-weed-removal/ros2_ws/install/simulation/libsimulation/diff_drive_publisher
-- Set runtime path of "/home/aimen/auto-weed-removal/ros2_ws/install/simulation/libsimulation/diff_drive_publisher" to ""
-- Up-to-date: /home/aimen/auto-weed-removal/ros2_ws/install/simulation/share/ament_index/resource_index/package_run_dependencies/simulation
-- Installing: /home/aimen/auto-weed-removal/ros2_ws/install/simulation/share/ament_index/resource_index/parent_prefix_path/simulation
-- Up-to-date: /home/aimen/auto-weed-removal/ros2_ws/install/simulation/share/simulation/environment/ament_prefix_path.sh
-- Installing: /home/aimen/auto-weed-removal/ros2_ws/install/simulation/share/simulation/environment/ament_prefix_path.dsv
-- Up-to-date: /home/aimen/auto-weed-removal/ros2_ws/install/simulation/share/simulation/environment/path.sh
-- Installing: /home/aimen/auto-weed-removal/ros2_ws/install/simulation/share/simulation/environment/path.dsv
-- Up-to-date: /home/aimen/auto-weed-removal/ros2_ws/install/simulation/share/simulation/local_setup.bash
-- Up-to-date: /home/aimen/auto-weed-removal/ros2_ws/install/simulation/share/simulation/local_setup.sh
-- Up-to-date: /home/aimen/auto-weed-removal/ros2_ws/install/simulation/share/simulation/local_setup.zsh
-- Installing: /home/aimen/auto-weed-removal/ros2_ws/install/simulation/share/simulation/local_setup.dsv
-- Up-to-date: /home/aimen/auto-weed-removal/ros2_ws/install/simulation/share/simulation/package.dsv
-- Up-to-date: /home/aimen/auto-weed-removal/ros2_ws/install/simulation/share/ament_index/resource_index/packages/simulation
-- Up-to-date: /home/aimen/auto-weed-removal/ros2_ws/install/simulation/share/simulation/cmake/simulationConfig.cmake
-- Up-to-date: /home/aimen/auto-weed-removal/ros2_ws/install/simulation/share/simulation/cmake/simulationConfig-version.cmake
-- Up-to-date: /home/aimen/auto-weed-removal/ros2_ws/install/simulation/share/simulation/package.xml
