[0.006s] Invoking command in '/home/aimen/auto-weed-removal/ros2_ws/build/simulation': CMAKE_PREFIX_PATH=/opt/ros/humble /usr/bin/cmake --build /home/aimen/auto-weed-removal/ros2_ws/build/simulation -- -j20 -l20
[0.040s] [35m[1mConsolidate compiler generated dependencies of target diff_drive_publisher[0m
[0.050s] [ 50%] [32mBuilding CXX object CMakeFiles/diff_drive_publisher.dir/src/diff_drive_publisher.cpp.o[0m
[2.689s] [100%] [32m[1mLinking CXX executable diff_drive_publisher[0m
[2.810s] [100%] Built target diff_drive_publisher
[2.819s] Invoked command in '/home/aimen/auto-weed-removal/ros2_ws/build/simulation' returned '0': CMAKE_PREFIX_PATH=/opt/ros/humble /usr/bin/cmake --build /home/aimen/auto-weed-removal/ros2_ws/build/simulation -- -j20 -l20
[2.858s] Invoking command in '/home/aimen/auto-weed-removal/ros2_ws/build/simulation': CMAKE_PREFIX_PATH=/opt/ros/humble /usr/bin/cmake --install /home/aimen/auto-weed-removal/ros2_ws/build/simulation
[2.865s] -- Install configuration: ""
[2.866s] -- Up-to-date: /home/aimen/auto-weed-removal/ros2_ws/install/simulation/share/simulation/launch
[2.866s] -- Installing: /home/aimen/auto-weed-removal/ros2_ws/install/simulation/share/simulation/launch/building_robot.launch.py
[2.866s] -- Installing: /home/aimen/auto-weed-removal/ros2_ws/install/simulation/share/simulation/worlds
[2.866s] -- Installing: /home/aimen/auto-weed-removal/ros2_ws/install/simulation/share/simulation/worlds/launchtemp.py
[2.866s] -- Installing: /home/aimen/auto-weed-removal/ros2_ws/install/simulation/share/simulation/worlds/cozy_cottage
[2.866s] -- Installing: /home/aimen/auto-weed-removal/ros2_ws/install/simulation/share/simulation/worlds/cozy_cottage/source
[2.866s] -- Installing: /home/aimen/auto-weed-removal/ros2_ws/install/simulation/share/simulation/worlds/cozy_cottage/source/Garage_Door_Frames_Base_Color.jpg
[2.866s] -- Installing: /home/aimen/auto-weed-removal/ros2_ws/install/simulation/share/simulation/worlds/cozy_cottage/source/Bathroom_Window_Interior_Casing_Base_Color.jpg
[2.868s] -- Installing: /home/aimen/auto-weed-removal/ros2_ws/install/simulation/share/simulation/worlds/cozy_cottage/source/Basement_Windows_Base_Color.jpg
[2.869s] -- Installing: /home/aimen/auto-weed-removal/ros2_ws/install/simulation/share/simulation/worlds/cozy_cottage/source/Kitchen_Sink_Base_Color.jpg
[2.869s] -- Installing: /home/aimen/auto-weed-removal/ros2_ws/install/simulation/share/simulation/worlds/cozy_cottage/source/Kitchen_Counter_Backsplash_Base_Color.jpg
[2.870s] -- Installing: /home/aimen/auto-weed-removal/ros2_ws/install/simulation/share/simulation/worlds/cozy_cottage/source/Bathroom_Shower_Tile_Base_Color.jpg
[2.871s] -- Installing: /home/aimen/auto-weed-removal/ros2_ws/install/simulation/share/simulation/worlds/cozy_cottage/source/Garage_Entry_Door_Base_Color.jpg
[2.872s] -- Installing: /home/aimen/auto-weed-removal/ros2_ws/install/simulation/share/simulation/worlds/cozy_cottage/source/Interior_Casings_Base_Color.jpg
[2.873s] -- Installing: /home/aimen/auto-weed-removal/ros2_ws/install/simulation/share/simulation/worlds/cozy_cottage/source/Siding_Base_Color.jpg
[2.874s] -- Installing: /home/aimen/auto-weed-removal/ros2_ws/install/simulation/share/simulation/worlds/cozy_cottage/source/Porch_Light_01_Base_Color.jpg
[2.874s] -- Installing: /home/aimen/auto-weed-removal/ros2_ws/install/simulation/share/simulation/worlds/cozy_cottage/source/Front_Porch_Brick_Base_Color.jpg
[2.876s] -- Installing: /home/aimen/auto-weed-removal/ros2_ws/install/simulation/share/simulation/worlds/cozy_cottage/source/Front_Porch_Trim_Base_Color.jpg
[2.876s] -- Installing: /home/aimen/auto-weed-removal/ros2_ws/install/simulation/share/simulation/worlds/cozy_cottage/source/Heat Register Texture.jpg
[2.876s] -- Installing: /home/aimen/auto-weed-removal/ros2_ws/install/simulation/share/simulation/worlds/cozy_cottage/source/Window_Base_Color.jpg
[2.877s] -- Installing: /home/aimen/auto-weed-removal/ros2_ws/install/simulation/share/simulation/worlds/cozy_cottage/source/Showerhead_Base_Color.jpg
[2.877s] -- Installing: /home/aimen/auto-weed-removal/ros2_ws/install/simulation/share/simulation/worlds/cozy_cottage/source/cozy-cottage-dae.dae
[2.933s] -- Installing: /home/aimen/auto-weed-removal/ros2_ws/install/simulation/share/simulation/worlds/cozy_cottage/source/Back_Porch_Stairs_Base_Color.jpg
[2.934s] -- Installing: /home/aimen/auto-weed-removal/ros2_ws/install/simulation/share/simulation/worlds/cozy_cottage/source/Toilet_Hardware_Base_Color.jpg
[2.934s] -- Installing: /home/aimen/auto-weed-removal/ros2_ws/install/simulation/share/simulation/worlds/cozy_cottage/source/Garage_Door_Base_Color.jpg
[2.934s] -- Installing: /home/aimen/auto-weed-removal/ros2_ws/install/simulation/share/simulation/worlds/cozy_cottage/source/Electric Meter.jpg
[2.934s] -- Installing: /home/aimen/auto-weed-removal/ros2_ws/install/simulation/share/simulation/worlds/cozy_cottage/source/Basement_Stairs_Base_Color.jpg
[2.935s] -- Installing: /home/aimen/auto-weed-removal/ros2_ws/install/simulation/share/simulation/worlds/cozy_cottage/source/Bathroom_Medicine_Cabinet_Knob_Base_Color.jpg
[2.935s] -- Installing: /home/aimen/auto-weed-removal/ros2_ws/install/simulation/share/simulation/worlds/cozy_cottage/source/Brass_Base_Color.jpg
[2.935s] -- Installing: /home/aimen/auto-weed-removal/ros2_ws/install/simulation/share/simulation/worlds/cozy_cottage/source/Floor_Boards_Base_Color.jpg
[2.937s] -- Installing: /home/aimen/auto-weed-removal/ros2_ws/install/simulation/share/simulation/worlds/cozy_cottage/source/Kitchen_Cabinet_Drawer_Pull_Base_Color.jpg
[2.937s] -- Installing: /home/aimen/auto-weed-removal/ros2_ws/install/simulation/share/simulation/worlds/cozy_cottage/source/Hardwood_Base_Color.jpg
[2.937s] -- Installing: /home/aimen/auto-weed-removal/ros2_ws/install/simulation/share/simulation/worlds/cozy_cottage/source/Basement_Paneling_Base_Color.jpg
[2.938s] -- Installing: /home/aimen/auto-weed-removal/ros2_ws/install/simulation/share/simulation/worlds/cozy_cottage/source/Bathroom_Sink_Base_Color.jpg
[2.939s] -- Installing: /home/aimen/auto-weed-removal/ros2_ws/install/simulation/share/simulation/worlds/cozy_cottage/source/Speed_Limit_Sign_Base_Color.jpg
[2.939s] -- Installing: /home/aimen/auto-weed-removal/ros2_ws/install/simulation/share/simulation/worlds/cozy_cottage/source/Front_Door_Base_Color.jpg
[2.940s] -- Installing: /home/aimen/auto-weed-removal/ros2_ws/install/simulation/share/simulation/worlds/cozy_cottage/source/Garage_Door_Track_Base_Color.jpg
[2.940s] -- Installing: /home/aimen/auto-weed-removal/ros2_ws/install/simulation/share/simulation/worlds/cozy_cottage/source/Shingles_Base_Color.jpg
[2.941s] -- Installing: /home/aimen/auto-weed-removal/ros2_ws/install/simulation/share/simulation/worlds/cozy_cottage/source/Kitchen_Cabinet_Doors_Base_Color.jpg
[2.942s] -- Installing: /home/aimen/auto-weed-removal/ros2_ws/install/simulation/share/simulation/worlds/cozy_cottage/source/Vent_Pipe_Base_Color.jpg
[2.942s] -- Installing: /home/aimen/auto-weed-removal/ros2_ws/install/simulation/share/simulation/worlds/cozy_cottage/source/Electric_Meter_Box_Base_Color.jpg
[2.942s] -- Installing: /home/aimen/auto-weed-removal/ros2_ws/install/simulation/share/simulation/worlds/cozy_cottage/source/Lally_Columns_Base_Color.jpg
[2.943s] -- Installing: /home/aimen/auto-weed-removal/ros2_ws/install/simulation/share/simulation/worlds/cozy_cottage/source/Garage_Door_Hardware_Base_Color.jpg
[2.943s] -- Installing: /home/aimen/auto-weed-removal/ros2_ws/install/simulation/share/simulation/worlds/cozy_cottage/source/Bathroom_Faucet_Base_Color.jpg
[2.943s] -- Installing: /home/aimen/auto-weed-removal/ros2_ws/install/simulation/share/simulation/worlds/cozy_cottage/source/Kitchen_Cabinets_Base_Color.jpg
[2.944s] -- Installing: /home/aimen/auto-weed-removal/ros2_ws/install/simulation/share/simulation/worlds/cozy_cottage/source/Garage_Roof_Sheating_Base_Color.jpg
[2.945s] -- Installing: /home/aimen/auto-weed-removal/ros2_ws/install/simulation/share/simulation/worlds/cozy_cottage/source/Passage_Door_Hardware_Base_Color.jpg
[2.945s] -- Installing: /home/aimen/auto-weed-removal/ros2_ws/install/simulation/share/simulation/worlds/cozy_cottage/source/Fence_Panel_Base_Color.jpg
[2.946s] -- Installing: /home/aimen/auto-weed-removal/ros2_ws/install/simulation/share/simulation/worlds/cozy_cottage/source/Basement_Floor_Base_Color.jpg
[2.947s] -- Installing: /home/aimen/auto-weed-removal/ros2_ws/install/simulation/share/simulation/worlds/cozy_cottage/source/Basement_Beam_Base_Color.jpg
[2.947s] -- Installing: /home/aimen/auto-weed-removal/ros2_ws/install/simulation/share/simulation/worlds/cozy_cottage/source/Kitchen_Faucet_Base_Color.jpg
[2.947s] -- Installing: /home/aimen/auto-weed-removal/ros2_ws/install/simulation/share/simulation/worlds/cozy_cottage/source/Toilet_Seat_Base_Color.jpg
[2.947s] -- Installing: /home/aimen/auto-weed-removal/ros2_ws/install/simulation/share/simulation/worlds/cozy_cottage/source/Bathroom_Paneling_Base_Color.jpg
[2.948s] -- Installing: /home/aimen/auto-weed-removal/ros2_ws/install/simulation/share/simulation/worlds/cozy_cottage/source/Stair_Rail_Base_Color.jpg
[2.948s] -- Installing: /home/aimen/auto-weed-removal/ros2_ws/install/simulation/share/simulation/worlds/cozy_cottage/source/Garage_Exterior_Trim_Base_Color.jpg
[2.949s] -- Installing: /home/aimen/auto-weed-removal/ros2_ws/install/simulation/share/simulation/worlds/cozy_cottage/source/Road_Base_Color.jpg
[2.950s] -- Installing: /home/aimen/auto-weed-removal/ros2_ws/install/simulation/share/simulation/worlds/cozy_cottage/source/Garage_Shingles_Base_Color.jpg
[2.952s] -- Installing: /home/aimen/auto-weed-removal/ros2_ws/install/simulation/share/simulation/worlds/cozy_cottage/source/Toilet_Porcelain_Base_Color.jpg
[2.952s] -- Installing: /home/aimen/auto-weed-removal/ros2_ws/install/simulation/share/simulation/worlds/cozy_cottage/source/Sidewalk_Base_Color.jpg
[2.953s] -- Installing: /home/aimen/auto-weed-removal/ros2_ws/install/simulation/share/simulation/worlds/cozy_cottage/source/Stairwell_Wall_Framing_Base_Color.jpg
[2.953s] -- Installing: /home/aimen/auto-weed-removal/ros2_ws/install/simulation/share/simulation/worlds/cozy_cottage/source/Street_Light_Base_Color.jpg
[2.954s] -- Installing: /home/aimen/auto-weed-removal/ros2_ws/install/simulation/share/simulation/worlds/cozy_cottage/source/Bathroom_Cabinet_Base_Color.jpg
[2.954s] -- Installing: /home/aimen/auto-weed-removal/ros2_ws/install/simulation/share/simulation/worlds/cozy_cottage/source/Garage_Framing_Base_Color.jpg
[2.956s] -- Installing: /home/aimen/auto-weed-removal/ros2_ws/install/simulation/share/simulation/worlds/cozy_cottage/source/Garage_Slab_Base_Color.jpg
[2.957s] -- Installing: /home/aimen/auto-weed-removal/ros2_ws/install/simulation/share/simulation/worlds/cozy_cottage/source/Bathroom_Light_Fixture_Base_Color.jpg
[2.957s] -- Installing: /home/aimen/auto-weed-removal/ros2_ws/install/simulation/share/simulation/worlds/cozy_cottage/source/Lawn Texture.jpg
[2.958s] -- Installing: /home/aimen/auto-weed-removal/ros2_ws/install/simulation/share/simulation/worlds/cozy_cottage/source/Kitchen_Countertop_Base_Color.jpg
[2.958s] -- Installing: /home/aimen/auto-weed-removal/ros2_ws/install/simulation/share/simulation/worlds/cozy_cottage/source/Back_Porch_Trim_Base_Color.jpg
[2.958s] -- Installing: /home/aimen/auto-weed-removal/ros2_ws/install/simulation/share/simulation/worlds/cozy_cottage/source/Splash Guard.jpg
[2.959s] -- Installing: /home/aimen/auto-weed-removal/ros2_ws/install/simulation/share/simulation/worlds/cozy_cottage/source/Garage_Siding_Base_Color.jpg
[2.959s] -- Installing: /home/aimen/auto-weed-removal/ros2_ws/install/simulation/share/simulation/worlds/cozy_cottage/source/Chimney_Base_Color.jpg
[2.960s] -- Installing: /home/aimen/auto-weed-removal/ros2_ws/install/simulation/share/simulation/worlds/cozy_cottage/source/Stair_Nosing_Base_Color.jpg
[2.960s] -- Installing: /home/aimen/auto-weed-removal/ros2_ws/install/simulation/share/simulation/worlds/cozy_cottage/source/Passage_Door_Base_Color.jpg
[2.961s] -- Installing: /home/aimen/auto-weed-removal/ros2_ws/install/simulation/share/simulation/worlds/cozy_cottage/source/Baseboards_Base_Color.jpg
[2.961s] -- Installing: /home/aimen/auto-weed-removal/ros2_ws/install/simulation/share/simulation/worlds/cozy_cottage/source/Garage_Foundation_Base_Color.jpg
[2.962s] -- Installing: /home/aimen/auto-weed-removal/ros2_ws/install/simulation/share/simulation/worlds/cozy_cottage/source/Kitchen Wallpaper.jpg
[2.962s] -- Installing: /home/aimen/auto-weed-removal/ros2_ws/install/simulation/share/simulation/worlds/cozy_cottage/source/Curb_Base_Color.jpg
[2.962s] -- Installing: /home/aimen/auto-weed-removal/ros2_ws/install/simulation/share/simulation/worlds/cozy_cottage/source/Interior_Door_Casing_Base_Color.jpg
[2.963s] -- Installing: /home/aimen/auto-weed-removal/ros2_ws/install/simulation/share/simulation/worlds/cozy_cottage/source/Mailbox_Base_Color.jpg
[2.963s] -- Installing: /home/aimen/auto-weed-removal/ros2_ws/install/simulation/share/simulation/worlds/cozy_cottage/source/Shutters_Base_Color.jpg
[2.964s] -- Installing: /home/aimen/auto-weed-removal/ros2_ws/install/simulation/share/simulation/worlds/cozy_cottage/source/Shower_Door_Base_Color.jpg
[2.964s] -- Installing: /home/aimen/auto-weed-removal/ros2_ws/install/simulation/share/simulation/worlds/cozy_cottage/source/Exterior_Trim_Base_Color.jpg
[2.965s] -- Installing: /home/aimen/auto-weed-removal/ros2_ws/install/simulation/share/simulation/worlds/cozy_cottage/source/Garage_Windows_Base_Color.jpg
[2.965s] -- Installing: /home/aimen/auto-weed-removal/ros2_ws/install/simulation/share/simulation/worlds/cozy_cottage/source/Bath_Tub_Base_Color.jpg
[2.965s] -- Installing: /home/aimen/auto-weed-removal/ros2_ws/install/simulation/share/simulation/worlds/cozy_cottage/source/Front_Door_Banding_Base_Color.jpg
[2.966s] -- Installing: /home/aimen/auto-weed-removal/ros2_ws/install/simulation/share/simulation/worlds/cozy_cottage/source/Bathroom_Medicine_Cabinet_Base_Color.jpg
[2.967s] -- Installing: /home/aimen/auto-weed-removal/ros2_ws/install/simulation/share/simulation/worlds/cozy_cottage/source/Threshold_Base_Color.jpg
[2.967s] -- Installing: /home/aimen/auto-weed-removal/ros2_ws/install/simulation/share/simulation/worlds/cozy_cottage/source/Front_Porch_Concrete_Base_Color.jpg
[2.968s] -- Installing: /home/aimen/auto-weed-removal/ros2_ws/install/simulation/share/simulation/worlds/cozy_cottage/source/Switches_and_Receptacles_Base_Color.jpg
[2.968s] -- Installing: /home/aimen/auto-weed-removal/ros2_ws/install/simulation/share/simulation/worlds/cozy_cottage/source/Address_Base_Color.jpg
[2.968s] -- Installing: /home/aimen/auto-weed-removal/ros2_ws/install/simulation/share/simulation/worlds/cozy_cottage/source/Foundation_Base_Color.jpg
[2.969s] -- Installing: /home/aimen/auto-weed-removal/ros2_ws/install/simulation/share/simulation/worlds/cozy_cottage/source/Stair_Rail_Bracket_Base_Color.jpg
[2.969s] -- Installing: /home/aimen/auto-weed-removal/ros2_ws/install/simulation/share/simulation/worlds/cozy_cottage/source/Road_Lines_Base_Color.jpg
[2.970s] -- Installing: /home/aimen/auto-weed-removal/ros2_ws/install/simulation/share/simulation/worlds/cozy_cottage/source/Back_Door_Base_Color.jpg
[2.971s] -- Installing: /home/aimen/auto-weed-removal/ros2_ws/install/simulation/share/simulation/worlds/cozy_cottage/source/Bathroom_Tile_Base_Color.jpg
[2.972s] -- Installing: /home/aimen/auto-weed-removal/ros2_ws/install/simulation/share/simulation/worlds/cozy_cottage/source/Garage_Wall_Sheathing_Base_Color.jpg
[2.973s] -- Installing: /home/aimen/auto-weed-removal/ros2_ws/install/simulation/share/simulation/worlds/cozy_cottage/source/Bathroom Wallpaper.jpg
[2.973s] -- Installing: /home/aimen/auto-weed-removal/ros2_ws/install/simulation/share/simulation/worlds/cozy_cottage/source/Kitchen_Shelf_Base_Color.jpg
[2.973s] -- Installing: /home/aimen/auto-weed-removal/ros2_ws/install/simulation/share/simulation/worlds/cozy_cottage/source/Conduit_Base_Color.jpg
[2.973s] -- Installing: /home/aimen/auto-weed-removal/ros2_ws/install/simulation/share/simulation/worlds/cozy_cottage/source/Door_Hardware_Base_Color.jpg
[2.973s] -- Installing: /home/aimen/auto-weed-removal/ros2_ws/install/simulation/share/simulation/worlds/cozy_cottage/source/Utility_Pole_Base_Color.jpg
[2.974s] -- Installing: /home/aimen/auto-weed-removal/ros2_ws/install/simulation/share/simulation/worlds/cozy_cottage/source/Exterior_Window_Casing_Base_Color.jpg
[2.975s] -- Installing: /home/aimen/auto-weed-removal/ros2_ws/install/simulation/share/simulation/worlds/cozy_cottage/source/Basement_Joists_Base_Color.jpg
[2.976s] -- Installing: /home/aimen/auto-weed-removal/ros2_ws/install/simulation/share/simulation/worlds/cozy_cottage/source/Landscaping_Base_Color.jpg
[2.977s] -- Installing: /home/aimen/auto-weed-removal/ros2_ws/install/simulation/share/simulation/worlds/cozy_cottage/source/Attic_Vent_Base_Color.jpg
[2.977s] -- Installing: /home/aimen/auto-weed-removal/ros2_ws/install/simulation/share/simulation/worlds/cozy_cottage/source/Shower_Faucet_Base_Color.jpg
[2.978s] -- Installing: /home/aimen/auto-weed-removal/ros2_ws/install/simulation/share/simulation/worlds/cozy_cottage/cozy_cottage_model.sdf
[2.978s] -- Installing: /home/aimen/auto-weed-removal/ros2_ws/install/simulation/share/simulation/worlds/building_robot.sdf
[2.978s] -- Installing: /home/aimen/auto-weed-removal/ros2_ws/install/simulation/share/simulation/config
[2.978s] -- Installing: /home/aimen/auto-weed-removal/ros2_ws/install/simulation/share/simulation/config/diff_drive_controller.yaml
[2.978s] -- Installing: /home/aimen/auto-weed-removal/ros2_ws/install/simulation/libsimulation/diff_drive_publisher
[2.979s] -- Set runtime path of "/home/aimen/auto-weed-removal/ros2_ws/install/simulation/libsimulation/diff_drive_publisher" to ""
[2.979s] -- Up-to-date: /home/aimen/auto-weed-removal/ros2_ws/install/simulation/share/ament_index/resource_index/package_run_dependencies/simulation
[2.979s] -- Installing: /home/aimen/auto-weed-removal/ros2_ws/install/simulation/share/ament_index/resource_index/parent_prefix_path/simulation
[2.979s] -- Up-to-date: /home/aimen/auto-weed-removal/ros2_ws/install/simulation/share/simulation/environment/ament_prefix_path.sh
[2.979s] -- Installing: /home/aimen/auto-weed-removal/ros2_ws/install/simulation/share/simulation/environment/ament_prefix_path.dsv
[2.979s] -- Up-to-date: /home/aimen/auto-weed-removal/ros2_ws/install/simulation/share/simulation/environment/path.sh
[2.979s] -- Installing: /home/aimen/auto-weed-removal/ros2_ws/install/simulation/share/simulation/environment/path.dsv
[2.979s] -- Up-to-date: /home/aimen/auto-weed-removal/ros2_ws/install/simulation/share/simulation/local_setup.bash
[2.979s] -- Up-to-date: /home/aimen/auto-weed-removal/ros2_ws/install/simulation/share/simulation/local_setup.sh
[2.979s] -- Up-to-date: /home/aimen/auto-weed-removal/ros2_ws/install/simulation/share/simulation/local_setup.zsh
[2.979s] -- Installing: /home/aimen/auto-weed-removal/ros2_ws/install/simulation/share/simulation/local_setup.dsv
[2.979s] -- Up-to-date: /home/aimen/auto-weed-removal/ros2_ws/install/simulation/share/simulation/package.dsv
[2.979s] -- Up-to-date: /home/aimen/auto-weed-removal/ros2_ws/install/simulation/share/ament_index/resource_index/packages/simulation
[2.979s] -- Up-to-date: /home/aimen/auto-weed-removal/ros2_ws/install/simulation/share/simulation/cmake/simulationConfig.cmake
[2.979s] -- Up-to-date: /home/aimen/auto-weed-removal/ros2_ws/install/simulation/share/simulation/cmake/simulationConfig-version.cmake
[2.979s] -- Up-to-date: /home/aimen/auto-weed-removal/ros2_ws/install/simulation/share/simulation/package.xml
[2.980s] Invoked command in '/home/aimen/auto-weed-removal/ros2_ws/build/simulation' returned '0': CMAKE_PREFIX_PATH=/opt/ros/humble /usr/bin/cmake --install /home/aimen/auto-weed-removal/ros2_ws/build/simulation
