[0.006s] Invoking command in '/home/aimen/auto-weed-removal/ros2_ws/build/simulation': CMAKE_PREFIX_PATH=${CMAKE_PREFIX_PATH}:/opt/ros/humble /usr/bin/cmake --build /home/aimen/auto-weed-removal/ros2_ws/build/simulation -- -j20 -l20
[0.023s] -- Found ament_cmake: 1.3.9 (/opt/ros/humble/share/ament_cmake/cmake)
[0.113s] -- Found ros_gz_bridge: 0.244.14 (/opt/ros/humble/share/ros_gz_bridge/cmake)
[0.139s] -- Found rosidl_generator_c: 3.1.5 (/opt/ros/humble/share/rosidl_generator_c/cmake)
[0.141s] -- Found rosidl_adapter: 3.1.5 (/opt/ros/humble/share/rosidl_adapter/cmake)
[0.145s] -- Found rosidl_generator_cpp: 3.1.5 (/opt/ros/humble/share/rosidl_generator_cpp/cmake)
[0.152s] -- Using all available rosidl_typesupport_c: rosidl_typesupport_fastrtps_c;rosidl_typesupport_introspection_c
[0.161s] -- Using all available rosidl_typesupport_cpp: rosidl_typesupport_fastrtps_cpp;rosidl_typesupport_introspection_cpp
[0.198s] -- Found rmw_implementation_cmake: 6.1.2 (/opt/ros/humble/share/rmw_implementation_cmake/cmake)
[0.199s] -- Found rmw_fastrtps_cpp: 6.2.6 (/opt/ros/humble/share/rmw_fastrtps_cpp/cmake)
[0.277s] -- Using RMW implementation 'rmw_fastrtps_cpp' as default
[0.438s] -- Found Protobuf: /usr/lib/x86_64-linux-gnu/libprotobuf.so (found suitable version "3.12.4", minimum required is "3") 
[0.491s] -- Found Protobuf: /usr/lib/x86_64-linux-gnu/libprotobuf.so (found version "3.12.4") 
[1.146s] -- Configuring done
[1.152s] -- Generating done
[1.153s] -- Build files have been written to: /home/aimen/auto-weed-removal/ros2_ws/build/simulation
[1.170s] [35m[1mConsolidate compiler generated dependencies of target diff_drive_publisher[0m
[1.184s] [100%] Built target diff_drive_publisher
[1.197s] Invoked command in '/home/aimen/auto-weed-removal/ros2_ws/build/simulation' returned '0': CMAKE_PREFIX_PATH=${CMAKE_PREFIX_PATH}:/opt/ros/humble /usr/bin/cmake --build /home/aimen/auto-weed-removal/ros2_ws/build/simulation -- -j20 -l20
[1.234s] Invoking command in '/home/aimen/auto-weed-removal/ros2_ws/build/simulation': CMAKE_PREFIX_PATH=${CMAKE_PREFIX_PATH}:/opt/ros/humble /usr/bin/cmake --install /home/aimen/auto-weed-removal/ros2_ws/build/simulation
[1.242s] -- Install configuration: ""
[1.242s] -- Up-to-date: /home/aimen/auto-weed-removal/ros2_ws/install/simulation/share/simulation/launch
[1.242s] -- Up-to-date: /home/aimen/auto-weed-removal/ros2_ws/install/simulation/share/simulation/launch/building_robot.launch.py
[1.242s] -- Installing: /home/aimen/auto-weed-removal/ros2_ws/install/simulation/share/simulation/src
[1.242s] -- Installing: /home/aimen/auto-weed-removal/ros2_ws/install/simulation/share/simulation/src/worlds
[1.243s] -- Installing: /home/aimen/auto-weed-removal/ros2_ws/install/simulation/share/simulation/src/worlds/launchtemp.py
[1.243s] -- Installing: /home/aimen/auto-weed-removal/ros2_ws/install/simulation/share/simulation/src/worlds/cozy_cottage
[1.243s] -- Installing: /home/aimen/auto-weed-removal/ros2_ws/install/simulation/share/simulation/src/worlds/cozy_cottage/source
[1.243s] -- Installing: /home/aimen/auto-weed-removal/ros2_ws/install/simulation/share/simulation/src/worlds/cozy_cottage/source/Garage_Door_Frames_Base_Color.jpg
[1.243s] -- Installing: /home/aimen/auto-weed-removal/ros2_ws/install/simulation/share/simulation/src/worlds/cozy_cottage/source/Bathroom_Window_Interior_Casing_Base_Color.jpg
[1.244s] -- Installing: /home/aimen/auto-weed-removal/ros2_ws/install/simulation/share/simulation/src/worlds/cozy_cottage/source/Basement_Windows_Base_Color.jpg
[1.245s] -- Installing: /home/aimen/auto-weed-removal/ros2_ws/install/simulation/share/simulation/src/worlds/cozy_cottage/source/Kitchen_Sink_Base_Color.jpg
[1.245s] -- Installing: /home/aimen/auto-weed-removal/ros2_ws/install/simulation/share/simulation/src/worlds/cozy_cottage/source/Kitchen_Counter_Backsplash_Base_Color.jpg
[1.246s] -- Installing: /home/aimen/auto-weed-removal/ros2_ws/install/simulation/share/simulation/src/worlds/cozy_cottage/source/Bathroom_Shower_Tile_Base_Color.jpg
[1.246s] -- Installing: /home/aimen/auto-weed-removal/ros2_ws/install/simulation/share/simulation/src/worlds/cozy_cottage/source/Garage_Entry_Door_Base_Color.jpg
[1.248s] -- Installing: /home/aimen/auto-weed-removal/ros2_ws/install/simulation/share/simulation/src/worlds/cozy_cottage/source/Interior_Casings_Base_Color.jpg
[1.249s] -- Installing: /home/aimen/auto-weed-removal/ros2_ws/install/simulation/share/simulation/src/worlds/cozy_cottage/source/Siding_Base_Color.jpg
[1.250s] -- Installing: /home/aimen/auto-weed-removal/ros2_ws/install/simulation/share/simulation/src/worlds/cozy_cottage/source/Porch_Light_01_Base_Color.jpg
[1.250s] -- Installing: /home/aimen/auto-weed-removal/ros2_ws/install/simulation/share/simulation/src/worlds/cozy_cottage/source/Front_Porch_Brick_Base_Color.jpg
[1.252s] -- Installing: /home/aimen/auto-weed-removal/ros2_ws/install/simulation/share/simulation/src/worlds/cozy_cottage/source/Front_Porch_Trim_Base_Color.jpg
[1.252s] -- Installing: /home/aimen/auto-weed-removal/ros2_ws/install/simulation/share/simulation/src/worlds/cozy_cottage/source/Heat Register Texture.jpg
[1.252s] -- Installing: /home/aimen/auto-weed-removal/ros2_ws/install/simulation/share/simulation/src/worlds/cozy_cottage/source/Window_Base_Color.jpg
[1.253s] -- Installing: /home/aimen/auto-weed-removal/ros2_ws/install/simulation/share/simulation/src/worlds/cozy_cottage/source/Showerhead_Base_Color.jpg
[1.253s] -- Installing: /home/aimen/auto-weed-removal/ros2_ws/install/simulation/share/simulation/src/worlds/cozy_cottage/source/cozy-cottage-dae.dae
[1.314s] -- Installing: /home/aimen/auto-weed-removal/ros2_ws/install/simulation/share/simulation/src/worlds/cozy_cottage/source/Back_Porch_Stairs_Base_Color.jpg
[1.315s] -- Installing: /home/aimen/auto-weed-removal/ros2_ws/install/simulation/share/simulation/src/worlds/cozy_cottage/source/Toilet_Hardware_Base_Color.jpg
[1.315s] -- Installing: /home/aimen/auto-weed-removal/ros2_ws/install/simulation/share/simulation/src/worlds/cozy_cottage/source/Garage_Door_Base_Color.jpg
[1.316s] -- Installing: /home/aimen/auto-weed-removal/ros2_ws/install/simulation/share/simulation/src/worlds/cozy_cottage/source/Electric Meter.jpg
[1.316s] -- Installing: /home/aimen/auto-weed-removal/ros2_ws/install/simulation/share/simulation/src/worlds/cozy_cottage/source/Basement_Stairs_Base_Color.jpg
[1.316s] -- Installing: /home/aimen/auto-weed-removal/ros2_ws/install/simulation/share/simulation/src/worlds/cozy_cottage/source/Bathroom_Medicine_Cabinet_Knob_Base_Color.jpg
[1.316s] -- Installing: /home/aimen/auto-weed-removal/ros2_ws/install/simulation/share/simulation/src/worlds/cozy_cottage/source/Brass_Base_Color.jpg
[1.316s] -- Installing: /home/aimen/auto-weed-removal/ros2_ws/install/simulation/share/simulation/src/worlds/cozy_cottage/source/Floor_Boards_Base_Color.jpg
[1.318s] -- Installing: /home/aimen/auto-weed-removal/ros2_ws/install/simulation/share/simulation/src/worlds/cozy_cottage/source/Kitchen_Cabinet_Drawer_Pull_Base_Color.jpg
[1.318s] -- Installing: /home/aimen/auto-weed-removal/ros2_ws/install/simulation/share/simulation/src/worlds/cozy_cottage/source/Hardwood_Base_Color.jpg
[1.319s] -- Installing: /home/aimen/auto-weed-removal/ros2_ws/install/simulation/share/simulation/src/worlds/cozy_cottage/source/Basement_Paneling_Base_Color.jpg
[1.319s] -- Installing: /home/aimen/auto-weed-removal/ros2_ws/install/simulation/share/simulation/src/worlds/cozy_cottage/source/Bathroom_Sink_Base_Color.jpg
[1.321s] -- Installing: /home/aimen/auto-weed-removal/ros2_ws/install/simulation/share/simulation/src/worlds/cozy_cottage/source/Speed_Limit_Sign_Base_Color.jpg
[1.321s] -- Installing: /home/aimen/auto-weed-removal/ros2_ws/install/simulation/share/simulation/src/worlds/cozy_cottage/source/Front_Door_Base_Color.jpg
[1.322s] -- Installing: /home/aimen/auto-weed-removal/ros2_ws/install/simulation/share/simulation/src/worlds/cozy_cottage/source/Garage_Door_Track_Base_Color.jpg
[1.322s] -- Installing: /home/aimen/auto-weed-removal/ros2_ws/install/simulation/share/simulation/src/worlds/cozy_cottage/source/Shingles_Base_Color.jpg
[1.323s] -- Installing: /home/aimen/auto-weed-removal/ros2_ws/install/simulation/share/simulation/src/worlds/cozy_cottage/source/Kitchen_Cabinet_Doors_Base_Color.jpg
[1.324s] -- Installing: /home/aimen/auto-weed-removal/ros2_ws/install/simulation/share/simulation/src/worlds/cozy_cottage/source/Vent_Pipe_Base_Color.jpg
[1.324s] -- Installing: /home/aimen/auto-weed-removal/ros2_ws/install/simulation/share/simulation/src/worlds/cozy_cottage/source/Electric_Meter_Box_Base_Color.jpg
[1.324s] -- Installing: /home/aimen/auto-weed-removal/ros2_ws/install/simulation/share/simulation/src/worlds/cozy_cottage/source/Lally_Columns_Base_Color.jpg
[1.325s] -- Installing: /home/aimen/auto-weed-removal/ros2_ws/install/simulation/share/simulation/src/worlds/cozy_cottage/source/Garage_Door_Hardware_Base_Color.jpg
[1.325s] -- Installing: /home/aimen/auto-weed-removal/ros2_ws/install/simulation/share/simulation/src/worlds/cozy_cottage/source/Bathroom_Faucet_Base_Color.jpg
[1.325s] -- Installing: /home/aimen/auto-weed-removal/ros2_ws/install/simulation/share/simulation/src/worlds/cozy_cottage/source/Kitchen_Cabinets_Base_Color.jpg
[1.326s] -- Installing: /home/aimen/auto-weed-removal/ros2_ws/install/simulation/share/simulation/src/worlds/cozy_cottage/source/Garage_Roof_Sheating_Base_Color.jpg
[1.327s] -- Installing: /home/aimen/auto-weed-removal/ros2_ws/install/simulation/share/simulation/src/worlds/cozy_cottage/source/Passage_Door_Hardware_Base_Color.jpg
[1.327s] -- Installing: /home/aimen/auto-weed-removal/ros2_ws/install/simulation/share/simulation/src/worlds/cozy_cottage/source/Fence_Panel_Base_Color.jpg
[1.328s] -- Installing: /home/aimen/auto-weed-removal/ros2_ws/install/simulation/share/simulation/src/worlds/cozy_cottage/source/Basement_Floor_Base_Color.jpg
[1.329s] -- Installing: /home/aimen/auto-weed-removal/ros2_ws/install/simulation/share/simulation/src/worlds/cozy_cottage/source/Basement_Beam_Base_Color.jpg
[1.329s] -- Installing: /home/aimen/auto-weed-removal/ros2_ws/install/simulation/share/simulation/src/worlds/cozy_cottage/source/Kitchen_Faucet_Base_Color.jpg
[1.329s] -- Installing: /home/aimen/auto-weed-removal/ros2_ws/install/simulation/share/simulation/src/worlds/cozy_cottage/source/Toilet_Seat_Base_Color.jpg
[1.330s] -- Installing: /home/aimen/auto-weed-removal/ros2_ws/install/simulation/share/simulation/src/worlds/cozy_cottage/source/Bathroom_Paneling_Base_Color.jpg
[1.331s] -- Installing: /home/aimen/auto-weed-removal/ros2_ws/install/simulation/share/simulation/src/worlds/cozy_cottage/source/Stair_Rail_Base_Color.jpg
[1.331s] -- Installing: /home/aimen/auto-weed-removal/ros2_ws/install/simulation/share/simulation/src/worlds/cozy_cottage/source/Garage_Exterior_Trim_Base_Color.jpg
[1.332s] -- Installing: /home/aimen/auto-weed-removal/ros2_ws/install/simulation/share/simulation/src/worlds/cozy_cottage/source/Road_Base_Color.jpg
[1.333s] -- Installing: /home/aimen/auto-weed-removal/ros2_ws/install/simulation/share/simulation/src/worlds/cozy_cottage/source/Garage_Shingles_Base_Color.jpg
[1.335s] -- Installing: /home/aimen/auto-weed-removal/ros2_ws/install/simulation/share/simulation/src/worlds/cozy_cottage/source/Toilet_Porcelain_Base_Color.jpg
[1.336s] -- Installing: /home/aimen/auto-weed-removal/ros2_ws/install/simulation/share/simulation/src/worlds/cozy_cottage/source/Sidewalk_Base_Color.jpg
[1.337s] -- Installing: /home/aimen/auto-weed-removal/ros2_ws/install/simulation/share/simulation/src/worlds/cozy_cottage/source/Stairwell_Wall_Framing_Base_Color.jpg
[1.337s] -- Installing: /home/aimen/auto-weed-removal/ros2_ws/install/simulation/share/simulation/src/worlds/cozy_cottage/source/Street_Light_Base_Color.jpg
[1.338s] -- Installing: /home/aimen/auto-weed-removal/ros2_ws/install/simulation/share/simulation/src/worlds/cozy_cottage/source/Bathroom_Cabinet_Base_Color.jpg
[1.338s] -- Installing: /home/aimen/auto-weed-removal/ros2_ws/install/simulation/share/simulation/src/worlds/cozy_cottage/source/Garage_Framing_Base_Color.jpg
[1.340s] -- Installing: /home/aimen/auto-weed-removal/ros2_ws/install/simulation/share/simulation/src/worlds/cozy_cottage/source/Garage_Slab_Base_Color.jpg
[1.341s] -- Installing: /home/aimen/auto-weed-removal/ros2_ws/install/simulation/share/simulation/src/worlds/cozy_cottage/source/Bathroom_Light_Fixture_Base_Color.jpg
[1.341s] -- Installing: /home/aimen/auto-weed-removal/ros2_ws/install/simulation/share/simulation/src/worlds/cozy_cottage/source/Lawn Texture.jpg
[1.342s] -- Installing: /home/aimen/auto-weed-removal/ros2_ws/install/simulation/share/simulation/src/worlds/cozy_cottage/source/Kitchen_Countertop_Base_Color.jpg
[1.342s] -- Installing: /home/aimen/auto-weed-removal/ros2_ws/install/simulation/share/simulation/src/worlds/cozy_cottage/source/Back_Porch_Trim_Base_Color.jpg
[1.343s] -- Installing: /home/aimen/auto-weed-removal/ros2_ws/install/simulation/share/simulation/src/worlds/cozy_cottage/source/Splash Guard.jpg
[1.343s] -- Installing: /home/aimen/auto-weed-removal/ros2_ws/install/simulation/share/simulation/src/worlds/cozy_cottage/source/Garage_Siding_Base_Color.jpg
[1.344s] -- Installing: /home/aimen/auto-weed-removal/ros2_ws/install/simulation/share/simulation/src/worlds/cozy_cottage/source/Chimney_Base_Color.jpg
[1.344s] -- Installing: /home/aimen/auto-weed-removal/ros2_ws/install/simulation/share/simulation/src/worlds/cozy_cottage/source/Stair_Nosing_Base_Color.jpg
[1.345s] -- Installing: /home/aimen/auto-weed-removal/ros2_ws/install/simulation/share/simulation/src/worlds/cozy_cottage/source/Passage_Door_Base_Color.jpg
[1.345s] -- Installing: /home/aimen/auto-weed-removal/ros2_ws/install/simulation/share/simulation/src/worlds/cozy_cottage/source/Baseboards_Base_Color.jpg
[1.345s] -- Installing: /home/aimen/auto-weed-removal/ros2_ws/install/simulation/share/simulation/src/worlds/cozy_cottage/source/Garage_Foundation_Base_Color.jpg
[1.346s] -- Installing: /home/aimen/auto-weed-removal/ros2_ws/install/simulation/share/simulation/src/worlds/cozy_cottage/source/Kitchen Wallpaper.jpg
[1.346s] -- Installing: /home/aimen/auto-weed-removal/ros2_ws/install/simulation/share/simulation/src/worlds/cozy_cottage/source/Curb_Base_Color.jpg
[1.347s] -- Installing: /home/aimen/auto-weed-removal/ros2_ws/install/simulation/share/simulation/src/worlds/cozy_cottage/source/Interior_Door_Casing_Base_Color.jpg
[1.348s] -- Installing: /home/aimen/auto-weed-removal/ros2_ws/install/simulation/share/simulation/src/worlds/cozy_cottage/source/Mailbox_Base_Color.jpg
[1.348s] -- Installing: /home/aimen/auto-weed-removal/ros2_ws/install/simulation/share/simulation/src/worlds/cozy_cottage/source/Shutters_Base_Color.jpg
[1.348s] -- Installing: /home/aimen/auto-weed-removal/ros2_ws/install/simulation/share/simulation/src/worlds/cozy_cottage/source/Shower_Door_Base_Color.jpg
[1.348s] -- Installing: /home/aimen/auto-weed-removal/ros2_ws/install/simulation/share/simulation/src/worlds/cozy_cottage/source/Exterior_Trim_Base_Color.jpg
[1.349s] -- Installing: /home/aimen/auto-weed-removal/ros2_ws/install/simulation/share/simulation/src/worlds/cozy_cottage/source/Garage_Windows_Base_Color.jpg
[1.350s] -- Installing: /home/aimen/auto-weed-removal/ros2_ws/install/simulation/share/simulation/src/worlds/cozy_cottage/source/Bath_Tub_Base_Color.jpg
[1.350s] -- Installing: /home/aimen/auto-weed-removal/ros2_ws/install/simulation/share/simulation/src/worlds/cozy_cottage/source/Front_Door_Banding_Base_Color.jpg
[1.350s] -- Installing: /home/aimen/auto-weed-removal/ros2_ws/install/simulation/share/simulation/src/worlds/cozy_cottage/source/Bathroom_Medicine_Cabinet_Base_Color.jpg
[1.351s] -- Installing: /home/aimen/auto-weed-removal/ros2_ws/install/simulation/share/simulation/src/worlds/cozy_cottage/source/Threshold_Base_Color.jpg
[1.351s] -- Installing: /home/aimen/auto-weed-removal/ros2_ws/install/simulation/share/simulation/src/worlds/cozy_cottage/source/Front_Porch_Concrete_Base_Color.jpg
[1.352s] -- Installing: /home/aimen/auto-weed-removal/ros2_ws/install/simulation/share/simulation/src/worlds/cozy_cottage/source/Switches_and_Receptacles_Base_Color.jpg
[1.352s] -- Installing: /home/aimen/auto-weed-removal/ros2_ws/install/simulation/share/simulation/src/worlds/cozy_cottage/source/Address_Base_Color.jpg
[1.352s] -- Installing: /home/aimen/auto-weed-removal/ros2_ws/install/simulation/share/simulation/src/worlds/cozy_cottage/source/Foundation_Base_Color.jpg
[1.353s] -- Installing: /home/aimen/auto-weed-removal/ros2_ws/install/simulation/share/simulation/src/worlds/cozy_cottage/source/Stair_Rail_Bracket_Base_Color.jpg
[1.353s] -- Installing: /home/aimen/auto-weed-removal/ros2_ws/install/simulation/share/simulation/src/worlds/cozy_cottage/source/Road_Lines_Base_Color.jpg
[1.355s] -- Installing: /home/aimen/auto-weed-removal/ros2_ws/install/simulation/share/simulation/src/worlds/cozy_cottage/source/Back_Door_Base_Color.jpg
[1.355s] -- Installing: /home/aimen/auto-weed-removal/ros2_ws/install/simulation/share/simulation/src/worlds/cozy_cottage/source/Bathroom_Tile_Base_Color.jpg
[1.356s] -- Installing: /home/aimen/auto-weed-removal/ros2_ws/install/simulation/share/simulation/src/worlds/cozy_cottage/source/Garage_Wall_Sheathing_Base_Color.jpg
[1.357s] -- Installing: /home/aimen/auto-weed-removal/ros2_ws/install/simulation/share/simulation/src/worlds/cozy_cottage/source/Bathroom Wallpaper.jpg
[1.357s] -- Installing: /home/aimen/auto-weed-removal/ros2_ws/install/simulation/share/simulation/src/worlds/cozy_cottage/source/Kitchen_Shelf_Base_Color.jpg
[1.357s] -- Installing: /home/aimen/auto-weed-removal/ros2_ws/install/simulation/share/simulation/src/worlds/cozy_cottage/source/Conduit_Base_Color.jpg
[1.358s] -- Installing: /home/aimen/auto-weed-removal/ros2_ws/install/simulation/share/simulation/src/worlds/cozy_cottage/source/Door_Hardware_Base_Color.jpg
[1.358s] -- Installing: /home/aimen/auto-weed-removal/ros2_ws/install/simulation/share/simulation/src/worlds/cozy_cottage/source/Utility_Pole_Base_Color.jpg
[1.359s] -- Installing: /home/aimen/auto-weed-removal/ros2_ws/install/simulation/share/simulation/src/worlds/cozy_cottage/source/Exterior_Window_Casing_Base_Color.jpg
[1.360s] -- Installing: /home/aimen/auto-weed-removal/ros2_ws/install/simulation/share/simulation/src/worlds/cozy_cottage/source/Basement_Joists_Base_Color.jpg
[1.361s] -- Installing: /home/aimen/auto-weed-removal/ros2_ws/install/simulation/share/simulation/src/worlds/cozy_cottage/source/Landscaping_Base_Color.jpg
[1.362s] -- Installing: /home/aimen/auto-weed-removal/ros2_ws/install/simulation/share/simulation/src/worlds/cozy_cottage/source/Attic_Vent_Base_Color.jpg
[1.362s] -- Installing: /home/aimen/auto-weed-removal/ros2_ws/install/simulation/share/simulation/src/worlds/cozy_cottage/source/Shower_Faucet_Base_Color.jpg
[1.362s] -- Installing: /home/aimen/auto-weed-removal/ros2_ws/install/simulation/share/simulation/src/worlds/cozy_cottage/cozy_cottage_model.sdf
[1.362s] -- Installing: /home/aimen/auto-weed-removal/ros2_ws/install/simulation/share/simulation/src/worlds/building_robot.sdf
[1.362s] -- Installing: /home/aimen/auto-weed-removal/ros2_ws/install/simulation/share/simulation/src/diff_drive_publisher.cpp
[1.362s] [31mCMake Error at cmake_install.cmake:46 (file):
[1.363s]   file INSTALL cannot find
[1.363s]   "/home/aimen/auto-weed-removal/ros2_ws/src/simulation/worlds": No such file
[1.363s]   or directory.
[1.363s] 
[1.363s] [0m
[1.364s] Invoked command in '/home/aimen/auto-weed-removal/ros2_ws/build/simulation' returned '1': CMAKE_PREFIX_PATH=${CMAKE_PREFIX_PATH}:/opt/ros/humble /usr/bin/cmake --install /home/aimen/auto-weed-removal/ros2_ws/build/simulation
