[0.006s] Invoking command in '/home/aimen/auto-weed-removal/ros2_ws/build/name_description': CMAKE_PREFIX_PATH=${CMAKE_PREFIX_PATH}:/opt/ros/humble /usr/bin/cmake --build /home/aimen/auto-weed-removal/ros2_ws/build/name_description -- -j20 -l20
[0.023s] -- Found ament_cmake: 1.3.9 (/opt/ros/humble/share/ament_cmake/cmake)
[0.128s] -- Found rclcpp: 16.0.9 (/opt/ros/humble/share/rclcpp/cmake)
[0.147s] -- Found rosidl_generator_c: 3.1.5 (/opt/ros/humble/share/rosidl_generator_c/cmake)
[0.149s] -- Found rosidl_adapter: 3.1.5 (/opt/ros/humble/share/rosidl_adapter/cmake)
[0.152s] -- Found rosidl_generator_cpp: 3.1.5 (/opt/ros/humble/share/rosidl_generator_cpp/cmake)
[0.159s] -- Using all available rosidl_typesupport_c: rosidl_typesupport_fastrtps_c;rosidl_typesupport_introspection_c
[0.169s] -- Using all available rosidl_typesupport_cpp: rosidl_typesupport_fastrtps_cpp;rosidl_typesupport_introspection_cpp
[0.206s] -- Found rmw_implementation_cmake: 6.1.2 (/opt/ros/humble/share/rmw_implementation_cmake/cmake)
[0.207s] -- Found rmw_fastrtps_cpp: 6.2.6 (/opt/ros/humble/share/rmw_fastrtps_cpp/cmake)
[0.287s] -- Using RMW implementation 'rmw_fastrtps_cpp' as default
[0.389s] -- Found rclpy: 3.3.13 (/opt/ros/humble/share/rclpy/cmake)
[0.471s] -- Configuring done
[0.474s] -- Generating done
[0.475s] -- Build files have been written to: /home/aimen/auto-weed-removal/ros2_ws/build/name_description
[0.507s] Built target ament_cmake_python_copy_name_description
[0.685s] running egg_info
[0.686s] writing name_description.egg-info/PKG-INFO
[0.686s] writing dependency_links to name_description.egg-info/dependency_links.txt
[0.686s] writing top-level names to name_description.egg-info/top_level.txt
[0.687s] reading manifest file 'name_description.egg-info/SOURCES.txt'
[0.687s] writing manifest file 'name_description.egg-info/SOURCES.txt'
[0.703s] Built target ament_cmake_python_build_name_description_egg
[0.711s] Invoked command in '/home/aimen/auto-weed-removal/ros2_ws/build/name_description' returned '0': CMAKE_PREFIX_PATH=${CMAKE_PREFIX_PATH}:/opt/ros/humble /usr/bin/cmake --build /home/aimen/auto-weed-removal/ros2_ws/build/name_description -- -j20 -l20
[0.741s] Invoking command in '/home/aimen/auto-weed-removal/ros2_ws/build/name_description': CMAKE_PREFIX_PATH=${CMAKE_PREFIX_PATH}:/opt/ros/humble /usr/bin/cmake --install /home/aimen/auto-weed-removal/ros2_ws/build/name_description
[0.749s] -- Install configuration: ""
[0.749s] -- Up-to-date: /home/aimen/auto-weed-removal/ros2_ws/install/name_description/share/name_description/environment/pythonpath.sh
[0.749s] -- Installing: /home/aimen/auto-weed-removal/ros2_ws/install/name_description/share/name_description/environment/pythonpath.dsv
[0.749s] -- Up-to-date: /home/aimen/auto-weed-removal/ros2_ws/install/name_description/local/lib/python3.10/dist-packages/name_description-0.0.0-py3.10.egg-info
[0.749s] -- Installing: /home/aimen/auto-weed-removal/ros2_ws/install/name_description/local/lib/python3.10/dist-packages/name_description-0.0.0-py3.10.egg-info/PKG-INFO
[0.749s] -- Installing: /home/aimen/auto-weed-removal/ros2_ws/install/name_description/local/lib/python3.10/dist-packages/name_description-0.0.0-py3.10.egg-info/SOURCES.txt
[0.749s] -- Installing: /home/aimen/auto-weed-removal/ros2_ws/install/name_description/local/lib/python3.10/dist-packages/name_description-0.0.0-py3.10.egg-info/dependency_links.txt
[0.749s] -- Installing: /home/aimen/auto-weed-removal/ros2_ws/install/name_description/local/lib/python3.10/dist-packages/name_description-0.0.0-py3.10.egg-info/top_level.txt
[0.749s] -- Up-to-date: /home/aimen/auto-weed-removal/ros2_ws/install/name_description/local/lib/python3.10/dist-packages/name_description
[0.749s] -- Up-to-date: /home/aimen/auto-weed-removal/ros2_ws/install/name_description/local/lib/python3.10/dist-packages/name_description/__init__.py
[0.749s] -- Up-to-date: /home/aimen/auto-weed-removal/ros2_ws/install/name_description/local/lib/python3.10/dist-packages/name_description/dummy_module.py
[0.750s] -- Up-to-date: /home/aimen/auto-weed-removal/ros2_ws/install/name_description/local/lib/python3.10/dist-packages/name_description/config_modifier.py
[0.778s] Listing '/home/aimen/auto-weed-removal/ros2_ws/install/name_description/local/lib/python3.10/dist-packages/name_description'...
[0.780s] -- Up-to-date: /home/aimen/auto-weed-removal/ros2_ws/install/name_description/lib/name_description/inverse_kinematics.py
[0.780s] -- Installing: /home/aimen/auto-weed-removal/ros2_ws/install/name_description/lib/name_description/inverse_kinematics_controller.py
[0.780s] -- Up-to-date: /home/aimen/auto-weed-removal/ros2_ws/install/name_description/share/name_description/launch
[0.780s] -- Up-to-date: /home/aimen/auto-weed-removal/ros2_ws/install/name_description/share/name_description/launch/display.launch.py
[0.780s] -- Up-to-date: /home/aimen/auto-weed-removal/ros2_ws/install/name_description/share/name_description/robot
[0.780s] -- Up-to-date: /home/aimen/auto-weed-removal/ros2_ws/install/name_description/share/name_description/robot/namespace
[0.781s] -- Up-to-date: /home/aimen/auto-weed-removal/ros2_ws/install/name_description/share/name_description/robot/namespace/dynamics
[0.781s] -- Up-to-date: /home/aimen/auto-weed-removal/ros2_ws/install/name_description/share/name_description/robot/namespace/dynamics/wheel.xacro
[0.781s] -- Up-to-date: /home/aimen/auto-weed-removal/ros2_ws/install/name_description/share/name_description/robot/namespace/dynamics/castor.xacro
[0.781s] -- Up-to-date: /home/aimen/auto-weed-removal/ros2_ws/install/name_description/share/name_description/robot/namespace/dynamics/name.xacro
[0.781s] -- Up-to-date: /home/aimen/auto-weed-removal/ros2_ws/install/name_description/share/name_description/robot/namespace/dynamics/chassis.xacro
[0.781s] -- Up-to-date: /home/aimen/auto-weed-removal/ros2_ws/install/name_description/share/name_description/robot/namespace/dynamics/pole.xacro
[0.781s] -- Up-to-date: /home/aimen/auto-weed-removal/ros2_ws/install/name_description/share/name_description/robot/namespace/dynamics/properties.xacro
[0.781s] -- Up-to-date: /home/aimen/auto-weed-removal/ros2_ws/install/name_description/share/name_description/robot/namespace/visual
[0.781s] -- Up-to-date: /home/aimen/auto-weed-removal/ros2_ws/install/name_description/share/name_description/robot/namespace/visual/wheel.xacro
[0.781s] -- Up-to-date: /home/aimen/auto-weed-removal/ros2_ws/install/name_description/share/name_description/robot/namespace/visual/castor.xacro
[0.781s] -- Up-to-date: /home/aimen/auto-weed-removal/ros2_ws/install/name_description/share/name_description/robot/namespace/visual/name.xacro
[0.781s] -- Up-to-date: /home/aimen/auto-weed-removal/ros2_ws/install/name_description/share/name_description/robot/namespace/visual/chassis.xacro
[0.781s] -- Up-to-date: /home/aimen/auto-weed-removal/ros2_ws/install/name_description/share/name_description/robot/namespace/visual/sensor.xacro
[0.781s] -- Up-to-date: /home/aimen/auto-weed-removal/ros2_ws/install/name_description/share/name_description/robot/namespace/visual/properties.xacro
[0.781s] -- Up-to-date: /home/aimen/auto-weed-removal/ros2_ws/install/name_description/share/name_description/robot/dynamics
[0.781s] -- Up-to-date: /home/aimen/auto-weed-removal/ros2_ws/install/name_description/share/name_description/robot/dynamics/wheel.xacro
[0.781s] -- Up-to-date: /home/aimen/auto-weed-removal/ros2_ws/install/name_description/share/name_description/robot/dynamics/castor.xacro
[0.781s] -- Up-to-date: /home/aimen/auto-weed-removal/ros2_ws/install/name_description/share/name_description/robot/dynamics/name.xacro
[0.781s] -- Up-to-date: /home/aimen/auto-weed-removal/ros2_ws/install/name_description/share/name_description/robot/dynamics/chassis.xacro
[0.782s] -- Up-to-date: /home/aimen/auto-weed-removal/ros2_ws/install/name_description/share/name_description/robot/dynamics/pole.xacro
[0.782s] -- Up-to-date: /home/aimen/auto-weed-removal/ros2_ws/install/name_description/share/name_description/robot/dynamics/properties.xacro
[0.782s] -- Up-to-date: /home/aimen/auto-weed-removal/ros2_ws/install/name_description/share/name_description/robot/visual
[0.782s] -- Up-to-date: /home/aimen/auto-weed-removal/ros2_ws/install/name_description/share/name_description/robot/visual/wheel.xacro
[0.782s] -- Up-to-date: /home/aimen/auto-weed-removal/ros2_ws/install/name_description/share/name_description/robot/visual/castor.xacro
[0.782s] -- Up-to-date: /home/aimen/auto-weed-removal/ros2_ws/install/name_description/share/name_description/robot/visual/name.xacro
[0.782s] -- Up-to-date: /home/aimen/auto-weed-removal/ros2_ws/install/name_description/share/name_description/robot/visual/chassis.xacro
[0.782s] -- Up-to-date: /home/aimen/auto-weed-removal/ros2_ws/install/name_description/share/name_description/robot/visual/sensor.xacro
[0.782s] -- Up-to-date: /home/aimen/auto-weed-removal/ros2_ws/install/name_description/share/name_description/robot/visual/properties.xacro
[0.782s] -- Up-to-date: /home/aimen/auto-weed-removal/ros2_ws/install/name_description/share/name_description/meshes
[0.782s] -- Up-to-date: /home/aimen/auto-weed-removal/ros2_ws/install/name_description/share/name_description/meshes/coconut.stl
[0.782s] -- Up-to-date: /home/aimen/auto-weed-removal/ros2_ws/install/name_description/share/name_description/config
[0.782s] -- Up-to-date: /home/aimen/auto-weed-removal/ros2_ws/install/name_description/share/name_description/config/config.rviz
[0.782s] -- Up-to-date: /home/aimen/auto-weed-removal/ros2_ws/install/name_description/share/name_description/config/properties.yaml
[0.782s] -- Up-to-date: /home/aimen/auto-weed-removal/ros2_ws/install/name_description/share/ament_index/resource_index/package_run_dependencies/name_description
[0.782s] -- Up-to-date: /home/aimen/auto-weed-removal/ros2_ws/install/name_description/share/ament_index/resource_index/parent_prefix_path/name_description
[0.782s] -- Up-to-date: /home/aimen/auto-weed-removal/ros2_ws/install/name_description/share/name_description/environment/ament_prefix_path.sh
[0.782s] -- Installing: /home/aimen/auto-weed-removal/ros2_ws/install/name_description/share/name_description/environment/ament_prefix_path.dsv
[0.782s] -- Up-to-date: /home/aimen/auto-weed-removal/ros2_ws/install/name_description/share/name_description/environment/path.sh
[0.782s] -- Installing: /home/aimen/auto-weed-removal/ros2_ws/install/name_description/share/name_description/environment/path.dsv
[0.782s] -- Up-to-date: /home/aimen/auto-weed-removal/ros2_ws/install/name_description/share/name_description/local_setup.bash
[0.782s] -- Up-to-date: /home/aimen/auto-weed-removal/ros2_ws/install/name_description/share/name_description/local_setup.sh
[0.782s] -- Up-to-date: /home/aimen/auto-weed-removal/ros2_ws/install/name_description/share/name_description/local_setup.zsh
[0.782s] -- Installing: /home/aimen/auto-weed-removal/ros2_ws/install/name_description/share/name_description/local_setup.dsv
[0.783s] -- Installing: /home/aimen/auto-weed-removal/ros2_ws/install/name_description/share/name_description/package.dsv
[0.783s] -- Up-to-date: /home/aimen/auto-weed-removal/ros2_ws/install/name_description/share/ament_index/resource_index/packages/name_description
[0.783s] -- Up-to-date: /home/aimen/auto-weed-removal/ros2_ws/install/name_description/share/name_description/cmake/name_descriptionConfig.cmake
[0.783s] -- Up-to-date: /home/aimen/auto-weed-removal/ros2_ws/install/name_description/share/name_description/cmake/name_descriptionConfig-version.cmake
[0.783s] -- Up-to-date: /home/aimen/auto-weed-removal/ros2_ws/install/name_description/share/name_description/package.xml
[0.783s] Invoked command in '/home/aimen/auto-weed-removal/ros2_ws/build/name_description' returned '0': CMAKE_PREFIX_PATH=${CMAKE_PREFIX_PATH}:/opt/ros/humble /usr/bin/cmake --install /home/aimen/auto-weed-removal/ros2_ws/build/name_description
