[0.006s] Invoking command in '/home/aimen/auto-weed-removal/ros2_ws/build/simulation': CMAKE_PREFIX_PATH=${CMAKE_PREFIX_PATH}:/opt/ros/humble /usr/bin/cmake --build /home/aimen/auto-weed-removal/ros2_ws/build/simulation -- -j20 -l20
[0.022s] -- Found ament_cmake: 1.3.9 (/opt/ros/humble/share/ament_cmake/cmake)
[0.151s] -- Configuring done
[0.153s] -- Generating done
[0.153s] -- Build files have been written to: /home/aimen/auto-weed-removal/ros2_ws/build/simulation
[0.176s] Invoked command in '/home/aimen/auto-weed-removal/ros2_ws/build/simulation' returned '0': CMAKE_PREFIX_PATH=${CMAKE_PREFIX_PATH}:/opt/ros/humble /usr/bin/cmake --build /home/aimen/auto-weed-removal/ros2_ws/build/simulation -- -j20 -l20
[0.207s] Invoking command in '/home/aimen/auto-weed-removal/ros2_ws/build/simulation': CMAKE_PREFIX_PATH=${CMAKE_PREFIX_PATH}:/opt/ros/humble /usr/bin/cmake --install /home/aimen/auto-weed-removal/ros2_ws/build/simulation
[0.215s] -- Install configuration: ""
[0.215s] -- Up-to-date: /home/aimen/auto-weed-removal/ros2_ws/install/simulation/share/simulation/launch
[0.215s] -- Up-to-date: /home/aimen/auto-weed-removal/ros2_ws/install/simulation/share/simulation/launch/building_robot.launch.py
[0.215s] -- Installing: /home/aimen/auto-weed-removal/ros2_ws/install/simulation/share/ament_index/resource_index/package_run_dependencies/simulation
[0.215s] -- Up-to-date: /home/aimen/auto-weed-removal/ros2_ws/install/simulation/share/ament_index/resource_index/parent_prefix_path/simulation
[0.215s] -- Up-to-date: /home/aimen/auto-weed-removal/ros2_ws/install/simulation/share/simulation/environment/ament_prefix_path.sh
[0.215s] -- Installing: /home/aimen/auto-weed-removal/ros2_ws/install/simulation/share/simulation/environment/ament_prefix_path.dsv
[0.215s] -- Up-to-date: /home/aimen/auto-weed-removal/ros2_ws/install/simulation/share/simulation/environment/path.sh
[0.215s] -- Installing: /home/aimen/auto-weed-removal/ros2_ws/install/simulation/share/simulation/environment/path.dsv
[0.216s] -- Up-to-date: /home/aimen/auto-weed-removal/ros2_ws/install/simulation/share/simulation/local_setup.bash
[0.216s] -- Up-to-date: /home/aimen/auto-weed-removal/ros2_ws/install/simulation/share/simulation/local_setup.sh
[0.216s] -- Up-to-date: /home/aimen/auto-weed-removal/ros2_ws/install/simulation/share/simulation/local_setup.zsh
[0.216s] -- Installing: /home/aimen/auto-weed-removal/ros2_ws/install/simulation/share/simulation/local_setup.dsv
[0.216s] -- Installing: /home/aimen/auto-weed-removal/ros2_ws/install/simulation/share/simulation/package.dsv
[0.216s] -- Up-to-date: /home/aimen/auto-weed-removal/ros2_ws/install/simulation/share/ament_index/resource_index/packages/simulation
[0.216s] -- Up-to-date: /home/aimen/auto-weed-removal/ros2_ws/install/simulation/share/simulation/cmake/simulationConfig.cmake
[0.216s] -- Up-to-date: /home/aimen/auto-weed-removal/ros2_ws/install/simulation/share/simulation/cmake/simulationConfig-version.cmake
[0.216s] -- Installing: /home/aimen/auto-weed-removal/ros2_ws/install/simulation/share/simulation/package.xml
[0.218s] Invoked command in '/home/aimen/auto-weed-removal/ros2_ws/build/simulation' returned '0': CMAKE_PREFIX_PATH=${CMAKE_PREFIX_PATH}:/opt/ros/humble /usr/bin/cmake --install /home/aimen/auto-weed-removal/ros2_ws/build/simulation
