-- The C compiler identification is GNU 11.4.0
-- The CXX compiler identification is GNU 11.4.0
-- Detecting C compiler ABI info
-- Detecting C compiler ABI info - done
-- Check for working C compiler: /usr/bin/cc - skipped
-- Detecting C compile features
-- Detecting C compile features - done
-- Detecting CXX compiler ABI info
-- Detecting CXX compiler ABI info - done
-- Check for working CXX compiler: /usr/bin/c++ - skipped
-- Detecting CXX compile features
-- Detecting CXX compile features - done
-- Found ament_cmake: 1.3.9 (/opt/ros/humble/share/ament_cmake/cmake)
-- Found Python3: /usr/bin/python3 (found version "3.10.12") found components: Interpreter 
-- Found rclcpp: 16.0.9 (/opt/ros/humble/share/rclcpp/cmake)
-- Found rosidl_generator_c: 3.1.5 (/opt/ros/humble/share/rosidl_generator_c/cmake)
-- Found rosidl_adapter: 3.1.5 (/opt/ros/humble/share/rosidl_adapter/cmake)
-- Found rosidl_generator_cpp: 3.1.5 (/opt/ros/humble/share/rosidl_generator_cpp/cmake)
-- Using all available rosidl_typesupport_c: rosidl_typesupport_fastrtps_c;rosidl_typesupport_introspection_c
-- Using all available rosidl_typesupport_cpp: rosidl_typesupport_fastrtps_cpp;rosidl_typesupport_introspection_cpp
-- Found rmw_implementation_cmake: 6.1.2 (/opt/ros/humble/share/rmw_implementation_cmake/cmake)
-- Found rmw_fastrtps_cpp: 6.2.6 (/opt/ros/humble/share/rmw_fastrtps_cpp/cmake)
-- Found OpenSSL: /usr/lib/x86_64-linux-gnu/libcrypto.so (found version "3.0.2")  
-- Found FastRTPS: /opt/ros/humble/include  
-- Using RMW implementation 'rmw_fastrtps_cpp' as default
-- Looking for pthread.h
-- Looking for pthread.h - found
-- Performing Test CMAKE_HAVE_LIBC_PTHREAD
-- Performing Test CMAKE_HAVE_LIBC_PTHREAD - Success
-- Found Threads: TRUE  
-- Found rclpy: 3.3.13 (/opt/ros/humble/share/rclpy/cmake)
-- Configuring done
-- Generating done
-- Build files have been written to: /home/aimen/auto-weed-removal/ros2_ws/build/name_ign
Built target ament_cmake_python_copy_name_ign
running egg_info
creating name_ign.egg-info
writing name_ign.egg-info/PKG-INFO
writing dependency_links to name_ign.egg-info/dependency_links.txt
writing top-level names to name_ign.egg-info/top_level.txt
writing manifest file 'name_ign.egg-info/SOURCES.txt'
reading manifest file 'name_ign.egg-info/SOURCES.txt'
writing manifest file 'name_ign.egg-info/SOURCES.txt'
Built target ament_cmake_python_build_name_ign_egg
-- Install configuration: ""
-- Installing: /home/aimen/auto-weed-removal/ros2_ws/install/name_ign/share/name_ign/environment/pythonpath.sh
-- Installing: /home/aimen/auto-weed-removal/ros2_ws/install/name_ign/share/name_ign/environment/pythonpath.dsv
-- Installing: /home/aimen/auto-weed-removal/ros2_ws/install/name_ign/local/lib/python3.10/dist-packages/name_ign-0.0.0-py3.10.egg-info
-- Installing: /home/aimen/auto-weed-removal/ros2_ws/install/name_ign/local/lib/python3.10/dist-packages/name_ign-0.0.0-py3.10.egg-info/PKG-INFO
-- Installing: /home/aimen/auto-weed-removal/ros2_ws/install/name_ign/local/lib/python3.10/dist-packages/name_ign-0.0.0-py3.10.egg-info/SOURCES.txt
-- Installing: /home/aimen/auto-weed-removal/ros2_ws/install/name_ign/local/lib/python3.10/dist-packages/name_ign-0.0.0-py3.10.egg-info/dependency_links.txt
-- Installing: /home/aimen/auto-weed-removal/ros2_ws/install/name_ign/local/lib/python3.10/dist-packages/name_ign-0.0.0-py3.10.egg-info/top_level.txt
-- Installing: /home/aimen/auto-weed-removal/ros2_ws/install/name_ign/local/lib/python3.10/dist-packages/name_ign
-- Installing: /home/aimen/auto-weed-removal/ros2_ws/install/name_ign/local/lib/python3.10/dist-packages/name_ign/__init__.py
-- Installing: /home/aimen/auto-weed-removal/ros2_ws/install/name_ign/local/lib/python3.10/dist-packages/name_ign/dummy_module.py
-- Installing: /home/aimen/auto-weed-removal/ros2_ws/install/name_ign/local/lib/python3.10/dist-packages/name_ign/spawner.py
-- Installing: /home/aimen/auto-weed-removal/ros2_ws/install/name_ign/local/lib/python3.10/dist-packages/name_ign/sdf_modifier.py
Listing '/home/aimen/auto-weed-removal/ros2_ws/install/name_ign/local/lib/python3.10/dist-packages/name_ign'...
Compiling '/home/aimen/auto-weed-removal/ros2_ws/install/name_ign/local/lib/python3.10/dist-packages/name_ign/__init__.py'...
Compiling '/home/aimen/auto-weed-removal/ros2_ws/install/name_ign/local/lib/python3.10/dist-packages/name_ign/dummy_module.py'...
Compiling '/home/aimen/auto-weed-removal/ros2_ws/install/name_ign/local/lib/python3.10/dist-packages/name_ign/sdf_modifier.py'...
Compiling '/home/aimen/auto-weed-removal/ros2_ws/install/name_ign/local/lib/python3.10/dist-packages/name_ign/spawner.py'...
-- Installing: /home/aimen/auto-weed-removal/ros2_ws/install/name_ign/lib/name_ign/dummy_script.py
-- Installing: /home/aimen/auto-weed-removal/ros2_ws/install/name_ign/share/name_ign/config
-- Installing: /home/aimen/auto-weed-removal/ros2_ws/install/name_ign/share/name_ign/config/fleet_info.yaml
-- Installing: /home/aimen/auto-weed-removal/ros2_ws/install/name_ign/share/name_ign/config/ros_gz_bridge.yaml
-- Installing: /home/aimen/auto-weed-removal/ros2_ws/install/name_ign/share/name_ign/config/node_config.yaml
-- Installing: /home/aimen/auto-weed-removal/ros2_ws/install/name_ign/share/name_ign/config/global_bridge.yaml
-- Installing: /home/aimen/auto-weed-removal/ros2_ws/install/name_ign/share/name_ign/config/config.rviz
-- Installing: /home/aimen/auto-weed-removal/ros2_ws/install/name_ign/share/name_ign/config/model_info_config.yaml
-- Installing: /home/aimen/auto-weed-removal/ros2_ws/install/name_ign/share/name_ign/config/controller_config.yaml
-- Installing: /home/aimen/auto-weed-removal/ros2_ws/install/name_ign/share/name_ign/config/cart_controller_velocity.yaml
-- Installing: /home/aimen/auto-weed-removal/ros2_ws/install/name_ign/share/name_ign/launch
-- Installing: /home/aimen/auto-weed-removal/ros2_ws/install/name_ign/share/name_ign/launch/test.launch.py
-- Installing: /home/aimen/auto-weed-removal/ros2_ws/install/name_ign/share/name_ign/launch/ideal_fleet_spawn.launch.py
-- Installing: /home/aimen/auto-weed-removal/ros2_ws/install/name_ign/share/name_ign/launch/cart_example_velocity.launch.py
-- Installing: /home/aimen/auto-weed-removal/ros2_ws/install/name_ign/share/name_ign/launch/crew_spawn.launch.py
-- Installing: /home/aimen/auto-weed-removal/ros2_ws/install/name_ign/share/name_ign/launch/fleet_spawn.launch.py
-- Installing: /home/aimen/auto-weed-removal/ros2_ws/install/name_ign/share/name_ign/launch/first_spawn.launch.py
-- Installing: /home/aimen/auto-weed-removal/ros2_ws/install/name_ign/share/name_ign/launch/ideal_fleet_spawn_2.launch.py
-- Installing: /home/aimen/auto-weed-removal/ros2_ws/install/name_ign/share/name_ign/launch/empty_world.launch.py
-- Installing: /home/aimen/auto-weed-removal/ros2_ws/install/name_ign/share/name_ign/launch/single_spawn.launch.py
-- Installing: /home/aimen/auto-weed-removal/ros2_ws/install/name_ign/share/name_ign/robot
-- Installing: /home/aimen/auto-weed-removal/ros2_ws/install/name_ign/share/name_ign/robot/name.gazebo.xacro
-- Installing: /home/aimen/auto-weed-removal/ros2_ws/install/name_ign/share/name_ign/robot/namespace
-- Installing: /home/aimen/auto-weed-removal/ros2_ws/install/name_ign/share/name_ign/robot/namespace/name.gazebo.xacro
-- Installing: /home/aimen/auto-weed-removal/ros2_ws/install/name_ign/share/name_ign/robot/namespace/controller.gazebo.xacro
-- Installing: /home/aimen/auto-weed-removal/ros2_ws/install/name_ign/share/name_ign/robot/namespace/sensor.gazebo.xacro
-- Installing: /home/aimen/auto-weed-removal/ros2_ws/install/name_ign/share/name_ign/robot/namespace/graphics.gazebo.xacro
-- Installing: /home/aimen/auto-weed-removal/ros2_ws/install/name_ign/share/name_ign/robot/controller.gazebo.xacro
-- Installing: /home/aimen/auto-weed-removal/ros2_ws/install/name_ign/share/name_ign/robot/sensor.gazebo.xacro
-- Installing: /home/aimen/auto-weed-removal/ros2_ws/install/name_ign/share/name_ign/robot/graphics.gazebo.xacro
-- Installing: /home/aimen/auto-weed-removal/ros2_ws/install/name_ign/share/name_ign/robot/test_cart_velocity.xacro.urdf
-- Installing: /home/aimen/auto-weed-removal/ros2_ws/install/name_ign/share/name_ign/robot/cart.gazebo.xacro
-- Installing: /home/aimen/auto-weed-removal/ros2_ws/install/name_ign/share/name_ign/world
-- Installing: /home/aimen/auto-weed-removal/ros2_ws/install/name_ign/share/name_ign/world/empty.sdf
-- Installing: /home/aimen/auto-weed-removal/ros2_ws/install/name_ign/share/ament_index/resource_index/package_run_dependencies/name_ign
-- Installing: /home/aimen/auto-weed-removal/ros2_ws/install/name_ign/share/ament_index/resource_index/parent_prefix_path/name_ign
-- Installing: /home/aimen/auto-weed-removal/ros2_ws/install/name_ign/share/name_ign/environment/ament_prefix_path.sh
-- Installing: /home/aimen/auto-weed-removal/ros2_ws/install/name_ign/share/name_ign/environment/ament_prefix_path.dsv
-- Installing: /home/aimen/auto-weed-removal/ros2_ws/install/name_ign/share/name_ign/environment/path.sh
-- Installing: /home/aimen/auto-weed-removal/ros2_ws/install/name_ign/share/name_ign/environment/path.dsv
-- Installing: /home/aimen/auto-weed-removal/ros2_ws/install/name_ign/share/name_ign/local_setup.bash
-- Installing: /home/aimen/auto-weed-removal/ros2_ws/install/name_ign/share/name_ign/local_setup.sh
-- Installing: /home/aimen/auto-weed-removal/ros2_ws/install/name_ign/share/name_ign/local_setup.zsh
-- Installing: /home/aimen/auto-weed-removal/ros2_ws/install/name_ign/share/name_ign/local_setup.dsv
-- Installing: /home/aimen/auto-weed-removal/ros2_ws/install/name_ign/share/name_ign/package.dsv
-- Installing: /home/aimen/auto-weed-removal/ros2_ws/install/name_ign/share/ament_index/resource_index/packages/name_ign
-- Installing: /home/aimen/auto-weed-removal/ros2_ws/install/name_ign/share/name_ign/cmake/name_ignConfig.cmake
-- Installing: /home/aimen/auto-weed-removal/ros2_ws/install/name_ign/share/name_ign/cmake/name_ignConfig-version.cmake
-- Installing: /home/aimen/auto-weed-removal/ros2_ws/install/name_ign/share/name_ign/package.xml
