[0.007s] Invoking command in '/home/aimen/auto-weed-removal/ros2_ws/build/simulation': CMAKE_PREFIX_PATH=${CMAKE_PREFIX_PATH}:/opt/ros/humble /usr/bin/cmake --build /home/aimen/auto-weed-removal/ros2_ws/build/simulation -- -j20 -l20
[0.022s] -- Found ament_cmake: 1.3.9 (/opt/ros/humble/share/ament_cmake/cmake)
[0.114s] -- Found ros_gz_bridge: 0.244.14 (/opt/ros/humble/share/ros_gz_bridge/cmake)
[0.135s] -- Found rosidl_generator_c: 3.1.5 (/opt/ros/humble/share/rosidl_generator_c/cmake)
[0.137s] -- Found rosidl_adapter: 3.1.5 (/opt/ros/humble/share/rosidl_adapter/cmake)
[0.141s] -- Found rosidl_generator_cpp: 3.1.5 (/opt/ros/humble/share/rosidl_generator_cpp/cmake)
[0.148s] -- Using all available rosidl_typesupport_c: rosidl_typesupport_fastrtps_c;rosidl_typesupport_introspection_c
[0.157s] -- Using all available rosidl_typesupport_cpp: rosidl_typesupport_fastrtps_cpp;rosidl_typesupport_introspection_cpp
[0.195s] -- Found rmw_implementation_cmake: 6.1.2 (/opt/ros/humble/share/rmw_implementation_cmake/cmake)
[0.195s] -- Found rmw_fastrtps_cpp: 6.2.6 (/opt/ros/humble/share/rmw_fastrtps_cpp/cmake)
[0.273s] -- Using RMW implementation 'rmw_fastrtps_cpp' as default
[0.433s] -- Found Protobuf: /usr/lib/x86_64-linux-gnu/libprotobuf.so (found suitable version "3.12.4", minimum required is "3") 
[0.482s] -- Found Protobuf: /usr/lib/x86_64-linux-gnu/libprotobuf.so (found version "3.12.4") 
[1.098s] -- Configuring done
[1.101s] -- Generating done
[1.102s] -- Build files have been written to: /home/aimen/auto-weed-removal/ros2_ws/build/simulation
[1.123s] Invoked command in '/home/aimen/auto-weed-removal/ros2_ws/build/simulation' returned '0': CMAKE_PREFIX_PATH=${CMAKE_PREFIX_PATH}:/opt/ros/humble /usr/bin/cmake --build /home/aimen/auto-weed-removal/ros2_ws/build/simulation -- -j20 -l20
[1.159s] Invoking command in '/home/aimen/auto-weed-removal/ros2_ws/build/simulation': CMAKE_PREFIX_PATH=${CMAKE_PREFIX_PATH}:/opt/ros/humble /usr/bin/cmake --install /home/aimen/auto-weed-removal/ros2_ws/build/simulation
[1.168s] -- Install configuration: ""
[1.168s] -- Up-to-date: /home/aimen/auto-weed-removal/ros2_ws/install/simulation/share/simulation/launch
[1.168s] -- Up-to-date: /home/aimen/auto-weed-removal/ros2_ws/install/simulation/share/simulation/launch/building_robot.launch.py
[1.168s] -- Up-to-date: /home/aimen/auto-weed-removal/ros2_ws/install/simulation/share/ament_index/resource_index/package_run_dependencies/simulation
[1.168s] -- Up-to-date: /home/aimen/auto-weed-removal/ros2_ws/install/simulation/share/ament_index/resource_index/parent_prefix_path/simulation
[1.168s] -- Up-to-date: /home/aimen/auto-weed-removal/ros2_ws/install/simulation/share/simulation/environment/ament_prefix_path.sh
[1.168s] -- Installing: /home/aimen/auto-weed-removal/ros2_ws/install/simulation/share/simulation/environment/ament_prefix_path.dsv
[1.168s] -- Up-to-date: /home/aimen/auto-weed-removal/ros2_ws/install/simulation/share/simulation/environment/path.sh
[1.168s] -- Installing: /home/aimen/auto-weed-removal/ros2_ws/install/simulation/share/simulation/environment/path.dsv
[1.168s] -- Up-to-date: /home/aimen/auto-weed-removal/ros2_ws/install/simulation/share/simulation/local_setup.bash
[1.168s] -- Up-to-date: /home/aimen/auto-weed-removal/ros2_ws/install/simulation/share/simulation/local_setup.sh
[1.168s] -- Up-to-date: /home/aimen/auto-weed-removal/ros2_ws/install/simulation/share/simulation/local_setup.zsh
[1.168s] -- Installing: /home/aimen/auto-weed-removal/ros2_ws/install/simulation/share/simulation/local_setup.dsv
[1.168s] -- Installing: /home/aimen/auto-weed-removal/ros2_ws/install/simulation/share/simulation/package.dsv
[1.169s] -- Up-to-date: /home/aimen/auto-weed-removal/ros2_ws/install/simulation/share/ament_index/resource_index/packages/simulation
[1.169s] -- Up-to-date: /home/aimen/auto-weed-removal/ros2_ws/install/simulation/share/simulation/cmake/simulationConfig.cmake
[1.169s] -- Up-to-date: /home/aimen/auto-weed-removal/ros2_ws/install/simulation/share/simulation/cmake/simulationConfig-version.cmake
[1.169s] -- Up-to-date: /home/aimen/auto-weed-removal/ros2_ws/install/simulation/share/simulation/package.xml
[1.170s] Invoked command in '/home/aimen/auto-weed-removal/ros2_ws/build/simulation' returned '0': CMAKE_PREFIX_PATH=${CMAKE_PREFIX_PATH}:/opt/ros/humble /usr/bin/cmake --install /home/aimen/auto-weed-removal/ros2_ws/build/simulation
