[0.066s] DEBUG:colcon:Command line arguments: ['/usr/bin/colcon', 'build', '--packages-select', 'name_ign']
[0.066s] DEBUG:colcon:Parsed command line arguments: Namespace(log_base=None, log_level=None, verb_name='build', build_base='build', install_base='install', merge_install=False, symlink_install=False, test_result_base=None, continue_on_error=False, executor='parallel', parallel_workers=20, event_handlers=None, ignore_user_meta=False, metas=['./colcon.meta'], base_paths=['.'], packages_ignore=None, packages_ignore_regex=None, paths=None, packages_up_to=None, packages_up_to_regex=None, packages_above=None, packages_above_and_dependencies=None, packages_above_depth=None, packages_select_by_dep=None, packages_skip_by_dep=None, packages_skip_up_to=None, packages_select_build_failed=False, packages_skip_build_finished=False, packages_select_test_failures=False, packages_skip_test_passed=False, packages_select=['name_ign'], packages_skip=None, packages_select_regex=None, packages_skip_regex=None, packages_start=None, packages_end=None, allow_overriding=[], cmake_args=None, cmake_target=None, cmake_target_skip_unavailable=False, cmake_clean_cache=False, cmake_clean_first=False, cmake_force_configure=False, ament_cmake_args=None, catkin_cmake_args=None, catkin_skip_building_tests=False, mixin_files=None, mixin=None, verb_parser=<colcon_mixin.mixin.mixin_argument.MixinArgumentDecorator object at 0x73e48c24f2e0>, verb_extension=<colcon_core.verb.build.BuildVerb object at 0x73e48c3f8c70>, main=<bound method BuildVerb.main of <colcon_core.verb.build.BuildVerb object at 0x73e48c3f8c70>>, mixin_verb=('build',))
[0.175s] Level 1:colcon.colcon_core.package_discovery:discover_packages(colcon_meta) check parameters
[0.175s] Level 1:colcon.colcon_core.package_discovery:discover_packages(recursive) check parameters
[0.175s] Level 1:colcon.colcon_core.package_discovery:discover_packages(ignore) check parameters
[0.175s] Level 1:colcon.colcon_core.package_discovery:discover_packages(path) check parameters
[0.175s] Level 1:colcon.colcon_core.package_discovery:discover_packages(colcon_meta) discover
[0.175s] Level 1:colcon.colcon_core.package_discovery:discover_packages(recursive) discover
[0.175s] INFO:colcon.colcon_core.package_discovery:Crawling recursively for packages in '/home/aimen/auto-weed-removal/ros2_ws'
[0.175s] Level 1:colcon.colcon_core.package_identification:_identify(.) by extensions ['ignore', 'ignore_ament_install']
[0.175s] Level 1:colcon.colcon_core.package_identification:_identify(.) by extension 'ignore'
[0.175s] Level 1:colcon.colcon_core.package_identification:_identify(.) by extension 'ignore_ament_install'
[0.175s] Level 1:colcon.colcon_core.package_identification:_identify(.) by extensions ['colcon_pkg']
[0.175s] Level 1:colcon.colcon_core.package_identification:_identify(.) by extension 'colcon_pkg'
[0.175s] Level 1:colcon.colcon_core.package_identification:_identify(.) by extensions ['colcon_meta']
[0.175s] Level 1:colcon.colcon_core.package_identification:_identify(.) by extension 'colcon_meta'
[0.175s] Level 1:colcon.colcon_core.package_identification:_identify(.) by extensions ['ros']
[0.175s] Level 1:colcon.colcon_core.package_identification:_identify(.) by extension 'ros'
[0.182s] Level 1:colcon.colcon_core.package_identification:_identify(.) by extensions ['cmake', 'python']
[0.182s] Level 1:colcon.colcon_core.package_identification:_identify(.) by extension 'cmake'
[0.182s] Level 1:colcon.colcon_core.package_identification:_identify(.) by extension 'python'
[0.182s] Level 1:colcon.colcon_core.package_identification:_identify(.) by extensions ['python_setup_py']
[0.182s] Level 1:colcon.colcon_core.package_identification:_identify(.) by extension 'python_setup_py'
[0.183s] Level 1:colcon.colcon_core.package_identification:_identify(build) by extensions ['ignore', 'ignore_ament_install']
[0.183s] Level 1:colcon.colcon_core.package_identification:_identify(build) by extension 'ignore'
[0.183s] Level 1:colcon.colcon_core.package_identification:_identify(build) ignored
[0.183s] Level 1:colcon.colcon_core.package_identification:_identify(install) by extensions ['ignore', 'ignore_ament_install']
[0.183s] Level 1:colcon.colcon_core.package_identification:_identify(install) by extension 'ignore'
[0.183s] Level 1:colcon.colcon_core.package_identification:_identify(install) ignored
[0.183s] Level 1:colcon.colcon_core.package_identification:_identify(log) by extensions ['ignore', 'ignore_ament_install']
[0.183s] Level 1:colcon.colcon_core.package_identification:_identify(log) by extension 'ignore'
[0.183s] Level 1:colcon.colcon_core.package_identification:_identify(log) ignored
[0.183s] Level 1:colcon.colcon_core.package_identification:_identify(src) by extensions ['ignore', 'ignore_ament_install']
[0.183s] Level 1:colcon.colcon_core.package_identification:_identify(src) by extension 'ignore'
[0.183s] Level 1:colcon.colcon_core.package_identification:_identify(src) by extension 'ignore_ament_install'
[0.183s] Level 1:colcon.colcon_core.package_identification:_identify(src) by extensions ['colcon_pkg']
[0.183s] Level 1:colcon.colcon_core.package_identification:_identify(src) by extension 'colcon_pkg'
[0.183s] Level 1:colcon.colcon_core.package_identification:_identify(src) by extensions ['colcon_meta']
[0.183s] Level 1:colcon.colcon_core.package_identification:_identify(src) by extension 'colcon_meta'
[0.183s] Level 1:colcon.colcon_core.package_identification:_identify(src) by extensions ['ros']
[0.183s] Level 1:colcon.colcon_core.package_identification:_identify(src) by extension 'ros'
[0.183s] Level 1:colcon.colcon_core.package_identification:_identify(src) by extensions ['cmake', 'python']
[0.183s] Level 1:colcon.colcon_core.package_identification:_identify(src) by extension 'cmake'
[0.183s] Level 1:colcon.colcon_core.package_identification:_identify(src) by extension 'python'
[0.183s] Level 1:colcon.colcon_core.package_identification:_identify(src) by extensions ['python_setup_py']
[0.183s] Level 1:colcon.colcon_core.package_identification:_identify(src) by extension 'python_setup_py'
[0.183s] Level 1:colcon.colcon_core.package_identification:_identify(src/pis_example) by extensions ['ignore', 'ignore_ament_install']
[0.183s] Level 1:colcon.colcon_core.package_identification:_identify(src/pis_example) by extension 'ignore'
[0.183s] Level 1:colcon.colcon_core.package_identification:_identify(src/pis_example) by extension 'ignore_ament_install'
[0.183s] Level 1:colcon.colcon_core.package_identification:_identify(src/pis_example) by extensions ['colcon_pkg']
[0.183s] Level 1:colcon.colcon_core.package_identification:_identify(src/pis_example) by extension 'colcon_pkg'
[0.183s] Level 1:colcon.colcon_core.package_identification:_identify(src/pis_example) by extensions ['colcon_meta']
[0.183s] Level 1:colcon.colcon_core.package_identification:_identify(src/pis_example) by extension 'colcon_meta'
[0.183s] Level 1:colcon.colcon_core.package_identification:_identify(src/pis_example) by extensions ['ros']
[0.183s] Level 1:colcon.colcon_core.package_identification:_identify(src/pis_example) by extension 'ros'
[0.183s] Level 1:colcon.colcon_core.package_identification:_identify(src/pis_example) by extensions ['cmake', 'python']
[0.184s] Level 1:colcon.colcon_core.package_identification:_identify(src/pis_example) by extension 'cmake'
[0.184s] Level 1:colcon.colcon_core.package_identification:_identify(src/pis_example) by extension 'python'
[0.184s] Level 1:colcon.colcon_core.package_identification:_identify(src/pis_example) by extensions ['python_setup_py']
[0.184s] Level 1:colcon.colcon_core.package_identification:_identify(src/pis_example) by extension 'python_setup_py'
[0.184s] Level 1:colcon.colcon_core.package_identification:_identify(src/pis_example/name_description) by extensions ['ignore', 'ignore_ament_install']
[0.184s] Level 1:colcon.colcon_core.package_identification:_identify(src/pis_example/name_description) by extension 'ignore'
[0.184s] Level 1:colcon.colcon_core.package_identification:_identify(src/pis_example/name_description) by extension 'ignore_ament_install'
[0.184s] Level 1:colcon.colcon_core.package_identification:_identify(src/pis_example/name_description) by extensions ['colcon_pkg']
[0.184s] Level 1:colcon.colcon_core.package_identification:_identify(src/pis_example/name_description) by extension 'colcon_pkg'
[0.184s] Level 1:colcon.colcon_core.package_identification:_identify(src/pis_example/name_description) by extensions ['colcon_meta']
[0.184s] Level 1:colcon.colcon_core.package_identification:_identify(src/pis_example/name_description) by extension 'colcon_meta'
[0.184s] Level 1:colcon.colcon_core.package_identification:_identify(src/pis_example/name_description) by extensions ['ros']
[0.184s] Level 1:colcon.colcon_core.package_identification:_identify(src/pis_example/name_description) by extension 'ros'
[0.186s] DEBUG:colcon.colcon_core.package_identification:Package 'src/pis_example/name_description' with type 'ros.ament_cmake' and name 'name_description'
[0.186s] Level 1:colcon.colcon_core.package_identification:_identify(src/pis_example/name_gazebo) by extensions ['ignore', 'ignore_ament_install']
[0.186s] Level 1:colcon.colcon_core.package_identification:_identify(src/pis_example/name_gazebo) by extension 'ignore'
[0.186s] Level 1:colcon.colcon_core.package_identification:_identify(src/pis_example/name_gazebo) by extension 'ignore_ament_install'
[0.186s] Level 1:colcon.colcon_core.package_identification:_identify(src/pis_example/name_gazebo) by extensions ['colcon_pkg']
[0.186s] Level 1:colcon.colcon_core.package_identification:_identify(src/pis_example/name_gazebo) by extension 'colcon_pkg'
[0.186s] Level 1:colcon.colcon_core.package_identification:_identify(src/pis_example/name_gazebo) by extensions ['colcon_meta']
[0.186s] Level 1:colcon.colcon_core.package_identification:_identify(src/pis_example/name_gazebo) by extension 'colcon_meta'
[0.186s] Level 1:colcon.colcon_core.package_identification:_identify(src/pis_example/name_gazebo) by extensions ['ros']
[0.186s] Level 1:colcon.colcon_core.package_identification:_identify(src/pis_example/name_gazebo) by extension 'ros'
[0.186s] DEBUG:colcon.colcon_core.package_identification:Package 'src/pis_example/name_gazebo' with type 'ros.ament_cmake' and name 'name_gazebo'
[0.186s] Level 1:colcon.colcon_core.package_identification:_identify(src/pis_example/name_ign) by extensions ['ignore', 'ignore_ament_install']
[0.186s] Level 1:colcon.colcon_core.package_identification:_identify(src/pis_example/name_ign) by extension 'ignore'
[0.186s] Level 1:colcon.colcon_core.package_identification:_identify(src/pis_example/name_ign) by extension 'ignore_ament_install'
[0.187s] Level 1:colcon.colcon_core.package_identification:_identify(src/pis_example/name_ign) by extensions ['colcon_pkg']
[0.187s] Level 1:colcon.colcon_core.package_identification:_identify(src/pis_example/name_ign) by extension 'colcon_pkg'
[0.187s] Level 1:colcon.colcon_core.package_identification:_identify(src/pis_example/name_ign) by extensions ['colcon_meta']
[0.187s] Level 1:colcon.colcon_core.package_identification:_identify(src/pis_example/name_ign) by extension 'colcon_meta'
[0.187s] Level 1:colcon.colcon_core.package_identification:_identify(src/pis_example/name_ign) by extensions ['ros']
[0.187s] Level 1:colcon.colcon_core.package_identification:_identify(src/pis_example/name_ign) by extension 'ros'
[0.187s] DEBUG:colcon.colcon_core.package_identification:Package 'src/pis_example/name_ign' with type 'ros.ament_cmake' and name 'name_ign'
[0.187s] Level 1:colcon.colcon_core.package_identification:_identify(src/pis_example/name_webots) by extensions ['ignore', 'ignore_ament_install']
[0.187s] Level 1:colcon.colcon_core.package_identification:_identify(src/pis_example/name_webots) by extension 'ignore'
[0.187s] Level 1:colcon.colcon_core.package_identification:_identify(src/pis_example/name_webots) by extension 'ignore_ament_install'
[0.187s] Level 1:colcon.colcon_core.package_identification:_identify(src/pis_example/name_webots) by extensions ['colcon_pkg']
[0.188s] Level 1:colcon.colcon_core.package_identification:_identify(src/pis_example/name_webots) by extension 'colcon_pkg'
[0.188s] Level 1:colcon.colcon_core.package_identification:_identify(src/pis_example/name_webots) by extensions ['colcon_meta']
[0.188s] Level 1:colcon.colcon_core.package_identification:_identify(src/pis_example/name_webots) by extension 'colcon_meta'
[0.188s] Level 1:colcon.colcon_core.package_identification:_identify(src/pis_example/name_webots) by extensions ['ros']
[0.188s] Level 1:colcon.colcon_core.package_identification:_identify(src/pis_example/name_webots) by extension 'ros'
[0.188s] DEBUG:colcon.colcon_core.package_identification:Package 'src/pis_example/name_webots' with type 'ros.ament_cmake' and name 'name_webots'
[0.188s] Level 1:colcon.colcon_core.package_identification:_identify(src/simulation) by extensions ['ignore', 'ignore_ament_install']
[0.188s] Level 1:colcon.colcon_core.package_identification:_identify(src/simulation) by extension 'ignore'
[0.188s] Level 1:colcon.colcon_core.package_identification:_identify(src/simulation) by extension 'ignore_ament_install'
[0.188s] Level 1:colcon.colcon_core.package_identification:_identify(src/simulation) by extensions ['colcon_pkg']
[0.188s] Level 1:colcon.colcon_core.package_identification:_identify(src/simulation) by extension 'colcon_pkg'
[0.188s] Level 1:colcon.colcon_core.package_identification:_identify(src/simulation) by extensions ['colcon_meta']
[0.188s] Level 1:colcon.colcon_core.package_identification:_identify(src/simulation) by extension 'colcon_meta'
[0.188s] Level 1:colcon.colcon_core.package_identification:_identify(src/simulation) by extensions ['ros']
[0.188s] Level 1:colcon.colcon_core.package_identification:_identify(src/simulation) by extension 'ros'
[0.189s] DEBUG:colcon.colcon_core.package_identification:Package 'src/simulation' with type 'ros.ament_cmake' and name 'simulation'
[0.189s] Level 1:colcon.colcon_core.package_identification:_identify(src/wheeled_robot) by extensions ['ignore', 'ignore_ament_install']
[0.189s] Level 1:colcon.colcon_core.package_identification:_identify(src/wheeled_robot) by extension 'ignore'
[0.189s] Level 1:colcon.colcon_core.package_identification:_identify(src/wheeled_robot) by extension 'ignore_ament_install'
[0.189s] Level 1:colcon.colcon_core.package_identification:_identify(src/wheeled_robot) by extensions ['colcon_pkg']
[0.189s] Level 1:colcon.colcon_core.package_identification:_identify(src/wheeled_robot) by extension 'colcon_pkg'
[0.189s] Level 1:colcon.colcon_core.package_identification:_identify(src/wheeled_robot) by extensions ['colcon_meta']
[0.189s] Level 1:colcon.colcon_core.package_identification:_identify(src/wheeled_robot) by extension 'colcon_meta'
[0.189s] Level 1:colcon.colcon_core.package_identification:_identify(src/wheeled_robot) by extensions ['ros']
[0.189s] Level 1:colcon.colcon_core.package_identification:_identify(src/wheeled_robot) by extension 'ros'
[0.189s] DEBUG:colcon.colcon_core.package_identification:Package 'src/wheeled_robot' with type 'ros.ament_cmake' and name 'wheeled_robot'
[0.189s] Level 1:colcon.colcon_core.package_discovery:discover_packages(recursive) using defaults
[0.189s] Level 1:colcon.colcon_core.package_discovery:discover_packages(ignore) discover
[0.189s] Level 1:colcon.colcon_core.package_discovery:discover_packages(ignore) using defaults
[0.189s] Level 1:colcon.colcon_core.package_discovery:discover_packages(path) discover
[0.189s] Level 1:colcon.colcon_core.package_discovery:discover_packages(path) using defaults
[0.201s] INFO:colcon.colcon_core.package_selection:Skipping not selected package 'name_description' in 'src/pis_example/name_description'
[0.201s] INFO:colcon.colcon_core.package_selection:Skipping not selected package 'name_gazebo' in 'src/pis_example/name_gazebo'
[0.201s] INFO:colcon.colcon_core.package_selection:Skipping not selected package 'name_webots' in 'src/pis_example/name_webots'
[0.201s] INFO:colcon.colcon_core.package_selection:Skipping not selected package 'simulation' in 'src/simulation'
[0.201s] INFO:colcon.colcon_core.package_selection:Skipping not selected package 'wheeled_robot' in 'src/wheeled_robot'
[0.202s] Level 1:colcon.colcon_core.package_discovery:discover_packages(prefix_path) check parameters
[0.202s] Level 1:colcon.colcon_core.package_discovery:discover_packages(prefix_path) discover
[0.202s] WARNING:colcon.colcon_ros.prefix_path.ament:The path '/home/aimen/auto-weed-removal/ros2_ws/install/name_ign' in the environment variable AMENT_PREFIX_PATH doesn't exist
[0.202s] WARNING:colcon.colcon_ros.prefix_path.catkin:The path '/home/aimen/auto-weed-removal/ros2_ws/install/name_ign' in the environment variable CMAKE_PREFIX_PATH doesn't exist
[0.203s] DEBUG:colcon.colcon_installed_package_information.package_discovery:Found 1 installed packages in /home/aimen/auto-weed-removal/ros2_ws/install
[0.203s] DEBUG:colcon.colcon_installed_package_information.package_discovery:Found 300 installed packages in /opt/ros/humble
[0.204s] Level 1:colcon.colcon_core.package_discovery:discover_packages(prefix_path) using defaults
[0.232s] Level 5:colcon.colcon_core.verb:set package 'name_ign' build argument 'cmake_args' from command line to 'None'
[0.232s] Level 5:colcon.colcon_core.verb:set package 'name_ign' build argument 'cmake_target' from command line to 'None'
[0.232s] Level 5:colcon.colcon_core.verb:set package 'name_ign' build argument 'cmake_target_skip_unavailable' from command line to 'False'
[0.232s] Level 5:colcon.colcon_core.verb:set package 'name_ign' build argument 'cmake_clean_cache' from command line to 'False'
[0.232s] Level 5:colcon.colcon_core.verb:set package 'name_ign' build argument 'cmake_clean_first' from command line to 'False'
[0.232s] Level 5:colcon.colcon_core.verb:set package 'name_ign' build argument 'cmake_force_configure' from command line to 'False'
[0.232s] Level 5:colcon.colcon_core.verb:set package 'name_ign' build argument 'ament_cmake_args' from command line to 'None'
[0.232s] Level 5:colcon.colcon_core.verb:set package 'name_ign' build argument 'catkin_cmake_args' from command line to 'None'
[0.232s] Level 5:colcon.colcon_core.verb:set package 'name_ign' build argument 'catkin_skip_building_tests' from command line to 'False'
[0.232s] DEBUG:colcon.colcon_core.verb:Building package 'name_ign' with the following arguments: {'ament_cmake_args': None, 'build_base': '/home/aimen/auto-weed-removal/ros2_ws/build/name_ign', 'catkin_cmake_args': None, 'catkin_skip_building_tests': False, 'cmake_args': None, 'cmake_clean_cache': False, 'cmake_clean_first': False, 'cmake_force_configure': False, 'cmake_target': None, 'cmake_target_skip_unavailable': False, 'install_base': '/home/aimen/auto-weed-removal/ros2_ws/install/name_ign', 'merge_install': False, 'path': '/home/aimen/auto-weed-removal/ros2_ws/src/pis_example/name_ign', 'symlink_install': False, 'test_result_base': None}
[0.232s] INFO:colcon.colcon_core.executor:Executing jobs using 'parallel' executor
[0.233s] DEBUG:colcon.colcon_parallel_executor.executor.parallel:run_until_complete
[0.233s] INFO:colcon.colcon_ros.task.ament_cmake.build:Building ROS package in '/home/aimen/auto-weed-removal/ros2_ws/src/pis_example/name_ign' with build type 'ament_cmake'
[0.233s] INFO:colcon.colcon_cmake.task.cmake.build:Building CMake package in '/home/aimen/auto-weed-removal/ros2_ws/src/pis_example/name_ign'
[0.235s] INFO:colcon.colcon_core.plugin_system:Skipping extension 'colcon_core.shell.bat': Not used on non-Windows systems
[0.235s] INFO:colcon.colcon_core.shell:Skip shell extension 'powershell' for command environment: Not usable outside of PowerShell
[0.235s] DEBUG:colcon.colcon_core.shell:Skip shell extension 'dsv' for command environment
[0.240s] DEBUG:colcon.colcon_core.event_handler.log_command:Invoking command in '/home/aimen/auto-weed-removal/ros2_ws/build/name_ign': CMAKE_PREFIX_PATH=${CMAKE_PREFIX_PATH}:/opt/ros/humble /usr/bin/cmake /home/aimen/auto-weed-removal/ros2_ws/src/pis_example/name_ign -DCMAKE_INSTALL_PREFIX=/home/aimen/auto-weed-removal/ros2_ws/install/name_ign
[1.222s] DEBUG:colcon.colcon_core.event_handler.log_command:Invoked command in '/home/aimen/auto-weed-removal/ros2_ws/build/name_ign' returned '0': CMAKE_PREFIX_PATH=${CMAKE_PREFIX_PATH}:/opt/ros/humble /usr/bin/cmake /home/aimen/auto-weed-removal/ros2_ws/src/pis_example/name_ign -DCMAKE_INSTALL_PREFIX=/home/aimen/auto-weed-removal/ros2_ws/install/name_ign
[1.223s] DEBUG:colcon.colcon_core.event_handler.log_command:Invoking command in '/home/aimen/auto-weed-removal/ros2_ws/build/name_ign': CMAKE_PREFIX_PATH=${CMAKE_PREFIX_PATH}:/opt/ros/humble /usr/bin/cmake --build /home/aimen/auto-weed-removal/ros2_ws/build/name_ign -- -j20 -l20
[1.461s] DEBUG:colcon.colcon_core.event_handler.log_command:Invoked command in '/home/aimen/auto-weed-removal/ros2_ws/build/name_ign' returned '0': CMAKE_PREFIX_PATH=${CMAKE_PREFIX_PATH}:/opt/ros/humble /usr/bin/cmake --build /home/aimen/auto-weed-removal/ros2_ws/build/name_ign -- -j20 -l20
[1.483s] DEBUG:colcon.colcon_core.event_handler.log_command:Invoking command in '/home/aimen/auto-weed-removal/ros2_ws/build/name_ign': CMAKE_PREFIX_PATH=${CMAKE_PREFIX_PATH}:/opt/ros/humble /usr/bin/cmake --install /home/aimen/auto-weed-removal/ros2_ws/build/name_ign
[1.520s] Level 1:colcon.colcon_core.environment:create_environment_scripts_only(name_ign)
[1.520s] DEBUG:colcon.colcon_core.event_handler.log_command:Invoked command in '/home/aimen/auto-weed-removal/ros2_ws/build/name_ign' returned '0': CMAKE_PREFIX_PATH=${CMAKE_PREFIX_PATH}:/opt/ros/humble /usr/bin/cmake --install /home/aimen/auto-weed-removal/ros2_ws/build/name_ign
[1.521s] Level 1:colcon.colcon_core.environment:checking '/home/aimen/auto-weed-removal/ros2_ws/install/name_ign' for CMake module files
[1.522s] Level 1:colcon.colcon_core.environment:checking '/home/aimen/auto-weed-removal/ros2_ws/install/name_ign' for CMake config files
[1.522s] Level 1:colcon.colcon_core.shell:create_environment_hook('name_ign', 'cmake_prefix_path')
[1.522s] INFO:colcon.colcon_core.shell:Creating environment hook '/home/aimen/auto-weed-removal/ros2_ws/install/name_ign/share/name_ign/hook/cmake_prefix_path.ps1'
[1.522s] INFO:colcon.colcon_core.shell:Creating environment descriptor '/home/aimen/auto-weed-removal/ros2_ws/install/name_ign/share/name_ign/hook/cmake_prefix_path.dsv'
[1.523s] INFO:colcon.colcon_core.shell:Creating environment hook '/home/aimen/auto-weed-removal/ros2_ws/install/name_ign/share/name_ign/hook/cmake_prefix_path.sh'
[1.523s] Level 1:colcon.colcon_core.environment:checking '/home/aimen/auto-weed-removal/ros2_ws/install/name_ign/lib'
[1.523s] Level 1:colcon.colcon_core.environment:checking '/home/aimen/auto-weed-removal/ros2_ws/install/name_ign/bin'
[1.523s] Level 1:colcon.colcon_core.environment:checking '/home/aimen/auto-weed-removal/ros2_ws/install/name_ign/lib/pkgconfig/name_ign.pc'
[1.524s] Level 1:colcon.colcon_core.environment:checking '/home/aimen/auto-weed-removal/ros2_ws/install/name_ign/lib/python3.10/site-packages'
[1.524s] Level 1:colcon.colcon_core.environment:checking '/home/aimen/auto-weed-removal/ros2_ws/install/name_ign/bin'
[1.524s] INFO:colcon.colcon_core.shell:Creating package script '/home/aimen/auto-weed-removal/ros2_ws/install/name_ign/share/name_ign/package.ps1'
[1.524s] INFO:colcon.colcon_core.shell:Creating package descriptor '/home/aimen/auto-weed-removal/ros2_ws/install/name_ign/share/name_ign/package.dsv'
[1.524s] INFO:colcon.colcon_core.shell:Creating package script '/home/aimen/auto-weed-removal/ros2_ws/install/name_ign/share/name_ign/package.sh'
[1.525s] INFO:colcon.colcon_core.shell:Creating package script '/home/aimen/auto-weed-removal/ros2_ws/install/name_ign/share/name_ign/package.bash'
[1.525s] INFO:colcon.colcon_core.shell:Creating package script '/home/aimen/auto-weed-removal/ros2_ws/install/name_ign/share/name_ign/package.zsh'
[1.525s] Level 1:colcon.colcon_core.environment:create_file_with_runtime_dependencies(/home/aimen/auto-weed-removal/ros2_ws/install/name_ign/share/colcon-core/packages/name_ign)
[1.544s] Level 1:colcon.colcon_core.environment:create_environment_scripts_only(name_ign)
[1.545s] Level 1:colcon.colcon_core.environment:checking '/home/aimen/auto-weed-removal/ros2_ws/install/name_ign' for CMake module files
[1.545s] Level 1:colcon.colcon_core.environment:checking '/home/aimen/auto-weed-removal/ros2_ws/install/name_ign' for CMake config files
[1.545s] Level 1:colcon.colcon_core.shell:create_environment_hook('name_ign', 'cmake_prefix_path')
[1.546s] INFO:colcon.colcon_core.shell:Creating environment hook '/home/aimen/auto-weed-removal/ros2_ws/install/name_ign/share/name_ign/hook/cmake_prefix_path.ps1'
[1.546s] INFO:colcon.colcon_core.shell:Creating environment descriptor '/home/aimen/auto-weed-removal/ros2_ws/install/name_ign/share/name_ign/hook/cmake_prefix_path.dsv'
[1.546s] INFO:colcon.colcon_core.shell:Creating environment hook '/home/aimen/auto-weed-removal/ros2_ws/install/name_ign/share/name_ign/hook/cmake_prefix_path.sh'
[1.547s] Level 1:colcon.colcon_core.environment:checking '/home/aimen/auto-weed-removal/ros2_ws/install/name_ign/lib'
[1.547s] Level 1:colcon.colcon_core.environment:checking '/home/aimen/auto-weed-removal/ros2_ws/install/name_ign/bin'
[1.547s] Level 1:colcon.colcon_core.environment:checking '/home/aimen/auto-weed-removal/ros2_ws/install/name_ign/lib/pkgconfig/name_ign.pc'
[1.547s] Level 1:colcon.colcon_core.environment:checking '/home/aimen/auto-weed-removal/ros2_ws/install/name_ign/lib/python3.10/site-packages'
[1.548s] Level 1:colcon.colcon_core.environment:checking '/home/aimen/auto-weed-removal/ros2_ws/install/name_ign/bin'
[1.548s] INFO:colcon.colcon_core.shell:Creating package script '/home/aimen/auto-weed-removal/ros2_ws/install/name_ign/share/name_ign/package.ps1'
[1.548s] INFO:colcon.colcon_core.shell:Creating package descriptor '/home/aimen/auto-weed-removal/ros2_ws/install/name_ign/share/name_ign/package.dsv'
[1.549s] INFO:colcon.colcon_core.shell:Creating package script '/home/aimen/auto-weed-removal/ros2_ws/install/name_ign/share/name_ign/package.sh'
[1.549s] INFO:colcon.colcon_core.shell:Creating package script '/home/aimen/auto-weed-removal/ros2_ws/install/name_ign/share/name_ign/package.bash'
[1.549s] INFO:colcon.colcon_core.shell:Creating package script '/home/aimen/auto-weed-removal/ros2_ws/install/name_ign/share/name_ign/package.zsh'
[1.550s] Level 1:colcon.colcon_core.environment:create_file_with_runtime_dependencies(/home/aimen/auto-weed-removal/ros2_ws/install/name_ign/share/colcon-core/packages/name_ign)
[1.550s] DEBUG:colcon.colcon_parallel_executor.executor.parallel:closing loop
[1.550s] DEBUG:colcon.colcon_parallel_executor.executor.parallel:loop closed
[1.550s] DEBUG:colcon.colcon_parallel_executor.executor.parallel:run_until_complete finished with '0'
[1.550s] DEBUG:colcon.colcon_core.event_reactor:joining thread
[1.554s] INFO:colcon.colcon_core.plugin_system:Skipping extension 'colcon_notification.desktop_notification.terminal_notifier': Not used on non-Darwin systems
[1.554s] INFO:colcon.colcon_core.plugin_system:Skipping extension 'colcon_notification.desktop_notification.win32': Not used on non-Windows systems
[1.554s] INFO:colcon.colcon_notification.desktop_notification:Sending desktop notification using 'notify2'
[1.563s] DEBUG:colcon.colcon_core.event_reactor:joined thread
[1.563s] INFO:colcon.colcon_core.shell:Creating prefix script '/home/aimen/auto-weed-removal/ros2_ws/install/local_setup.ps1'
[1.564s] INFO:colcon.colcon_core.shell:Creating prefix util module '/home/aimen/auto-weed-removal/ros2_ws/install/_local_setup_util_ps1.py'
[1.564s] INFO:colcon.colcon_core.shell:Creating prefix chain script '/home/aimen/auto-weed-removal/ros2_ws/install/setup.ps1'
[1.565s] INFO:colcon.colcon_core.shell:Creating prefix script '/home/aimen/auto-weed-removal/ros2_ws/install/local_setup.sh'
[1.565s] INFO:colcon.colcon_core.shell:Creating prefix util module '/home/aimen/auto-weed-removal/ros2_ws/install/_local_setup_util_sh.py'
[1.565s] INFO:colcon.colcon_core.shell:Creating prefix chain script '/home/aimen/auto-weed-removal/ros2_ws/install/setup.sh'
[1.566s] INFO:colcon.colcon_core.shell:Creating prefix script '/home/aimen/auto-weed-removal/ros2_ws/install/local_setup.bash'
[1.566s] INFO:colcon.colcon_core.shell:Creating prefix chain script '/home/aimen/auto-weed-removal/ros2_ws/install/setup.bash'
[1.567s] INFO:colcon.colcon_core.shell:Creating prefix script '/home/aimen/auto-weed-removal/ros2_ws/install/local_setup.zsh'
[1.567s] INFO:colcon.colcon_core.shell:Creating prefix chain script '/home/aimen/auto-weed-removal/ros2_ws/install/setup.zsh'
