[0.007s] Invoking command in '/home/aimen/auto-weed-removal/ros2_ws/build/simulation': CMAKE_PREFIX_PATH=${CMAKE_PREFIX_PATH}:/opt/ros/humble /usr/bin/cmake --build /home/aimen/auto-weed-removal/ros2_ws/build/simulation -- -j20 -l20
[0.021s] -- Found ament_cmake: 1.3.9 (/opt/ros/humble/share/ament_cmake/cmake)
[0.108s] -- Found ament_lint_auto: 0.12.11 (/opt/ros/humble/share/ament_lint_auto/cmake)
[0.155s] -- Added test 'flake8' to check Python code syntax and style conventions
[0.155s] -- Added test 'lint_cmake' to check CMake code style
[0.156s] -- Added test 'pep257' to check Python code against some of the docstring style conventions in PEP 257
[0.159s] -- Added test 'xmllint' to check XML markup files
[0.159s] -- Configuring done
[0.161s] -- Generating done
[0.162s] -- Build files have been written to: /home/aimen/auto-weed-removal/ros2_ws/build/simulation
[0.181s] Invoked command in '/home/aimen/auto-weed-removal/ros2_ws/build/simulation' returned '0': CMAKE_PREFIX_PATH=${CMAKE_PREFIX_PATH}:/opt/ros/humble /usr/bin/cmake --build /home/aimen/auto-weed-removal/ros2_ws/build/simulation -- -j20 -l20
[0.212s] Invoking command in '/home/aimen/auto-weed-removal/ros2_ws/build/simulation': CMAKE_PREFIX_PATH=${CMAKE_PREFIX_PATH}:/opt/ros/humble /usr/bin/cmake --install /home/aimen/auto-weed-removal/ros2_ws/build/simulation
[0.221s] -- Install configuration: ""
[0.221s] -- Installing: /home/aimen/auto-weed-removal/ros2_ws/install/simulation/share/ament_index/resource_index/package_run_dependencies/simulation
[0.221s] -- Installing: /home/aimen/auto-weed-removal/ros2_ws/install/simulation/share/ament_index/resource_index/parent_prefix_path/simulation
[0.221s] -- Installing: /home/aimen/auto-weed-removal/ros2_ws/install/simulation/share/simulation/environment/ament_prefix_path.sh
[0.221s] -- Installing: /home/aimen/auto-weed-removal/ros2_ws/install/simulation/share/simulation/environment/ament_prefix_path.dsv
[0.221s] -- Installing: /home/aimen/auto-weed-removal/ros2_ws/install/simulation/share/simulation/environment/path.sh
[0.221s] -- Installing: /home/aimen/auto-weed-removal/ros2_ws/install/simulation/share/simulation/environment/path.dsv
[0.221s] -- Installing: /home/aimen/auto-weed-removal/ros2_ws/install/simulation/share/simulation/local_setup.bash
[0.222s] -- Installing: /home/aimen/auto-weed-removal/ros2_ws/install/simulation/share/simulation/local_setup.sh
[0.222s] -- Installing: /home/aimen/auto-weed-removal/ros2_ws/install/simulation/share/simulation/local_setup.zsh
[0.222s] -- Installing: /home/aimen/auto-weed-removal/ros2_ws/install/simulation/share/simulation/local_setup.dsv
[0.222s] -- Installing: /home/aimen/auto-weed-removal/ros2_ws/install/simulation/share/simulation/package.dsv
[0.222s] -- Installing: /home/aimen/auto-weed-removal/ros2_ws/install/simulation/share/ament_index/resource_index/packages/simulation
[0.222s] -- Installing: /home/aimen/auto-weed-removal/ros2_ws/install/simulation/share/simulation/cmake/simulationConfig.cmake
[0.222s] -- Installing: /home/aimen/auto-weed-removal/ros2_ws/install/simulation/share/simulation/cmake/simulationConfig-version.cmake
[0.222s] -- Installing: /home/aimen/auto-weed-removal/ros2_ws/install/simulation/share/simulation/package.xml
[0.224s] Invoked command in '/home/aimen/auto-weed-removal/ros2_ws/build/simulation' returned '0': CMAKE_PREFIX_PATH=${CMAKE_PREFIX_PATH}:/opt/ros/humble /usr/bin/cmake --install /home/aimen/auto-weed-removal/ros2_ws/build/simulation
