-- The C compiler identification is GNU 11.4.0
-- The CXX compiler identification is GNU 11.4.0
-- Detecting C compiler ABI info
-- Detecting C compiler ABI info - done
-- Check for working C compiler: /usr/bin/cc - skipped
-- Detecting C compile features
-- Detecting C compile features - done
-- Detecting CXX compiler ABI info
-- Detecting CXX compiler ABI info - done
-- Check for working CXX compiler: /usr/bin/c++ - skipped
-- Detecting CXX compile features
-- Detecting CXX compile features - done
-- Found ament_cmake: 1.3.9 (/opt/ros/humble/share/ament_cmake/cmake)
-- Found Python3: /usr/bin/python3 (found version "3.10.12") found components: Interpreter 
-- Found rclcpp: 16.0.9 (/opt/ros/humble/share/rclcpp/cmake)
-- Found rosidl_generator_c: 3.1.5 (/opt/ros/humble/share/rosidl_generator_c/cmake)
-- Found rosidl_adapter: 3.1.5 (/opt/ros/humble/share/rosidl_adapter/cmake)
-- Found rosidl_generator_cpp: 3.1.5 (/opt/ros/humble/share/rosidl_generator_cpp/cmake)
-- Using all available rosidl_typesupport_c: rosidl_typesupport_fastrtps_c;rosidl_typesupport_introspection_c
-- Using all available rosidl_typesupport_cpp: rosidl_typesupport_fastrtps_cpp;rosidl_typesupport_introspection_cpp
-- Found rmw_implementation_cmake: 6.1.2 (/opt/ros/humble/share/rmw_implementation_cmake/cmake)
-- Found rmw_fastrtps_cpp: 6.2.6 (/opt/ros/humble/share/rmw_fastrtps_cpp/cmake)
-- Found OpenSSL: /usr/lib/x86_64-linux-gnu/libcrypto.so (found version "3.0.2")  
-- Found FastRTPS: /opt/ros/humble/include  
-- Using RMW implementation 'rmw_fastrtps_cpp' as default
-- Looking for pthread.h
-- Looking for pthread.h - found
-- Performing Test CMAKE_HAVE_LIBC_PTHREAD
-- Performing Test CMAKE_HAVE_LIBC_PTHREAD - Success
-- Found Threads: TRUE  
-- Found rclpy: 3.3.13 (/opt/ros/humble/share/rclpy/cmake)
-- Configuring done
-- Generating done
-- Build files have been written to: /home/aimen/auto-weed-removal/ros2_ws/build/name_description
Built target ament_cmake_python_copy_name_description
running egg_info
creating name_description.egg-info
writing name_description.egg-info/PKG-INFO
writing dependency_links to name_description.egg-info/dependency_links.txt
writing top-level names to name_description.egg-info/top_level.txt
writing manifest file 'name_description.egg-info/SOURCES.txt'
reading manifest file 'name_description.egg-info/SOURCES.txt'
writing manifest file 'name_description.egg-info/SOURCES.txt'
Built target ament_cmake_python_build_name_description_egg
-- Install configuration: ""
-- Installing: /home/aimen/auto-weed-removal/ros2_ws/install/name_description/share/name_description/environment/pythonpath.sh
-- Installing: /home/aimen/auto-weed-removal/ros2_ws/install/name_description/share/name_description/environment/pythonpath.dsv
-- Installing: /home/aimen/auto-weed-removal/ros2_ws/install/name_description/local/lib/python3.10/dist-packages/name_description-0.0.0-py3.10.egg-info
-- Installing: /home/aimen/auto-weed-removal/ros2_ws/install/name_description/local/lib/python3.10/dist-packages/name_description-0.0.0-py3.10.egg-info/PKG-INFO
-- Installing: /home/aimen/auto-weed-removal/ros2_ws/install/name_description/local/lib/python3.10/dist-packages/name_description-0.0.0-py3.10.egg-info/SOURCES.txt
-- Installing: /home/aimen/auto-weed-removal/ros2_ws/install/name_description/local/lib/python3.10/dist-packages/name_description-0.0.0-py3.10.egg-info/dependency_links.txt
-- Installing: /home/aimen/auto-weed-removal/ros2_ws/install/name_description/local/lib/python3.10/dist-packages/name_description-0.0.0-py3.10.egg-info/top_level.txt
-- Installing: /home/aimen/auto-weed-removal/ros2_ws/install/name_description/local/lib/python3.10/dist-packages/name_description
-- Installing: /home/aimen/auto-weed-removal/ros2_ws/install/name_description/local/lib/python3.10/dist-packages/name_description/__init__.py
-- Installing: /home/aimen/auto-weed-removal/ros2_ws/install/name_description/local/lib/python3.10/dist-packages/name_description/dummy_module.py
-- Installing: /home/aimen/auto-weed-removal/ros2_ws/install/name_description/local/lib/python3.10/dist-packages/name_description/config_modifier.py
Listing '/home/aimen/auto-weed-removal/ros2_ws/install/name_description/local/lib/python3.10/dist-packages/name_description'...
Compiling '/home/aimen/auto-weed-removal/ros2_ws/install/name_description/local/lib/python3.10/dist-packages/name_description/__init__.py'...
Compiling '/home/aimen/auto-weed-removal/ros2_ws/install/name_description/local/lib/python3.10/dist-packages/name_description/config_modifier.py'...
Compiling '/home/aimen/auto-weed-removal/ros2_ws/install/name_description/local/lib/python3.10/dist-packages/name_description/dummy_module.py'...
-- Installing: /home/aimen/auto-weed-removal/ros2_ws/install/name_description/lib/name_description/inverse_kinematics.py
-- Installing: /home/aimen/auto-weed-removal/ros2_ws/install/name_description/share/name_description/launch
-- Installing: /home/aimen/auto-weed-removal/ros2_ws/install/name_description/share/name_description/launch/display.launch.py
-- Installing: /home/aimen/auto-weed-removal/ros2_ws/install/name_description/share/name_description/robot
-- Installing: /home/aimen/auto-weed-removal/ros2_ws/install/name_description/share/name_description/robot/namespace
-- Installing: /home/aimen/auto-weed-removal/ros2_ws/install/name_description/share/name_description/robot/namespace/dynamics
-- Installing: /home/aimen/auto-weed-removal/ros2_ws/install/name_description/share/name_description/robot/namespace/dynamics/wheel.xacro
-- Installing: /home/aimen/auto-weed-removal/ros2_ws/install/name_description/share/name_description/robot/namespace/dynamics/castor.xacro
-- Installing: /home/aimen/auto-weed-removal/ros2_ws/install/name_description/share/name_description/robot/namespace/dynamics/name.xacro
-- Installing: /home/aimen/auto-weed-removal/ros2_ws/install/name_description/share/name_description/robot/namespace/dynamics/chassis.xacro
-- Installing: /home/aimen/auto-weed-removal/ros2_ws/install/name_description/share/name_description/robot/namespace/dynamics/pole.xacro
-- Installing: /home/aimen/auto-weed-removal/ros2_ws/install/name_description/share/name_description/robot/namespace/dynamics/properties.xacro
-- Installing: /home/aimen/auto-weed-removal/ros2_ws/install/name_description/share/name_description/robot/namespace/visual
-- Installing: /home/aimen/auto-weed-removal/ros2_ws/install/name_description/share/name_description/robot/namespace/visual/wheel.xacro
-- Installing: /home/aimen/auto-weed-removal/ros2_ws/install/name_description/share/name_description/robot/namespace/visual/castor.xacro
-- Installing: /home/aimen/auto-weed-removal/ros2_ws/install/name_description/share/name_description/robot/namespace/visual/name.xacro
-- Installing: /home/aimen/auto-weed-removal/ros2_ws/install/name_description/share/name_description/robot/namespace/visual/chassis.xacro
-- Installing: /home/aimen/auto-weed-removal/ros2_ws/install/name_description/share/name_description/robot/namespace/visual/sensor.xacro
-- Installing: /home/aimen/auto-weed-removal/ros2_ws/install/name_description/share/name_description/robot/namespace/visual/properties.xacro
-- Installing: /home/aimen/auto-weed-removal/ros2_ws/install/name_description/share/name_description/robot/dynamics
-- Installing: /home/aimen/auto-weed-removal/ros2_ws/install/name_description/share/name_description/robot/dynamics/wheel.xacro
-- Installing: /home/aimen/auto-weed-removal/ros2_ws/install/name_description/share/name_description/robot/dynamics/castor.xacro
-- Installing: /home/aimen/auto-weed-removal/ros2_ws/install/name_description/share/name_description/robot/dynamics/name.xacro
-- Installing: /home/aimen/auto-weed-removal/ros2_ws/install/name_description/share/name_description/robot/dynamics/chassis.xacro
-- Installing: /home/aimen/auto-weed-removal/ros2_ws/install/name_description/share/name_description/robot/dynamics/pole.xacro
-- Installing: /home/aimen/auto-weed-removal/ros2_ws/install/name_description/share/name_description/robot/dynamics/properties.xacro
-- Installing: /home/aimen/auto-weed-removal/ros2_ws/install/name_description/share/name_description/robot/visual
-- Installing: /home/aimen/auto-weed-removal/ros2_ws/install/name_description/share/name_description/robot/visual/wheel.xacro
-- Installing: /home/aimen/auto-weed-removal/ros2_ws/install/name_description/share/name_description/robot/visual/castor.xacro
-- Installing: /home/aimen/auto-weed-removal/ros2_ws/install/name_description/share/name_description/robot/visual/name.xacro
-- Installing: /home/aimen/auto-weed-removal/ros2_ws/install/name_description/share/name_description/robot/visual/chassis.xacro
-- Installing: /home/aimen/auto-weed-removal/ros2_ws/install/name_description/share/name_description/robot/visual/sensor.xacro
-- Installing: /home/aimen/auto-weed-removal/ros2_ws/install/name_description/share/name_description/robot/visual/properties.xacro
-- Installing: /home/aimen/auto-weed-removal/ros2_ws/install/name_description/share/name_description/meshes
-- Installing: /home/aimen/auto-weed-removal/ros2_ws/install/name_description/share/name_description/meshes/coconut.stl
-- Installing: /home/aimen/auto-weed-removal/ros2_ws/install/name_description/share/name_description/config
-- Installing: /home/aimen/auto-weed-removal/ros2_ws/install/name_description/share/name_description/config/config.rviz
-- Installing: /home/aimen/auto-weed-removal/ros2_ws/install/name_description/share/name_description/config/properties.yaml
-- Installing: /home/aimen/auto-weed-removal/ros2_ws/install/name_description/share/ament_index/resource_index/package_run_dependencies/name_description
-- Installing: /home/aimen/auto-weed-removal/ros2_ws/install/name_description/share/ament_index/resource_index/parent_prefix_path/name_description
-- Installing: /home/aimen/auto-weed-removal/ros2_ws/install/name_description/share/name_description/environment/ament_prefix_path.sh
-- Installing: /home/aimen/auto-weed-removal/ros2_ws/install/name_description/share/name_description/environment/ament_prefix_path.dsv
-- Installing: /home/aimen/auto-weed-removal/ros2_ws/install/name_description/share/name_description/environment/path.sh
-- Installing: /home/aimen/auto-weed-removal/ros2_ws/install/name_description/share/name_description/environment/path.dsv
-- Installing: /home/aimen/auto-weed-removal/ros2_ws/install/name_description/share/name_description/local_setup.bash
-- Installing: /home/aimen/auto-weed-removal/ros2_ws/install/name_description/share/name_description/local_setup.sh
-- Installing: /home/aimen/auto-weed-removal/ros2_ws/install/name_description/share/name_description/local_setup.zsh
-- Installing: /home/aimen/auto-weed-removal/ros2_ws/install/name_description/share/name_description/local_setup.dsv
-- Installing: /home/aimen/auto-weed-removal/ros2_ws/install/name_description/share/name_description/package.dsv
-- Installing: /home/aimen/auto-weed-removal/ros2_ws/install/name_description/share/ament_index/resource_index/packages/name_description
-- Installing: /home/aimen/auto-weed-removal/ros2_ws/install/name_description/share/name_description/cmake/name_descriptionConfig.cmake
-- Installing: /home/aimen/auto-weed-removal/ros2_ws/install/name_description/share/name_description/cmake/name_descriptionConfig-version.cmake
-- Installing: /home/aimen/auto-weed-removal/ros2_ws/install/name_description/share/name_description/package.xml
