[0.006s] Invoking command in '/home/aimen/auto-weed-removal/ros2_ws/build/name_description': CMAKE_PREFIX_PATH=${CMAKE_PREFIX_PATH}:/opt/ros/humble /usr/bin/cmake /home/aimen/auto-weed-removal/ros2_ws/src/pis_example/name_description -DCMAKE_INSTALL_PREFIX=/home/aimen/auto-weed-removal/ros2_ws/install/name_description
[0.066s] -- The C compiler identification is GNU 11.4.0
[0.123s] -- The CXX compiler identification is GNU 11.4.0
[0.129s] -- Detecting C compiler ABI info
[0.191s] -- Detecting C compiler ABI info - done
[0.196s] -- Check for working C compiler: /usr/bin/cc - skipped
[0.196s] -- Detecting C compile features
[0.196s] -- Detecting C compile features - done
[0.199s] -- Detecting CXX compiler ABI info
[0.277s] -- Detecting CXX compiler ABI info - done
[0.285s] -- Check for working CXX compiler: /usr/bin/c++ - skipped
[0.285s] -- Detecting CXX compile features
[0.286s] -- Detecting CXX compile features - done
[0.287s] -- Found ament_cmake: 1.3.9 (/opt/ros/humble/share/ament_cmake/cmake)
[0.396s] -- Found Python3: /usr/bin/python3 (found version "3.10.12") found components: Interpreter 
[0.456s] -- Found rclcpp: 16.0.9 (/opt/ros/humble/share/rclcpp/cmake)
[0.481s] -- Found rosidl_generator_c: 3.1.5 (/opt/ros/humble/share/rosidl_generator_c/cmake)
[0.484s] -- Found rosidl_adapter: 3.1.5 (/opt/ros/humble/share/rosidl_adapter/cmake)
[0.489s] -- Found rosidl_generator_cpp: 3.1.5 (/opt/ros/humble/share/rosidl_generator_cpp/cmake)
[0.497s] -- Using all available rosidl_typesupport_c: rosidl_typesupport_fastrtps_c;rosidl_typesupport_introspection_c
[0.509s] -- Using all available rosidl_typesupport_cpp: rosidl_typesupport_fastrtps_cpp;rosidl_typesupport_introspection_cpp
[0.552s] -- Found rmw_implementation_cmake: 6.1.2 (/opt/ros/humble/share/rmw_implementation_cmake/cmake)
[0.553s] -- Found rmw_fastrtps_cpp: 6.2.6 (/opt/ros/humble/share/rmw_fastrtps_cpp/cmake)
[0.615s] -- Found OpenSSL: /usr/lib/x86_64-linux-gnu/libcrypto.so (found version "3.0.2")  
[0.636s] -- Found FastRTPS: /opt/ros/humble/include  
[0.667s] -- Using RMW implementation 'rmw_fastrtps_cpp' as default
[0.673s] -- Looking for pthread.h
[0.733s] -- Looking for pthread.h - found
[0.733s] -- Performing Test CMAKE_HAVE_LIBC_PTHREAD
[0.802s] -- Performing Test CMAKE_HAVE_LIBC_PTHREAD - Success
[0.803s] -- Found Threads: TRUE  
[0.905s] -- Found rclpy: 3.3.13 (/opt/ros/humble/share/rclpy/cmake)
[1.001s] -- Configuring done
[1.003s] -- Generating done
[1.004s] -- Build files have been written to: /home/aimen/auto-weed-removal/ros2_ws/build/name_description
[1.010s] Invoked command in '/home/aimen/auto-weed-removal/ros2_ws/build/name_description' returned '0': CMAKE_PREFIX_PATH=${CMAKE_PREFIX_PATH}:/opt/ros/humble /usr/bin/cmake /home/aimen/auto-weed-removal/ros2_ws/src/pis_example/name_description -DCMAKE_INSTALL_PREFIX=/home/aimen/auto-weed-removal/ros2_ws/install/name_description
[1.011s] Invoking command in '/home/aimen/auto-weed-removal/ros2_ws/build/name_description': CMAKE_PREFIX_PATH=${CMAKE_PREFIX_PATH}:/opt/ros/humble /usr/bin/cmake --build /home/aimen/auto-weed-removal/ros2_ws/build/name_description -- -j20 -l20
[1.065s] Built target ament_cmake_python_copy_name_description
[1.250s] running egg_info
[1.250s] creating name_description.egg-info
[1.250s] writing name_description.egg-info/PKG-INFO
[1.250s] writing dependency_links to name_description.egg-info/dependency_links.txt
[1.250s] writing top-level names to name_description.egg-info/top_level.txt
[1.250s] writing manifest file 'name_description.egg-info/SOURCES.txt'
[1.252s] reading manifest file 'name_description.egg-info/SOURCES.txt'
[1.252s] writing manifest file 'name_description.egg-info/SOURCES.txt'
[1.268s] Built target ament_cmake_python_build_name_description_egg
[1.276s] Invoked command in '/home/aimen/auto-weed-removal/ros2_ws/build/name_description' returned '0': CMAKE_PREFIX_PATH=${CMAKE_PREFIX_PATH}:/opt/ros/humble /usr/bin/cmake --build /home/aimen/auto-weed-removal/ros2_ws/build/name_description -- -j20 -l20
[1.300s] Invoking command in '/home/aimen/auto-weed-removal/ros2_ws/build/name_description': CMAKE_PREFIX_PATH=${CMAKE_PREFIX_PATH}:/opt/ros/humble /usr/bin/cmake --install /home/aimen/auto-weed-removal/ros2_ws/build/name_description
[1.308s] -- Install configuration: ""
[1.308s] -- Installing: /home/aimen/auto-weed-removal/ros2_ws/install/name_description/share/name_description/environment/pythonpath.sh
[1.308s] -- Installing: /home/aimen/auto-weed-removal/ros2_ws/install/name_description/share/name_description/environment/pythonpath.dsv
[1.308s] -- Installing: /home/aimen/auto-weed-removal/ros2_ws/install/name_description/local/lib/python3.10/dist-packages/name_description-0.0.0-py3.10.egg-info
[1.308s] -- Installing: /home/aimen/auto-weed-removal/ros2_ws/install/name_description/local/lib/python3.10/dist-packages/name_description-0.0.0-py3.10.egg-info/PKG-INFO
[1.308s] -- Installing: /home/aimen/auto-weed-removal/ros2_ws/install/name_description/local/lib/python3.10/dist-packages/name_description-0.0.0-py3.10.egg-info/SOURCES.txt
[1.308s] -- Installing: /home/aimen/auto-weed-removal/ros2_ws/install/name_description/local/lib/python3.10/dist-packages/name_description-0.0.0-py3.10.egg-info/dependency_links.txt
[1.309s] -- Installing: /home/aimen/auto-weed-removal/ros2_ws/install/name_description/local/lib/python3.10/dist-packages/name_description-0.0.0-py3.10.egg-info/top_level.txt
[1.309s] -- Installing: /home/aimen/auto-weed-removal/ros2_ws/install/name_description/local/lib/python3.10/dist-packages/name_description
[1.309s] -- Installing: /home/aimen/auto-weed-removal/ros2_ws/install/name_description/local/lib/python3.10/dist-packages/name_description/__init__.py
[1.309s] -- Installing: /home/aimen/auto-weed-removal/ros2_ws/install/name_description/local/lib/python3.10/dist-packages/name_description/dummy_module.py
[1.309s] -- Installing: /home/aimen/auto-weed-removal/ros2_ws/install/name_description/local/lib/python3.10/dist-packages/name_description/config_modifier.py
[1.337s] Listing '/home/aimen/auto-weed-removal/ros2_ws/install/name_description/local/lib/python3.10/dist-packages/name_description'...
[1.337s] Compiling '/home/aimen/auto-weed-removal/ros2_ws/install/name_description/local/lib/python3.10/dist-packages/name_description/__init__.py'...
[1.337s] Compiling '/home/aimen/auto-weed-removal/ros2_ws/install/name_description/local/lib/python3.10/dist-packages/name_description/config_modifier.py'...
[1.337s] Compiling '/home/aimen/auto-weed-removal/ros2_ws/install/name_description/local/lib/python3.10/dist-packages/name_description/dummy_module.py'...
[1.340s] -- Installing: /home/aimen/auto-weed-removal/ros2_ws/install/name_description/lib/name_description/inverse_kinematics.py
[1.340s] -- Installing: /home/aimen/auto-weed-removal/ros2_ws/install/name_description/share/name_description/launch
[1.340s] -- Installing: /home/aimen/auto-weed-removal/ros2_ws/install/name_description/share/name_description/launch/display.launch.py
[1.340s] -- Installing: /home/aimen/auto-weed-removal/ros2_ws/install/name_description/share/name_description/robot
[1.340s] -- Installing: /home/aimen/auto-weed-removal/ros2_ws/install/name_description/share/name_description/robot/namespace
[1.341s] -- Installing: /home/aimen/auto-weed-removal/ros2_ws/install/name_description/share/name_description/robot/namespace/dynamics
[1.341s] -- Installing: /home/aimen/auto-weed-removal/ros2_ws/install/name_description/share/name_description/robot/namespace/dynamics/wheel.xacro
[1.341s] -- Installing: /home/aimen/auto-weed-removal/ros2_ws/install/name_description/share/name_description/robot/namespace/dynamics/castor.xacro
[1.341s] -- Installing: /home/aimen/auto-weed-removal/ros2_ws/install/name_description/share/name_description/robot/namespace/dynamics/name.xacro
[1.341s] -- Installing: /home/aimen/auto-weed-removal/ros2_ws/install/name_description/share/name_description/robot/namespace/dynamics/chassis.xacro
[1.341s] -- Installing: /home/aimen/auto-weed-removal/ros2_ws/install/name_description/share/name_description/robot/namespace/dynamics/pole.xacro
[1.341s] -- Installing: /home/aimen/auto-weed-removal/ros2_ws/install/name_description/share/name_description/robot/namespace/dynamics/properties.xacro
[1.341s] -- Installing: /home/aimen/auto-weed-removal/ros2_ws/install/name_description/share/name_description/robot/namespace/visual
[1.341s] -- Installing: /home/aimen/auto-weed-removal/ros2_ws/install/name_description/share/name_description/robot/namespace/visual/wheel.xacro
[1.341s] -- Installing: /home/aimen/auto-weed-removal/ros2_ws/install/name_description/share/name_description/robot/namespace/visual/castor.xacro
[1.341s] -- Installing: /home/aimen/auto-weed-removal/ros2_ws/install/name_description/share/name_description/robot/namespace/visual/name.xacro
[1.341s] -- Installing: /home/aimen/auto-weed-removal/ros2_ws/install/name_description/share/name_description/robot/namespace/visual/chassis.xacro
[1.341s] -- Installing: /home/aimen/auto-weed-removal/ros2_ws/install/name_description/share/name_description/robot/namespace/visual/sensor.xacro
[1.341s] -- Installing: /home/aimen/auto-weed-removal/ros2_ws/install/name_description/share/name_description/robot/namespace/visual/properties.xacro
[1.341s] -- Installing: /home/aimen/auto-weed-removal/ros2_ws/install/name_description/share/name_description/robot/dynamics
[1.341s] -- Installing: /home/aimen/auto-weed-removal/ros2_ws/install/name_description/share/name_description/robot/dynamics/wheel.xacro
[1.341s] -- Installing: /home/aimen/auto-weed-removal/ros2_ws/install/name_description/share/name_description/robot/dynamics/castor.xacro
[1.341s] -- Installing: /home/aimen/auto-weed-removal/ros2_ws/install/name_description/share/name_description/robot/dynamics/name.xacro
[1.341s] -- Installing: /home/aimen/auto-weed-removal/ros2_ws/install/name_description/share/name_description/robot/dynamics/chassis.xacro
[1.341s] -- Installing: /home/aimen/auto-weed-removal/ros2_ws/install/name_description/share/name_description/robot/dynamics/pole.xacro
[1.341s] -- Installing: /home/aimen/auto-weed-removal/ros2_ws/install/name_description/share/name_description/robot/dynamics/properties.xacro
[1.341s] -- Installing: /home/aimen/auto-weed-removal/ros2_ws/install/name_description/share/name_description/robot/visual
[1.341s] -- Installing: /home/aimen/auto-weed-removal/ros2_ws/install/name_description/share/name_description/robot/visual/wheel.xacro
[1.342s] -- Installing: /home/aimen/auto-weed-removal/ros2_ws/install/name_description/share/name_description/robot/visual/castor.xacro
[1.342s] -- Installing: /home/aimen/auto-weed-removal/ros2_ws/install/name_description/share/name_description/robot/visual/name.xacro
[1.342s] -- Installing: /home/aimen/auto-weed-removal/ros2_ws/install/name_description/share/name_description/robot/visual/chassis.xacro
[1.342s] -- Installing: /home/aimen/auto-weed-removal/ros2_ws/install/name_description/share/name_description/robot/visual/sensor.xacro
[1.342s] -- Installing: /home/aimen/auto-weed-removal/ros2_ws/install/name_description/share/name_description/robot/visual/properties.xacro
[1.342s] -- Installing: /home/aimen/auto-weed-removal/ros2_ws/install/name_description/share/name_description/meshes
[1.342s] -- Installing: /home/aimen/auto-weed-removal/ros2_ws/install/name_description/share/name_description/meshes/coconut.stl
[1.342s] -- Installing: /home/aimen/auto-weed-removal/ros2_ws/install/name_description/share/name_description/config
[1.342s] -- Installing: /home/aimen/auto-weed-removal/ros2_ws/install/name_description/share/name_description/config/config.rviz
[1.342s] -- Installing: /home/aimen/auto-weed-removal/ros2_ws/install/name_description/share/name_description/config/properties.yaml
[1.342s] -- Installing: /home/aimen/auto-weed-removal/ros2_ws/install/name_description/share/ament_index/resource_index/package_run_dependencies/name_description
[1.342s] -- Installing: /home/aimen/auto-weed-removal/ros2_ws/install/name_description/share/ament_index/resource_index/parent_prefix_path/name_description
[1.342s] -- Installing: /home/aimen/auto-weed-removal/ros2_ws/install/name_description/share/name_description/environment/ament_prefix_path.sh
[1.342s] -- Installing: /home/aimen/auto-weed-removal/ros2_ws/install/name_description/share/name_description/environment/ament_prefix_path.dsv
[1.342s] -- Installing: /home/aimen/auto-weed-removal/ros2_ws/install/name_description/share/name_description/environment/path.sh
[1.342s] -- Installing: /home/aimen/auto-weed-removal/ros2_ws/install/name_description/share/name_description/environment/path.dsv
[1.342s] -- Installing: /home/aimen/auto-weed-removal/ros2_ws/install/name_description/share/name_description/local_setup.bash
[1.342s] -- Installing: /home/aimen/auto-weed-removal/ros2_ws/install/name_description/share/name_description/local_setup.sh
[1.342s] -- Installing: /home/aimen/auto-weed-removal/ros2_ws/install/name_description/share/name_description/local_setup.zsh
[1.342s] -- Installing: /home/aimen/auto-weed-removal/ros2_ws/install/name_description/share/name_description/local_setup.dsv
[1.342s] -- Installing: /home/aimen/auto-weed-removal/ros2_ws/install/name_description/share/name_description/package.dsv
[1.342s] -- Installing: /home/aimen/auto-weed-removal/ros2_ws/install/name_description/share/ament_index/resource_index/packages/name_description
[1.342s] -- Installing: /home/aimen/auto-weed-removal/ros2_ws/install/name_description/share/name_description/cmake/name_descriptionConfig.cmake
[1.342s] -- Installing: /home/aimen/auto-weed-removal/ros2_ws/install/name_description/share/name_description/cmake/name_descriptionConfig-version.cmake
[1.342s] -- Installing: /home/aimen/auto-weed-removal/ros2_ws/install/name_description/share/name_description/package.xml
[1.344s] Invoked command in '/home/aimen/auto-weed-removal/ros2_ws/build/name_description' returned '0': CMAKE_PREFIX_PATH=${CMAKE_PREFIX_PATH}:/opt/ros/humble /usr/bin/cmake --install /home/aimen/auto-weed-removal/ros2_ws/build/name_description
